{"/home/nursca/Invoice-Liquidity-Network/backend/sdk/src/client.ts": {"path":"/home/nursca/Invoice-Liquidity-Network/backend/sdk/src/client.ts","all":false,"statementMap":{"0":{"start":{"line":1,"column":0},"end":{"line":1,"column":3}},"1":{"start":{"line":2,"column":0},"end":{"line":2,"column":65}},"2":{"start":{"line":3,"column":0},"end":{"line":3,"column":2}},"3":{"start":{"line":4,"column":0},"end":{"line":4,"column":70}},"4":{"start":{"line":5,"column":0},"end":{"line":5,"column":32}},"5":{"start":{"line":6,"column":0},"end":{"line":6,"column":2}},"6":{"start":{"line":7,"column":0},"end":{"line":7,"column":8}},"7":{"start":{"line":8,"column":0},"end":{"line":8,"column":40}},"8":{"start":{"line":9,"column":0},"end":{"line":9,"column":2}},"9":{"start":{"line":10,"column":0},"end":{"line":10,"column":44}},"10":{"start":{"line":11,"column":0},"end":{"line":11,"column":57}},"11":{"start":{"line":12,"column":0},"end":{"line":12,"column":6}},"12":{"start":{"line":13,"column":0},"end":{"line":13,"column":2}},"13":{"start":{"line":14,"column":0},"end":{"line":14,"column":18}},"14":{"start":{"line":15,"column":0},"end":{"line":15,"column":2}},"15":{"start":{"line":16,"column":0},"end":{"line":16,"column":74}},"16":{"start":{"line":17,"column":0},"end":{"line":17,"column":70}},"17":{"start":{"line":18,"column":0},"end":{"line":18,"column":63}},"18":{"start":{"line":19,"column":0},"end":{"line":19,"column":3}},"19":{"start":{"line":20,"column":0},"end":{"line":20,"column":0}},"20":{"start":{"line":21,"column":0},"end":{"line":21,"column":50}},"21":{"start":{"line":22,"column":0},"end":{"line":22,"column":52}},"22":{"start":{"line":23,"column":0},"end":{"line":23,"column":0}},"23":{"start":{"line":24,"column":0},"end":{"line":24,"column":78}},"24":{"start":{"line":25,"column":0},"end":{"line":25,"column":11}},"25":{"start":{"line":26,"column":0},"end":{"line":26,"column":78}},"26":{"start":{"line":27,"column":0},"end":{"line":27,"column":0}},"27":{"start":{"line":28,"column":0},"end":{"line":28,"column":3}},"28":{"start":{"line":29,"column":0},"end":{"line":29,"column":51}},"29":{"start":{"line":30,"column":0},"end":{"line":30,"column":3}},"30":{"start":{"line":31,"column":0},"end":{"line":31,"column":69}},"31":{"start":{"line":32,"column":0},"end":{"line":32,"column":0}},"32":{"start":{"line":33,"column":0},"end":{"line":33,"column":3}},"33":{"start":{"line":34,"column":0},"end":{"line":34,"column":60}},"34":{"start":{"line":35,"column":0},"end":{"line":35,"column":3}},"35":{"start":{"line":36,"column":0},"end":{"line":36,"column":61}},"36":{"start":{"line":37,"column":0},"end":{"line":37,"column":0}},"37":{"start":{"line":38,"column":0},"end":{"line":38,"column":78}},"38":{"start":{"line":39,"column":0},"end":{"line":39,"column":22}},"39":{"start":{"line":40,"column":0},"end":{"line":40,"column":78}},"40":{"start":{"line":41,"column":0},"end":{"line":41,"column":0}},"41":{"start":{"line":42,"column":0},"end":{"line":42,"column":49}},"42":{"start":{"line":43,"column":0},"end":{"line":43,"column":34}},"43":{"start":{"line":44,"column":0},"end":{"line":44,"column":34}},"44":{"start":{"line":45,"column":0},"end":{"line":45,"column":17}},"45":{"start":{"line":46,"column":0},"end":{"line":46,"column":62}},"46":{"start":{"line":47,"column":0},"end":{"line":47,"column":28}},"47":{"start":{"line":48,"column":0},"end":{"line":48,"column":53}},"48":{"start":{"line":49,"column":0},"end":{"line":49,"column":21}},"49":{"start":{"line":50,"column":0},"end":{"line":50,"column":5}},"50":{"start":{"line":51,"column":0},"end":{"line":51,"column":80}},"51":{"start":{"line":52,"column":0},"end":{"line":52,"column":64}},"52":{"start":{"line":53,"column":0},"end":{"line":53,"column":5}},"53":{"start":{"line":54,"column":0},"end":{"line":54,"column":19}},"54":{"start":{"line":55,"column":0},"end":{"line":55,"column":1}},"55":{"start":{"line":56,"column":0},"end":{"line":56,"column":0}},"56":{"start":{"line":57,"column":0},"end":{"line":57,"column":78}},"57":{"start":{"line":58,"column":0},"end":{"line":58,"column":12}},"58":{"start":{"line":59,"column":0},"end":{"line":59,"column":78}},"59":{"start":{"line":60,"column":0},"end":{"line":60,"column":0}},"60":{"start":{"line":61,"column":0},"end":{"line":61,"column":3}},"61":{"start":{"line":62,"column":0},"end":{"line":62,"column":66}},"62":{"start":{"line":63,"column":0},"end":{"line":63,"column":2}},"63":{"start":{"line":64,"column":0},"end":{"line":64,"column":11}},"64":{"start":{"line":65,"column":0},"end":{"line":65,"column":8}},"65":{"start":{"line":66,"column":0},"end":{"line":66,"column":13}},"66":{"start":{"line":67,"column":0},"end":{"line":67,"column":46}},"67":{"start":{"line":68,"column":0},"end":{"line":68,"column":2}},"68":{"start":{"line":69,"column":0},"end":{"line":69,"column":44}},"69":{"start":{"line":70,"column":0},"end":{"line":70,"column":36}},"70":{"start":{"line":71,"column":0},"end":{"line":71,"column":49}},"71":{"start":{"line":72,"column":0},"end":{"line":72,"column":44}},"72":{"start":{"line":73,"column":0},"end":{"line":73,"column":32}},"73":{"start":{"line":74,"column":0},"end":{"line":74,"column":22}},"74":{"start":{"line":75,"column":0},"end":{"line":75,"column":6}},"75":{"start":{"line":76,"column":0},"end":{"line":76,"column":6}},"76":{"start":{"line":77,"column":0},"end":{"line":77,"column":3}},"77":{"start":{"line":78,"column":0},"end":{"line":78,"column":24}},"78":{"start":{"line":79,"column":0},"end":{"line":79,"column":37}},"79":{"start":{"line":80,"column":0},"end":{"line":80,"column":34}},"80":{"start":{"line":81,"column":0},"end":{"line":81,"column":36}},"81":{"start":{"line":82,"column":0},"end":{"line":82,"column":37}},"82":{"start":{"line":83,"column":0},"end":{"line":83,"column":53}},"83":{"start":{"line":84,"column":0},"end":{"line":84,"column":30}},"84":{"start":{"line":85,"column":0},"end":{"line":85,"column":51}},"85":{"start":{"line":86,"column":0},"end":{"line":86,"column":40}},"86":{"start":{"line":87,"column":0},"end":{"line":87,"column":0}},"87":{"start":{"line":88,"column":0},"end":{"line":88,"column":50}},"88":{"start":{"line":89,"column":0},"end":{"line":89,"column":82}},"89":{"start":{"line":90,"column":0},"end":{"line":90,"column":83}},"90":{"start":{"line":91,"column":0},"end":{"line":91,"column":79}},"91":{"start":{"line":92,"column":0},"end":{"line":92,"column":82}},"92":{"start":{"line":93,"column":0},"end":{"line":93,"column":83}},"93":{"start":{"line":94,"column":0},"end":{"line":94,"column":77}},"94":{"start":{"line":95,"column":0},"end":{"line":95,"column":75}},"95":{"start":{"line":96,"column":0},"end":{"line":96,"column":85}},"96":{"start":{"line":97,"column":0},"end":{"line":97,"column":95}},"97":{"start":{"line":98,"column":0},"end":{"line":98,"column":102}},"98":{"start":{"line":99,"column":0},"end":{"line":99,"column":95}},"99":{"start":{"line":100,"column":0},"end":{"line":100,"column":0}},"100":{"start":{"line":101,"column":0},"end":{"line":101,"column":40}},"101":{"start":{"line":102,"column":0},"end":{"line":102,"column":52}},"102":{"start":{"line":103,"column":0},"end":{"line":103,"column":54}},"103":{"start":{"line":104,"column":0},"end":{"line":104,"column":40}},"104":{"start":{"line":105,"column":0},"end":{"line":105,"column":32}},"105":{"start":{"line":106,"column":0},"end":{"line":106,"column":3}},"106":{"start":{"line":107,"column":0},"end":{"line":107,"column":0}},"107":{"start":{"line":108,"column":0},"end":{"line":108,"column":79}},"108":{"start":{"line":109,"column":0},"end":{"line":109,"column":20}},"109":{"start":{"line":110,"column":0},"end":{"line":110,"column":79}},"110":{"start":{"line":111,"column":0},"end":{"line":111,"column":0}},"111":{"start":{"line":112,"column":0},"end":{"line":112,"column":5}},"112":{"start":{"line":113,"column":0},"end":{"line":113,"column":56}},"113":{"start":{"line":114,"column":0},"end":{"line":114,"column":4}},"114":{"start":{"line":115,"column":0},"end":{"line":115,"column":64}},"115":{"start":{"line":116,"column":0},"end":{"line":116,"column":61}},"116":{"start":{"line":117,"column":0},"end":{"line":117,"column":4}},"117":{"start":{"line":118,"column":0},"end":{"line":118,"column":13}},"118":{"start":{"line":119,"column":0},"end":{"line":119,"column":10}},"119":{"start":{"line":120,"column":0},"end":{"line":120,"column":55}},"120":{"start":{"line":121,"column":0},"end":{"line":121,"column":8}},"121":{"start":{"line":122,"column":0},"end":{"line":122,"column":5}},"122":{"start":{"line":123,"column":0},"end":{"line":123,"column":17}},"123":{"start":{"line":124,"column":0},"end":{"line":124,"column":21}},"124":{"start":{"line":125,"column":0},"end":{"line":125,"column":54}},"125":{"start":{"line":126,"column":0},"end":{"line":126,"column":16}},"126":{"start":{"line":127,"column":0},"end":{"line":127,"column":26}},"127":{"start":{"line":128,"column":0},"end":{"line":128,"column":49}},"128":{"start":{"line":129,"column":0},"end":{"line":129,"column":61}},"129":{"start":{"line":130,"column":0},"end":{"line":130,"column":17}},"130":{"start":{"line":131,"column":0},"end":{"line":131,"column":30}},"131":{"start":{"line":132,"column":0},"end":{"line":132,"column":71}},"132":{"start":{"line":133,"column":0},"end":{"line":133,"column":77}},"133":{"start":{"line":134,"column":0},"end":{"line":134,"column":67}},"134":{"start":{"line":135,"column":0},"end":{"line":135,"column":36}},"135":{"start":{"line":136,"column":0},"end":{"line":136,"column":7}},"136":{"start":{"line":137,"column":0},"end":{"line":137,"column":3}},"137":{"start":{"line":138,"column":0},"end":{"line":138,"column":0}},"138":{"start":{"line":139,"column":0},"end":{"line":139,"column":5}},"139":{"start":{"line":140,"column":0},"end":{"line":140,"column":65}},"140":{"start":{"line":141,"column":0},"end":{"line":141,"column":4}},"141":{"start":{"line":142,"column":0},"end":{"line":142,"column":64}},"142":{"start":{"line":143,"column":0},"end":{"line":143,"column":61}},"143":{"start":{"line":144,"column":0},"end":{"line":144,"column":4}},"144":{"start":{"line":145,"column":0},"end":{"line":145,"column":13}},"145":{"start":{"line":146,"column":0},"end":{"line":146,"column":10}},"146":{"start":{"line":147,"column":0},"end":{"line":147,"column":55}},"147":{"start":{"line":148,"column":0},"end":{"line":148,"column":8}},"148":{"start":{"line":149,"column":0},"end":{"line":149,"column":5}},"149":{"start":{"line":150,"column":0},"end":{"line":150,"column":17}},"150":{"start":{"line":151,"column":0},"end":{"line":151,"column":21}},"151":{"start":{"line":152,"column":0},"end":{"line":152,"column":54}},"152":{"start":{"line":153,"column":0},"end":{"line":153,"column":16}},"153":{"start":{"line":154,"column":0},"end":{"line":154,"column":69}},"154":{"start":{"line":155,"column":0},"end":{"line":155,"column":76}},"155":{"start":{"line":156,"column":0},"end":{"line":156,"column":26}},"156":{"start":{"line":157,"column":0},"end":{"line":157,"column":49}},"157":{"start":{"line":158,"column":0},"end":{"line":158,"column":74}},"158":{"start":{"line":159,"column":0},"end":{"line":159,"column":17}},"159":{"start":{"line":160,"column":0},"end":{"line":160,"column":30}},"160":{"start":{"line":161,"column":0},"end":{"line":161,"column":81}},"161":{"start":{"line":162,"column":0},"end":{"line":162,"column":11}},"162":{"start":{"line":163,"column":0},"end":{"line":163,"column":36}},"163":{"start":{"line":164,"column":0},"end":{"line":164,"column":7}},"164":{"start":{"line":165,"column":0},"end":{"line":165,"column":3}},"165":{"start":{"line":166,"column":0},"end":{"line":166,"column":0}},"166":{"start":{"line":167,"column":0},"end":{"line":167,"column":5}},"167":{"start":{"line":168,"column":0},"end":{"line":168,"column":53}},"168":{"start":{"line":169,"column":0},"end":{"line":169,"column":4}},"169":{"start":{"line":170,"column":0},"end":{"line":170,"column":71}},"170":{"start":{"line":171,"column":0},"end":{"line":171,"column":33}},"171":{"start":{"line":172,"column":0},"end":{"line":172,"column":4}},"172":{"start":{"line":173,"column":0},"end":{"line":173,"column":41}},"173":{"start":{"line":174,"column":0},"end":{"line":174,"column":5}},"174":{"start":{"line":175,"column":0},"end":{"line":175,"column":53}},"175":{"start":{"line":176,"column":0},"end":{"line":176,"column":33}},"176":{"start":{"line":177,"column":0},"end":{"line":177,"column":3}},"177":{"start":{"line":178,"column":0},"end":{"line":178,"column":0}},"178":{"start":{"line":179,"column":0},"end":{"line":179,"column":79}},"179":{"start":{"line":180,"column":0},"end":{"line":180,"column":12}},"180":{"start":{"line":181,"column":0},"end":{"line":181,"column":79}},"181":{"start":{"line":182,"column":0},"end":{"line":182,"column":0}},"182":{"start":{"line":183,"column":0},"end":{"line":183,"column":5}},"183":{"start":{"line":184,"column":0},"end":{"line":184,"column":58}},"184":{"start":{"line":185,"column":0},"end":{"line":185,"column":4}},"185":{"start":{"line":186,"column":0},"end":{"line":186,"column":42}},"186":{"start":{"line":187,"column":0},"end":{"line":187,"column":4}},"187":{"start":{"line":188,"column":0},"end":{"line":188,"column":49}},"188":{"start":{"line":189,"column":0},"end":{"line":189,"column":62}},"189":{"start":{"line":190,"column":0},"end":{"line":190,"column":5}},"190":{"start":{"line":191,"column":0},"end":{"line":191,"column":22}},"191":{"start":{"line":192,"column":0},"end":{"line":192,"column":19}},"192":{"start":{"line":193,"column":0},"end":{"line":193,"column":67}},"193":{"start":{"line":194,"column":0},"end":{"line":194,"column":31}},"194":{"start":{"line":195,"column":0},"end":{"line":195,"column":69}},"195":{"start":{"line":196,"column":0},"end":{"line":196,"column":23}},"196":{"start":{"line":197,"column":0},"end":{"line":197,"column":5}},"197":{"start":{"line":198,"column":0},"end":{"line":198,"column":91}},"198":{"start":{"line":199,"column":0},"end":{"line":199,"column":3}},"199":{"start":{"line":200,"column":0},"end":{"line":200,"column":0}},"200":{"start":{"line":201,"column":0},"end":{"line":201,"column":5}},"201":{"start":{"line":202,"column":0},"end":{"line":202,"column":36}},"202":{"start":{"line":203,"column":0},"end":{"line":203,"column":4}},"203":{"start":{"line":204,"column":0},"end":{"line":204,"column":42}},"204":{"start":{"line":205,"column":0},"end":{"line":205,"column":4}},"205":{"start":{"line":206,"column":0},"end":{"line":206,"column":27}},"206":{"start":{"line":207,"column":0},"end":{"line":207,"column":5}},"207":{"start":{"line":208,"column":0},"end":{"line":208,"column":36}},"208":{"start":{"line":209,"column":0},"end":{"line":209,"column":46}},"209":{"start":{"line":210,"column":0},"end":{"line":210,"column":5}},"210":{"start":{"line":211,"column":0},"end":{"line":211,"column":34}},"211":{"start":{"line":212,"column":0},"end":{"line":212,"column":67}},"212":{"start":{"line":213,"column":0},"end":{"line":213,"column":26}},"213":{"start":{"line":214,"column":0},"end":{"line":214,"column":5}},"214":{"start":{"line":215,"column":0},"end":{"line":215,"column":85}},"215":{"start":{"line":216,"column":0},"end":{"line":216,"column":3}},"216":{"start":{"line":217,"column":0},"end":{"line":217,"column":0}},"217":{"start":{"line":218,"column":0},"end":{"line":218,"column":5}},"218":{"start":{"line":219,"column":0},"end":{"line":219,"column":38}},"219":{"start":{"line":220,"column":0},"end":{"line":220,"column":4}},"220":{"start":{"line":221,"column":0},"end":{"line":221,"column":42}},"221":{"start":{"line":222,"column":0},"end":{"line":222,"column":4}},"222":{"start":{"line":223,"column":0},"end":{"line":223,"column":68}},"223":{"start":{"line":224,"column":0},"end":{"line":224,"column":63}},"224":{"start":{"line":225,"column":0},"end":{"line":225,"column":5}},"225":{"start":{"line":226,"column":0},"end":{"line":226,"column":21}},"226":{"start":{"line":227,"column":0},"end":{"line":227,"column":22}},"227":{"start":{"line":228,"column":0},"end":{"line":228,"column":64}},"228":{"start":{"line":229,"column":0},"end":{"line":229,"column":30}},"229":{"start":{"line":230,"column":0},"end":{"line":230,"column":67}},"230":{"start":{"line":231,"column":0},"end":{"line":231,"column":22}},"231":{"start":{"line":232,"column":0},"end":{"line":232,"column":5}},"232":{"start":{"line":233,"column":0},"end":{"line":233,"column":88}},"233":{"start":{"line":234,"column":0},"end":{"line":234,"column":3}},"234":{"start":{"line":235,"column":0},"end":{"line":235,"column":0}},"235":{"start":{"line":236,"column":0},"end":{"line":236,"column":5}},"236":{"start":{"line":237,"column":0},"end":{"line":237,"column":61}},"237":{"start":{"line":238,"column":0},"end":{"line":238,"column":4}},"238":{"start":{"line":239,"column":0},"end":{"line":239,"column":42}},"239":{"start":{"line":240,"column":0},"end":{"line":240,"column":4}},"240":{"start":{"line":241,"column":0},"end":{"line":241,"column":67}},"241":{"start":{"line":242,"column":0},"end":{"line":242,"column":59}},"242":{"start":{"line":243,"column":0},"end":{"line":243,"column":93}},"243":{"start":{"line":244,"column":0},"end":{"line":244,"column":54}},"244":{"start":{"line":245,"column":0},"end":{"line":245,"column":5}},"245":{"start":{"line":246,"column":0},"end":{"line":246,"column":22}},"246":{"start":{"line":247,"column":0},"end":{"line":247,"column":15}},"247":{"start":{"line":248,"column":0},"end":{"line":248,"column":21}},"248":{"start":{"line":249,"column":0},"end":{"line":249,"column":25}},"249":{"start":{"line":250,"column":0},"end":{"line":250,"column":60}},"250":{"start":{"line":251,"column":0},"end":{"line":251,"column":31}},"251":{"start":{"line":252,"column":0},"end":{"line":252,"column":69}},"252":{"start":{"line":253,"column":0},"end":{"line":253,"column":23}},"253":{"start":{"line":254,"column":0},"end":{"line":254,"column":5}},"254":{"start":{"line":255,"column":0},"end":{"line":255,"column":102}},"255":{"start":{"line":256,"column":0},"end":{"line":256,"column":3}},"256":{"start":{"line":257,"column":0},"end":{"line":257,"column":0}},"257":{"start":{"line":258,"column":0},"end":{"line":258,"column":5}},"258":{"start":{"line":259,"column":0},"end":{"line":259,"column":46}},"259":{"start":{"line":260,"column":0},"end":{"line":260,"column":4}},"260":{"start":{"line":261,"column":0},"end":{"line":261,"column":78}},"261":{"start":{"line":262,"column":0},"end":{"line":262,"column":5}},"262":{"start":{"line":263,"column":0},"end":{"line":263,"column":32}},"263":{"start":{"line":264,"column":0},"end":{"line":264,"column":35}},"264":{"start":{"line":265,"column":0},"end":{"line":265,"column":22}},"265":{"start":{"line":266,"column":0},"end":{"line":266,"column":32}},"266":{"start":{"line":267,"column":0},"end":{"line":267,"column":85}},"267":{"start":{"line":268,"column":0},"end":{"line":268,"column":5}},"268":{"start":{"line":269,"column":0},"end":{"line":269,"column":91}},"269":{"start":{"line":270,"column":0},"end":{"line":270,"column":3}},"270":{"start":{"line":271,"column":0},"end":{"line":271,"column":0}},"271":{"start":{"line":272,"column":0},"end":{"line":272,"column":5}},"272":{"start":{"line":273,"column":0},"end":{"line":273,"column":49}},"273":{"start":{"line":274,"column":0},"end":{"line":274,"column":4}},"274":{"start":{"line":275,"column":0},"end":{"line":275,"column":78}},"275":{"start":{"line":276,"column":0},"end":{"line":276,"column":5}},"276":{"start":{"line":277,"column":0},"end":{"line":277,"column":33}},"277":{"start":{"line":278,"column":0},"end":{"line":278,"column":35}},"278":{"start":{"line":279,"column":0},"end":{"line":279,"column":22}},"279":{"start":{"line":280,"column":0},"end":{"line":280,"column":29}},"280":{"start":{"line":281,"column":0},"end":{"line":281,"column":79}},"281":{"start":{"line":282,"column":0},"end":{"line":282,"column":5}},"282":{"start":{"line":283,"column":0},"end":{"line":283,"column":88}},"283":{"start":{"line":284,"column":0},"end":{"line":284,"column":3}},"284":{"start":{"line":285,"column":0},"end":{"line":285,"column":0}},"285":{"start":{"line":286,"column":0},"end":{"line":286,"column":5}},"286":{"start":{"line":287,"column":0},"end":{"line":287,"column":69}},"287":{"start":{"line":288,"column":0},"end":{"line":288,"column":4}},"288":{"start":{"line":289,"column":0},"end":{"line":289,"column":78}},"289":{"start":{"line":290,"column":0},"end":{"line":290,"column":44}},"290":{"start":{"line":291,"column":0},"end":{"line":291,"column":5}},"291":{"start":{"line":292,"column":0},"end":{"line":292,"column":32}},"292":{"start":{"line":293,"column":0},"end":{"line":293,"column":36}},"293":{"start":{"line":294,"column":0},"end":{"line":294,"column":21}},"294":{"start":{"line":295,"column":0},"end":{"line":295,"column":23}},"295":{"start":{"line":296,"column":0},"end":{"line":296,"column":28}},"296":{"start":{"line":297,"column":0},"end":{"line":297,"column":77}},"297":{"start":{"line":298,"column":0},"end":{"line":298,"column":5}},"298":{"start":{"line":299,"column":0},"end":{"line":299,"column":98}},"299":{"start":{"line":300,"column":0},"end":{"line":300,"column":3}},"300":{"start":{"line":301,"column":0},"end":{"line":301,"column":0}},"301":{"start":{"line":302,"column":0},"end":{"line":302,"column":5}},"302":{"start":{"line":303,"column":0},"end":{"line":303,"column":44}},"303":{"start":{"line":304,"column":0},"end":{"line":304,"column":4}},"304":{"start":{"line":305,"column":0},"end":{"line":305,"column":78}},"305":{"start":{"line":306,"column":0},"end":{"line":306,"column":44}},"306":{"start":{"line":307,"column":0},"end":{"line":307,"column":5}},"307":{"start":{"line":308,"column":0},"end":{"line":308,"column":37}},"308":{"start":{"line":309,"column":0},"end":{"line":309,"column":36}},"309":{"start":{"line":310,"column":0},"end":{"line":310,"column":21}},"310":{"start":{"line":311,"column":0},"end":{"line":311,"column":22}},"311":{"start":{"line":312,"column":0},"end":{"line":312,"column":33}},"312":{"start":{"line":313,"column":0},"end":{"line":313,"column":87}},"313":{"start":{"line":314,"column":0},"end":{"line":314,"column":5}},"314":{"start":{"line":315,"column":0},"end":{"line":315,"column":103}},"315":{"start":{"line":316,"column":0},"end":{"line":316,"column":3}},"316":{"start":{"line":317,"column":0},"end":{"line":317,"column":0}},"317":{"start":{"line":318,"column":0},"end":{"line":318,"column":5}},"318":{"start":{"line":319,"column":0},"end":{"line":319,"column":45}},"319":{"start":{"line":320,"column":0},"end":{"line":320,"column":4}},"320":{"start":{"line":321,"column":0},"end":{"line":321,"column":78}},"321":{"start":{"line":322,"column":0},"end":{"line":322,"column":44}},"322":{"start":{"line":323,"column":0},"end":{"line":323,"column":5}},"323":{"start":{"line":324,"column":0},"end":{"line":324,"column":29}},"324":{"start":{"line":325,"column":0},"end":{"line":325,"column":36}},"325":{"start":{"line":326,"column":0},"end":{"line":326,"column":21}},"326":{"start":{"line":327,"column":0},"end":{"line":327,"column":68}},"327":{"start":{"line":328,"column":0},"end":{"line":328,"column":38}},"328":{"start":{"line":329,"column":0},"end":{"line":329,"column":97}},"329":{"start":{"line":330,"column":0},"end":{"line":330,"column":5}},"330":{"start":{"line":331,"column":0},"end":{"line":331,"column":108}},"331":{"start":{"line":332,"column":0},"end":{"line":332,"column":3}},"332":{"start":{"line":333,"column":0},"end":{"line":333,"column":0}},"333":{"start":{"line":334,"column":0},"end":{"line":334,"column":5}},"334":{"start":{"line":335,"column":0},"end":{"line":335,"column":55}},"335":{"start":{"line":336,"column":0},"end":{"line":336,"column":4}},"336":{"start":{"line":337,"column":0},"end":{"line":337,"column":75}},"337":{"start":{"line":338,"column":0},"end":{"line":338,"column":67}},"338":{"start":{"line":339,"column":0},"end":{"line":339,"column":5}},"339":{"start":{"line":340,"column":0},"end":{"line":340,"column":31}},"340":{"start":{"line":341,"column":0},"end":{"line":341,"column":35}},"341":{"start":{"line":342,"column":0},"end":{"line":342,"column":30}},"342":{"start":{"line":343,"column":0},"end":{"line":343,"column":22}},"343":{"start":{"line":344,"column":0},"end":{"line":344,"column":40}},"344":{"start":{"line":345,"column":0},"end":{"line":345,"column":104}},"345":{"start":{"line":346,"column":0},"end":{"line":346,"column":5}},"346":{"start":{"line":347,"column":0},"end":{"line":347,"column":118}},"347":{"start":{"line":348,"column":0},"end":{"line":348,"column":3}},"348":{"start":{"line":349,"column":0},"end":{"line":349,"column":0}},"349":{"start":{"line":350,"column":0},"end":{"line":350,"column":5}},"350":{"start":{"line":351,"column":0},"end":{"line":351,"column":69}},"351":{"start":{"line":352,"column":0},"end":{"line":352,"column":4}},"352":{"start":{"line":353,"column":0},"end":{"line":353,"column":78}},"353":{"start":{"line":354,"column":0},"end":{"line":354,"column":69}},"354":{"start":{"line":355,"column":0},"end":{"line":355,"column":4}},"355":{"start":{"line":356,"column":0},"end":{"line":356,"column":77}},"356":{"start":{"line":357,"column":0},"end":{"line":357,"column":46}},"357":{"start":{"line":358,"column":0},"end":{"line":358,"column":4}},"358":{"start":{"line":359,"column":0},"end":{"line":359,"column":57}},"359":{"start":{"line":360,"column":0},"end":{"line":360,"column":55}},"360":{"start":{"line":361,"column":0},"end":{"line":361,"column":4}},"361":{"start":{"line":362,"column":0},"end":{"line":362,"column":68}},"362":{"start":{"line":363,"column":0},"end":{"line":363,"column":4}},"363":{"start":{"line":364,"column":0},"end":{"line":364,"column":13}},"364":{"start":{"line":365,"column":0},"end":{"line":365,"column":10}},"365":{"start":{"line":366,"column":0},"end":{"line":366,"column":57}},"366":{"start":{"line":367,"column":0},"end":{"line":367,"column":8}},"367":{"start":{"line":368,"column":0},"end":{"line":368,"column":39}},"368":{"start":{"line":369,"column":0},"end":{"line":369,"column":34}},"369":{"start":{"line":370,"column":0},"end":{"line":370,"column":73}},"370":{"start":{"line":371,"column":0},"end":{"line":371,"column":9}},"371":{"start":{"line":372,"column":0},"end":{"line":372,"column":8}},"372":{"start":{"line":373,"column":0},"end":{"line":373,"column":39}},"373":{"start":{"line":374,"column":0},"end":{"line":374,"column":35}},"374":{"start":{"line":375,"column":0},"end":{"line":375,"column":27}},"375":{"start":{"line":376,"column":0},"end":{"line":376,"column":9}},"376":{"start":{"line":377,"column":0},"end":{"line":377,"column":8}},"377":{"start":{"line":378,"column":0},"end":{"line":378,"column":8}},"378":{"start":{"line":379,"column":0},"end":{"line":379,"column":5}},"379":{"start":{"line":380,"column":0},"end":{"line":380,"column":31}},"380":{"start":{"line":381,"column":0},"end":{"line":381,"column":59}},"381":{"start":{"line":382,"column":0},"end":{"line":382,"column":22}},"382":{"start":{"line":383,"column":0},"end":{"line":383,"column":23}},"383":{"start":{"line":384,"column":0},"end":{"line":384,"column":72}},"384":{"start":{"line":385,"column":0},"end":{"line":385,"column":5}},"385":{"start":{"line":386,"column":0},"end":{"line":386,"column":40}},"386":{"start":{"line":387,"column":0},"end":{"line":387,"column":97}},"387":{"start":{"line":388,"column":0},"end":{"line":388,"column":5}},"388":{"start":{"line":389,"column":0},"end":{"line":389,"column":99}},"389":{"start":{"line":390,"column":0},"end":{"line":390,"column":48}},"390":{"start":{"line":391,"column":0},"end":{"line":391,"column":7}},"391":{"start":{"line":392,"column":0},"end":{"line":392,"column":3}},"392":{"start":{"line":393,"column":0},"end":{"line":393,"column":1}},"393":{"start":{"line":394,"column":0},"end":{"line":394,"column":0}},"394":{"start":{"line":395,"column":0},"end":{"line":395,"column":78}},"395":{"start":{"line":396,"column":0},"end":{"line":396,"column":12}},"396":{"start":{"line":397,"column":0},"end":{"line":397,"column":78}},"397":{"start":{"line":398,"column":0},"end":{"line":398,"column":0}},"398":{"start":{"line":399,"column":0},"end":{"line":399,"column":3}},"399":{"start":{"line":400,"column":0},"end":{"line":400,"column":31}},"400":{"start":{"line":401,"column":0},"end":{"line":401,"column":2}},"401":{"start":{"line":402,"column":0},"end":{"line":402,"column":59}},"402":{"start":{"line":403,"column":0},"end":{"line":403,"column":2}},"403":{"start":{"line":404,"column":0},"end":{"line":404,"column":11}},"404":{"start":{"line":405,"column":0},"end":{"line":405,"column":8}},"405":{"start":{"line":406,"column":0},"end":{"line":406,"column":34}},"406":{"start":{"line":407,"column":0},"end":{"line":407,"column":2}},"407":{"start":{"line":408,"column":0},"end":{"line":408,"column":92}},"408":{"start":{"line":409,"column":0},"end":{"line":409,"column":35}},"409":{"start":{"line":410,"column":0},"end":{"line":410,"column":6}},"410":{"start":{"line":411,"column":0},"end":{"line":411,"column":3}},"411":{"start":{"line":412,"column":0},"end":{"line":412,"column":20}},"412":{"start":{"line":413,"column":0},"end":{"line":413,"column":43}},"413":{"start":{"line":414,"column":0},"end":{"line":414,"column":0}},"414":{"start":{"line":415,"column":0},"end":{"line":415,"column":44}},"415":{"start":{"line":416,"column":0},"end":{"line":416,"column":41}},"416":{"start":{"line":417,"column":0},"end":{"line":417,"column":3}},"417":{"start":{"line":418,"column":0},"end":{"line":418,"column":0}},"418":{"start":{"line":419,"column":0},"end":{"line":419,"column":64}},"419":{"start":{"line":420,"column":0},"end":{"line":420,"column":27}},"420":{"start":{"line":421,"column":0},"end":{"line":421,"column":24}},"421":{"start":{"line":422,"column":0},"end":{"line":422,"column":22}},"422":{"start":{"line":423,"column":0},"end":{"line":423,"column":72}},"423":{"start":{"line":424,"column":0},"end":{"line":424,"column":8}},"424":{"start":{"line":425,"column":0},"end":{"line":425,"column":5}},"425":{"start":{"line":426,"column":0},"end":{"line":426,"column":24}},"426":{"start":{"line":427,"column":0},"end":{"line":427,"column":3}},"427":{"start":{"line":428,"column":0},"end":{"line":428,"column":0}},"428":{"start":{"line":429,"column":0},"end":{"line":429,"column":40}},"429":{"start":{"line":430,"column":0},"end":{"line":430,"column":46}},"430":{"start":{"line":431,"column":0},"end":{"line":431,"column":3}},"431":{"start":{"line":432,"column":0},"end":{"line":432,"column":0}},"432":{"start":{"line":433,"column":0},"end":{"line":433,"column":28}},"433":{"start":{"line":434,"column":0},"end":{"line":434,"column":42}},"434":{"start":{"line":435,"column":0},"end":{"line":435,"column":3}},"435":{"start":{"line":436,"column":0},"end":{"line":436,"column":0}},"436":{"start":{"line":437,"column":0},"end":{"line":437,"column":42}},"437":{"start":{"line":438,"column":0},"end":{"line":438,"column":43}},"438":{"start":{"line":439,"column":0},"end":{"line":439,"column":3}},"439":{"start":{"line":440,"column":0},"end":{"line":440,"column":0}},"440":{"start":{"line":441,"column":0},"end":{"line":441,"column":76}},"441":{"start":{"line":442,"column":0},"end":{"line":442,"column":57}},"442":{"start":{"line":443,"column":0},"end":{"line":443,"column":3}},"443":{"start":{"line":444,"column":0},"end":{"line":444,"column":0}},"444":{"start":{"line":445,"column":0},"end":{"line":445,"column":66}},"445":{"start":{"line":446,"column":0},"end":{"line":446,"column":72}},"446":{"start":{"line":447,"column":0},"end":{"line":447,"column":3}},"447":{"start":{"line":448,"column":0},"end":{"line":448,"column":0}},"448":{"start":{"line":449,"column":0},"end":{"line":449,"column":67}},"449":{"start":{"line":450,"column":0},"end":{"line":450,"column":73}},"450":{"start":{"line":451,"column":0},"end":{"line":451,"column":3}},"451":{"start":{"line":452,"column":0},"end":{"line":452,"column":0}},"452":{"start":{"line":453,"column":0},"end":{"line":453,"column":85}},"453":{"start":{"line":454,"column":0},"end":{"line":454,"column":83}},"454":{"start":{"line":455,"column":0},"end":{"line":455,"column":3}},"455":{"start":{"line":456,"column":0},"end":{"line":456,"column":0}},"456":{"start":{"line":457,"column":0},"end":{"line":457,"column":90}},"457":{"start":{"line":458,"column":0},"end":{"line":458,"column":88}},"458":{"start":{"line":459,"column":0},"end":{"line":459,"column":3}},"459":{"start":{"line":460,"column":0},"end":{"line":460,"column":0}},"460":{"start":{"line":461,"column":0},"end":{"line":461,"column":82}},"461":{"start":{"line":462,"column":0},"end":{"line":462,"column":80}},"462":{"start":{"line":463,"column":0},"end":{"line":463,"column":3}},"463":{"start":{"line":464,"column":0},"end":{"line":464,"column":0}},"464":{"start":{"line":465,"column":0},"end":{"line":465,"column":92}},"465":{"start":{"line":466,"column":0},"end":{"line":466,"column":90}},"466":{"start":{"line":467,"column":0},"end":{"line":467,"column":3}},"467":{"start":{"line":468,"column":0},"end":{"line":468,"column":0}},"468":{"start":{"line":469,"column":0},"end":{"line":469,"column":89}},"469":{"start":{"line":470,"column":0},"end":{"line":470,"column":53}},"470":{"start":{"line":471,"column":0},"end":{"line":471,"column":3}},"471":{"start":{"line":472,"column":0},"end":{"line":472,"column":1}},"472":{"start":{"line":473,"column":0},"end":{"line":473,"column":0}},"473":{"start":{"line":474,"column":0},"end":{"line":474,"column":38}}},"s":{"0":1,"1":1,"2":1,"3":1,"4":1,"5":1,"6":1,"7":1,"8":1,"9":1,"10":1,"11":1,"12":1,"13":1,"14":1,"15":1,"16":1,"17":1,"18":1,"19":1,"20":1,"21":1,"22":1,"23":1,"24":1,"25":1,"26":1,"27":1,"28":1,"29":1,"30":1,"31":1,"32":1,"33":1,"34":1,"35":1,"36":1,"37":1,"38":1,"39":1,"40":1,"41":1,"42":1,"43":1,"44":1,"45":1,"46":1,"47":1,"48":1,"49":1,"50":1,"51":1,"52":1,"53":1,"54":1,"55":1,"56":1,"57":1,"58":1,"59":1,"60":1,"61":1,"62":1,"63":1,"64":1,"65":1,"66":1,"67":1,"68":1,"69":1,"70":1,"71":1,"72":1,"73":1,"74":1,"75":1,"76":1,"77":1,"78":1,"79":1,"80":1,"81":1,"82":1,"83":1,"84":1,"85":1,"86":1,"87":1,"88":1,"89":1,"90":1,"91":1,"92":1,"93":1,"94":1,"95":1,"96":1,"97":1,"98":1,"99":1,"100":1,"101":58,"102":58,"103":58,"104":58,"105":58,"106":1,"107":1,"108":1,"109":1,"110":1,"111":1,"112":1,"113":1,"114":1,"115":1,"116":1,"117":1,"118":1,"119":1,"120":1,"121":1,"122":1,"123":6,"124":6,"125":6,"126":6,"127":6,"128":6,"129":6,"130":6,"131":5,"132":5,"133":5,"134":6,"135":6,"136":6,"137":1,"138":1,"139":1,"140":1,"141":1,"142":1,"143":1,"144":1,"145":1,"146":1,"147":1,"148":1,"149":1,"150":3,"151":3,"152":3,"153":3,"154":3,"155":3,"156":3,"157":3,"158":3,"159":3,"160":2,"161":2,"162":3,"163":3,"164":3,"165":1,"166":1,"167":1,"168":1,"169":1,"170":1,"171":1,"172":1,"173":1,"174":1,"175":49,"176":49,"177":1,"178":1,"179":1,"180":1,"181":1,"182":1,"183":1,"184":1,"185":1,"186":1,"187":1,"188":1,"189":1,"190":1,"191":0,"192":0,"193":0,"194":0,"195":0,"196":0,"197":0,"198":0,"199":1,"200":1,"201":1,"202":1,"203":1,"204":1,"205":1,"206":1,"207":1,"208":0,"209":0,"210":0,"211":0,"212":0,"213":0,"214":0,"215":0,"216":1,"217":1,"218":1,"219":1,"220":1,"221":1,"222":1,"223":1,"224":1,"225":1,"226":0,"227":0,"228":0,"229":0,"230":0,"231":0,"232":0,"233":0,"234":1,"235":1,"236":1,"237":1,"238":1,"239":1,"240":1,"241":1,"242":1,"243":1,"244":1,"245":1,"246":0,"247":0,"248":0,"249":0,"250":0,"251":0,"252":0,"253":0,"254":0,"255":0,"256":1,"257":1,"258":1,"259":1,"260":1,"261":1,"262":1,"263":0,"264":0,"265":0,"266":0,"267":0,"268":0,"269":0,"270":1,"271":1,"272":1,"273":1,"274":1,"275":1,"276":1,"277":0,"278":0,"279":0,"280":0,"281":0,"282":0,"283":0,"284":1,"285":1,"286":1,"287":1,"288":1,"289":1,"290":1,"291":1,"292":0,"293":0,"294":0,"295":0,"296":0,"297":0,"298":0,"299":0,"300":1,"301":1,"302":1,"303":1,"304":1,"305":1,"306":1,"307":1,"308":0,"309":0,"310":0,"311":0,"312":0,"313":0,"314":0,"315":0,"316":1,"317":1,"318":1,"319":1,"320":1,"321":1,"322":1,"323":1,"324":0,"325":0,"326":0,"327":0,"328":0,"329":0,"330":0,"331":0,"332":1,"333":1,"334":1,"335":1,"336":1,"337":1,"338":1,"339":1,"340":0,"341":0,"342":0,"343":0,"344":0,"345":0,"346":0,"347":0,"348":1,"349":1,"350":1,"351":1,"352":1,"353":1,"354":1,"355":1,"356":1,"357":1,"358":1,"359":1,"360":1,"361":1,"362":1,"363":1,"364":1,"365":1,"366":1,"367":1,"368":1,"369":1,"370":1,"371":1,"372":1,"373":1,"374":1,"375":1,"376":1,"377":1,"378":1,"379":1,"380":0,"381":0,"382":0,"383":0,"384":0,"385":0,"386":0,"387":0,"388":0,"389":0,"390":0,"391":0,"392":1,"393":1,"394":1,"395":1,"396":1,"397":1,"398":1,"399":1,"400":1,"401":1,"402":1,"403":1,"404":1,"405":1,"406":1,"407":1,"408":1,"409":1,"410":1,"411":46,"412":46,"413":1,"414":1,"415":0,"416":0,"417":1,"418":1,"419":1,"420":9,"421":9,"422":9,"423":9,"424":9,"425":0,"426":9,"427":1,"428":1,"429":1,"430":1,"431":1,"432":1,"433":1,"434":1,"435":1,"436":1,"437":1,"438":1,"439":1,"440":1,"441":1,"442":1,"443":1,"444":1,"445":1,"446":1,"447":1,"448":1,"449":1,"450":1,"451":1,"452":1,"453":1,"454":1,"455":1,"456":1,"457":1,"458":1,"459":1,"460":1,"461":1,"462":1,"463":1,"464":1,"465":0,"466":0,"467":1,"468":1,"469":0,"470":0,"471":1,"472":1,"473":1},"branchMap":{"0":{"type":"branch","line":101,"loc":{"start":{"line":101,"column":2},"end":{"line":106,"column":3}},"locations":[{"start":{"line":101,"column":2},"end":{"line":106,"column":3}}]},"1":{"type":"branch","line":123,"loc":{"start":{"line":123,"column":9},"end":{"line":137,"column":3}},"locations":[{"start":{"line":123,"column":9},"end":{"line":137,"column":3}}]},"2":{"type":"branch","line":128,"loc":{"start":{"line":128,"column":14},"end":{"line":128,"column":33}},"locations":[{"start":{"line":128,"column":14},"end":{"line":128,"column":33}}]},"3":{"type":"branch","line":128,"loc":{"start":{"line":128,"column":23},"end":{"line":128,"column":49}},"locations":[{"start":{"line":128,"column":23},"end":{"line":128,"column":49}}]},"4":{"type":"branch","line":131,"loc":{"start":{"line":131,"column":8},"end":{"line":131,"column":30}},"locations":[{"start":{"line":131,"column":8},"end":{"line":131,"column":30}}]},"5":{"type":"branch","line":131,"loc":{"start":{"line":131,"column":17},"end":{"line":134,"column":67}},"locations":[{"start":{"line":131,"column":17},"end":{"line":134,"column":67}}]},"6":{"type":"branch","line":135,"loc":{"start":{"line":135,"column":10},"end":{"line":135,"column":32}},"locations":[{"start":{"line":135,"column":10},"end":{"line":135,"column":32}}]},"7":{"type":"branch","line":135,"loc":{"start":{"line":135,"column":28},"end":{"line":135,"column":36}},"locations":[{"start":{"line":135,"column":28},"end":{"line":135,"column":36}}]},"8":{"type":"branch","line":150,"loc":{"start":{"line":150,"column":9},"end":{"line":165,"column":3}},"locations":[{"start":{"line":150,"column":9},"end":{"line":165,"column":3}}]},"9":{"type":"branch","line":157,"loc":{"start":{"line":157,"column":14},"end":{"line":157,"column":33}},"locations":[{"start":{"line":157,"column":14},"end":{"line":157,"column":33}}]},"10":{"type":"branch","line":157,"loc":{"start":{"line":157,"column":23},"end":{"line":157,"column":49}},"locations":[{"start":{"line":157,"column":23},"end":{"line":157,"column":49}}]},"11":{"type":"branch","line":160,"loc":{"start":{"line":160,"column":8},"end":{"line":160,"column":30}},"locations":[{"start":{"line":160,"column":8},"end":{"line":160,"column":30}}]},"12":{"type":"branch","line":160,"loc":{"start":{"line":160,"column":17},"end":{"line":162,"column":11}},"locations":[{"start":{"line":160,"column":17},"end":{"line":162,"column":11}}]},"13":{"type":"branch","line":163,"loc":{"start":{"line":163,"column":10},"end":{"line":163,"column":32}},"locations":[{"start":{"line":163,"column":10},"end":{"line":163,"column":32}}]},"14":{"type":"branch","line":163,"loc":{"start":{"line":163,"column":28},"end":{"line":163,"column":36}},"locations":[{"start":{"line":163,"column":28},"end":{"line":163,"column":36}}]},"15":{"type":"branch","line":175,"loc":{"start":{"line":175,"column":9},"end":{"line":177,"column":3}},"locations":[{"start":{"line":175,"column":9},"end":{"line":177,"column":3}}]},"16":{"type":"branch","line":412,"loc":{"start":{"line":412,"column":0},"end":{"line":413,"column":43}},"locations":[{"start":{"line":412,"column":0},"end":{"line":413,"column":43}}]},"17":{"type":"branch","line":420,"loc":{"start":{"line":420,"column":2},"end":{"line":427,"column":3}},"locations":[{"start":{"line":420,"column":2},"end":{"line":427,"column":3}}]},"18":{"type":"branch","line":425,"loc":{"start":{"line":425,"column":4},"end":{"line":426,"column":24}},"locations":[{"start":{"line":425,"column":4},"end":{"line":426,"column":24}}]},"19":{"type":"branch","line":429,"loc":{"start":{"line":429,"column":2},"end":{"line":431,"column":3}},"locations":[{"start":{"line":429,"column":2},"end":{"line":431,"column":3}}]},"20":{"type":"branch","line":433,"loc":{"start":{"line":433,"column":2},"end":{"line":435,"column":3}},"locations":[{"start":{"line":433,"column":2},"end":{"line":435,"column":3}}]},"21":{"type":"branch","line":437,"loc":{"start":{"line":437,"column":2},"end":{"line":439,"column":3}},"locations":[{"start":{"line":437,"column":2},"end":{"line":439,"column":3}}]},"22":{"type":"branch","line":441,"loc":{"start":{"line":441,"column":2},"end":{"line":443,"column":3}},"locations":[{"start":{"line":441,"column":2},"end":{"line":443,"column":3}}]},"23":{"type":"branch","line":445,"loc":{"start":{"line":445,"column":2},"end":{"line":447,"column":3}},"locations":[{"start":{"line":445,"column":2},"end":{"line":447,"column":3}}]},"24":{"type":"branch","line":449,"loc":{"start":{"line":449,"column":2},"end":{"line":451,"column":3}},"locations":[{"start":{"line":449,"column":2},"end":{"line":451,"column":3}}]},"25":{"type":"branch","line":453,"loc":{"start":{"line":453,"column":2},"end":{"line":455,"column":3}},"locations":[{"start":{"line":453,"column":2},"end":{"line":455,"column":3}}]},"26":{"type":"branch","line":457,"loc":{"start":{"line":457,"column":2},"end":{"line":459,"column":3}},"locations":[{"start":{"line":457,"column":2},"end":{"line":459,"column":3}}]},"27":{"type":"branch","line":461,"loc":{"start":{"line":461,"column":2},"end":{"line":463,"column":3}},"locations":[{"start":{"line":461,"column":2},"end":{"line":463,"column":3}}]}},"b":{"0":[58],"1":[6],"2":[1],"3":[5],"4":[1],"5":[5],"6":[1],"7":[5],"8":[3],"9":[1],"10":[2],"11":[1],"12":[2],"13":[1],"14":[2],"15":[49],"16":[46],"17":[9],"18":[0],"19":[1],"20":[1],"21":[1],"22":[1],"23":[1],"24":[1],"25":[1],"26":[1],"27":[1]},"fnMap":{"0":{"name":"ILNClient","decl":{"start":{"line":101,"column":2},"end":{"line":106,"column":3}},"loc":{"start":{"line":101,"column":2},"end":{"line":106,"column":3}},"line":101},"1":{"name":"testnet","decl":{"start":{"line":123,"column":9},"end":{"line":137,"column":3}},"loc":{"start":{"line":123,"column":9},"end":{"line":137,"column":3}},"line":123},"2":{"name":"mainnet","decl":{"start":{"line":150,"column":9},"end":{"line":165,"column":3}},"loc":{"start":{"line":150,"column":9},"end":{"line":165,"column":3}},"line":150},"3":{"name":"custom","decl":{"start":{"line":175,"column":9},"end":{"line":177,"column":3}},"loc":{"start":{"line":175,"column":9},"end":{"line":177,"column":3}},"line":175},"4":{"name":"getReputation","decl":{"start":{"line":191,"column":2},"end":{"line":199,"column":3}},"loc":{"start":{"line":191,"column":2},"end":{"line":199,"column":3}},"line":191},"5":{"name":"getContractStats","decl":{"start":{"line":208,"column":2},"end":{"line":216,"column":3}},"loc":{"start":{"line":208,"column":2},"end":{"line":216,"column":3}},"line":208},"6":{"name":"getTopPayers","decl":{"start":{"line":226,"column":2},"end":{"line":234,"column":3}},"loc":{"start":{"line":226,"column":2},"end":{"line":234,"column":3}},"line":226},"7":{"name":"getLpInvoices","decl":{"start":{"line":246,"column":2},"end":{"line":256,"column":3}},"loc":{"start":{"line":246,"column":2},"end":{"line":256,"column":3}},"line":246},"8":{"name":"getInsurancePoolBalance","decl":{"start":{"line":263,"column":2},"end":{"line":270,"column":3}},"loc":{"start":{"line":263,"column":2},"end":{"line":270,"column":3}},"line":263},"9":{"name":"getInsurancePoolCoverage","decl":{"start":{"line":277,"column":2},"end":{"line":284,"column":3}},"loc":{"start":{"line":277,"column":2},"end":{"line":284,"column":3}},"line":277},"10":{"name":"isInsurancePoolEnrolled","decl":{"start":{"line":292,"column":2},"end":{"line":300,"column":3}},"loc":{"start":{"line":292,"column":2},"end":{"line":300,"column":3}},"line":292},"11":{"name":"getInsurancePoolPremiumsPaid","decl":{"start":{"line":308,"column":2},"end":{"line":316,"column":3}},"loc":{"start":{"line":308,"column":2},"end":{"line":316,"column":3}},"line":308},"12":{"name":"getInsurancePoolInfo","decl":{"start":{"line":324,"column":2},"end":{"line":332,"column":3}},"loc":{"start":{"line":324,"column":2},"end":{"line":332,"column":3}},"line":324},"13":{"name":"getDistributionAccrual","decl":{"start":{"line":340,"column":2},"end":{"line":348,"column":3}},"loc":{"start":{"line":340,"column":2},"end":{"line":348,"column":3}},"line":340},"14":{"name":"submitBatchTransaction","decl":{"start":{"line":380,"column":2},"end":{"line":392,"column":3}},"loc":{"start":{"line":380,"column":2},"end":{"line":392,"column":3}},"line":380},"15":{"name":"ILNSingleton","decl":{"start":{"line":412,"column":0},"end":{"line":413,"column":43}},"loc":{"start":{"line":412,"column":0},"end":{"line":413,"column":43}},"line":412},"16":{"name":"configure","decl":{"start":{"line":415,"column":2},"end":{"line":417,"column":3}},"loc":{"start":{"line":415,"column":2},"end":{"line":417,"column":3}},"line":415},"17":{"name":"get client","decl":{"start":{"line":420,"column":2},"end":{"line":427,"column":3}},"loc":{"start":{"line":420,"column":2},"end":{"line":427,"column":3}},"line":420},"18":{"name":"getReputation","decl":{"start":{"line":429,"column":2},"end":{"line":431,"column":3}},"loc":{"start":{"line":429,"column":2},"end":{"line":431,"column":3}},"line":429},"19":{"name":"getContractStats","decl":{"start":{"line":433,"column":2},"end":{"line":435,"column":3}},"loc":{"start":{"line":433,"column":2},"end":{"line":435,"column":3}},"line":433},"20":{"name":"getTopPayers","decl":{"start":{"line":437,"column":2},"end":{"line":439,"column":3}},"loc":{"start":{"line":437,"column":2},"end":{"line":439,"column":3}},"line":437},"21":{"name":"getLpInvoices","decl":{"start":{"line":441,"column":2},"end":{"line":443,"column":3}},"loc":{"start":{"line":441,"column":2},"end":{"line":443,"column":3}},"line":441},"22":{"name":"getInsurancePoolBalance","decl":{"start":{"line":445,"column":2},"end":{"line":447,"column":3}},"loc":{"start":{"line":445,"column":2},"end":{"line":447,"column":3}},"line":445},"23":{"name":"getInsurancePoolCoverage","decl":{"start":{"line":449,"column":2},"end":{"line":451,"column":3}},"loc":{"start":{"line":449,"column":2},"end":{"line":451,"column":3}},"line":449},"24":{"name":"isInsurancePoolEnrolled","decl":{"start":{"line":453,"column":2},"end":{"line":455,"column":3}},"loc":{"start":{"line":453,"column":2},"end":{"line":455,"column":3}},"line":453},"25":{"name":"getInsurancePoolPremiumsPaid","decl":{"start":{"line":457,"column":2},"end":{"line":459,"column":3}},"loc":{"start":{"line":457,"column":2},"end":{"line":459,"column":3}},"line":457},"26":{"name":"getInsurancePoolInfo","decl":{"start":{"line":461,"column":2},"end":{"line":463,"column":3}},"loc":{"start":{"line":461,"column":2},"end":{"line":463,"column":3}},"line":461},"27":{"name":"getDistributionAccrual","decl":{"start":{"line":465,"column":2},"end":{"line":467,"column":3}},"loc":{"start":{"line":465,"column":2},"end":{"line":467,"column":3}},"line":465},"28":{"name":"submitBatchTransaction","decl":{"start":{"line":469,"column":2},"end":{"line":471,"column":3}},"loc":{"start":{"line":469,"column":2},"end":{"line":471,"column":3}},"line":469}},"f":{"0":58,"1":6,"2":3,"3":49,"4":0,"5":0,"6":0,"7":0,"8":0,"9":0,"10":0,"11":0,"12":0,"13":0,"14":0,"15":46,"16":0,"17":9,"18":1,"19":1,"20":1,"21":1,"22":1,"23":1,"24":1,"25":1,"26":1,"27":0,"28":0}}
,"/home/nursca/Invoice-Liquidity-Network/backend/sdk/src/errors.ts": {"path":"/home/nursca/Invoice-Liquidity-Network/backend/sdk/src/errors.ts","all":false,"statementMap":{"0":{"start":{"line":1,"column":0},"end":{"line":1,"column":14}},"1":{"start":{"line":2,"column":0},"end":{"line":2,"column":0}},"2":{"start":{"line":3,"column":0},"end":{"line":3,"column":34}},"3":{"start":{"line":4,"column":0},"end":{"line":4,"column":18}},"4":{"start":{"line":5,"column":0},"end":{"line":5,"column":18}},"5":{"start":{"line":6,"column":0},"end":{"line":6,"column":22}},"6":{"start":{"line":7,"column":0},"end":{"line":7,"column":24}},"7":{"start":{"line":8,"column":0},"end":{"line":8,"column":1}},"8":{"start":{"line":9,"column":0},"end":{"line":9,"column":0}},"9":{"start":{"line":10,"column":0},"end":{"line":10,"column":37}},"10":{"start":{"line":11,"column":0},"end":{"line":11,"column":34}},"11":{"start":{"line":12,"column":0},"end":{"line":12,"column":34}},"12":{"start":{"line":13,"column":0},"end":{"line":13,"column":38}},"13":{"start":{"line":14,"column":0},"end":{"line":14,"column":40}},"14":{"start":{"line":15,"column":0},"end":{"line":15,"column":42}},"15":{"start":{"line":16,"column":0},"end":{"line":16,"column":0}},"16":{"start":{"line":17,"column":0},"end":{"line":17,"column":14}},"17":{"start":{"line":18,"column":0},"end":{"line":18,"column":20}},"18":{"start":{"line":19,"column":0},"end":{"line":19,"column":34}},"19":{"start":{"line":20,"column":0},"end":{"line":20,"column":30}},"20":{"start":{"line":21,"column":0},"end":{"line":21,"column":35}},"21":{"start":{"line":22,"column":0},"end":{"line":22,"column":5}},"22":{"start":{"line":23,"column":0},"end":{"line":23,"column":19}},"23":{"start":{"line":24,"column":0},"end":{"line":24,"column":38}},"24":{"start":{"line":25,"column":0},"end":{"line":25,"column":34}},"25":{"start":{"line":26,"column":0},"end":{"line":26,"column":34}},"26":{"start":{"line":27,"column":0},"end":{"line":27,"column":42}},"27":{"start":{"line":28,"column":0},"end":{"line":28,"column":54}},"28":{"start":{"line":29,"column":0},"end":{"line":29,"column":41}},"29":{"start":{"line":30,"column":0},"end":{"line":30,"column":54}},"30":{"start":{"line":31,"column":0},"end":{"line":31,"column":3}},"31":{"start":{"line":32,"column":0},"end":{"line":32,"column":0}},"32":{"start":{"line":33,"column":0},"end":{"line":33,"column":30}},"33":{"start":{"line":34,"column":0},"end":{"line":34,"column":33}},"34":{"start":{"line":35,"column":0},"end":{"line":35,"column":32}},"35":{"start":{"line":36,"column":0},"end":{"line":36,"column":37}},"36":{"start":{"line":37,"column":0},"end":{"line":37,"column":27}},"37":{"start":{"line":38,"column":0},"end":{"line":38,"column":0}},"38":{"start":{"line":39,"column":0},"end":{"line":39,"column":30}},"39":{"start":{"line":40,"column":0},"end":{"line":40,"column":28}},"40":{"start":{"line":41,"column":0},"end":{"line":41,"column":26}},"41":{"start":{"line":42,"column":0},"end":{"line":42,"column":24}},"42":{"start":{"line":43,"column":0},"end":{"line":43,"column":27}},"43":{"start":{"line":44,"column":0},"end":{"line":44,"column":28}},"44":{"start":{"line":45,"column":0},"end":{"line":45,"column":34}},"45":{"start":{"line":46,"column":0},"end":{"line":46,"column":29}},"46":{"start":{"line":47,"column":0},"end":{"line":47,"column":31}},"47":{"start":{"line":48,"column":0},"end":{"line":48,"column":29}},"48":{"start":{"line":49,"column":0},"end":{"line":49,"column":30}},"49":{"start":{"line":50,"column":0},"end":{"line":50,"column":34}},"50":{"start":{"line":51,"column":0},"end":{"line":51,"column":29}},"51":{"start":{"line":52,"column":0},"end":{"line":52,"column":28}},"52":{"start":{"line":53,"column":0},"end":{"line":53,"column":31}},"53":{"start":{"line":54,"column":0},"end":{"line":54,"column":33}},"54":{"start":{"line":55,"column":0},"end":{"line":55,"column":30}},"55":{"start":{"line":56,"column":0},"end":{"line":56,"column":33}},"56":{"start":{"line":57,"column":0},"end":{"line":57,"column":27}},"57":{"start":{"line":58,"column":0},"end":{"line":58,"column":29}},"58":{"start":{"line":59,"column":0},"end":{"line":59,"column":32}},"59":{"start":{"line":60,"column":0},"end":{"line":60,"column":30}},"60":{"start":{"line":61,"column":0},"end":{"line":61,"column":30}},"61":{"start":{"line":62,"column":0},"end":{"line":62,"column":26}},"62":{"start":{"line":63,"column":0},"end":{"line":63,"column":30}},"63":{"start":{"line":64,"column":0},"end":{"line":64,"column":29}},"64":{"start":{"line":65,"column":0},"end":{"line":65,"column":29}},"65":{"start":{"line":66,"column":0},"end":{"line":66,"column":28}},"66":{"start":{"line":67,"column":0},"end":{"line":67,"column":26}},"67":{"start":{"line":68,"column":0},"end":{"line":68,"column":34}},"68":{"start":{"line":69,"column":0},"end":{"line":69,"column":36}},"69":{"start":{"line":70,"column":0},"end":{"line":70,"column":33}},"70":{"start":{"line":71,"column":0},"end":{"line":71,"column":33}},"71":{"start":{"line":72,"column":0},"end":{"line":72,"column":30}},"72":{"start":{"line":73,"column":0},"end":{"line":73,"column":30}},"73":{"start":{"line":74,"column":0},"end":{"line":74,"column":29}},"74":{"start":{"line":75,"column":0},"end":{"line":75,"column":36}},"75":{"start":{"line":76,"column":0},"end":{"line":76,"column":29}},"76":{"start":{"line":77,"column":0},"end":{"line":77,"column":30}},"77":{"start":{"line":78,"column":0},"end":{"line":78,"column":33}},"78":{"start":{"line":79,"column":0},"end":{"line":79,"column":0}},"79":{"start":{"line":80,"column":0},"end":{"line":80,"column":70}},"80":{"start":{"line":81,"column":0},"end":{"line":81,"column":36}},"81":{"start":{"line":82,"column":0},"end":{"line":82,"column":19}},"82":{"start":{"line":83,"column":0},"end":{"line":83,"column":5}},"83":{"start":{"line":84,"column":0},"end":{"line":84,"column":38}},"84":{"start":{"line":85,"column":0},"end":{"line":85,"column":49}},"85":{"start":{"line":86,"column":0},"end":{"line":86,"column":0}},"86":{"start":{"line":87,"column":0},"end":{"line":87,"column":45}},"87":{"start":{"line":88,"column":0},"end":{"line":88,"column":8}},"88":{"start":{"line":89,"column":0},"end":{"line":89,"column":39}},"89":{"start":{"line":90,"column":0},"end":{"line":90,"column":45}},"90":{"start":{"line":91,"column":0},"end":{"line":91,"column":50}},"91":{"start":{"line":92,"column":0},"end":{"line":92,"column":44}},"92":{"start":{"line":93,"column":0},"end":{"line":93,"column":37}},"93":{"start":{"line":94,"column":0},"end":{"line":94,"column":38}},"94":{"start":{"line":95,"column":0},"end":{"line":95,"column":43}},"95":{"start":{"line":96,"column":0},"end":{"line":96,"column":42}},"96":{"start":{"line":97,"column":0},"end":{"line":97,"column":43}},"97":{"start":{"line":98,"column":0},"end":{"line":98,"column":40}},"98":{"start":{"line":99,"column":0},"end":{"line":99,"column":7}},"99":{"start":{"line":100,"column":0},"end":{"line":100,"column":61}},"100":{"start":{"line":101,"column":0},"end":{"line":101,"column":5}},"101":{"start":{"line":102,"column":0},"end":{"line":102,"column":0}},"102":{"start":{"line":103,"column":0},"end":{"line":103,"column":8}},"103":{"start":{"line":104,"column":0},"end":{"line":104,"column":60}},"104":{"start":{"line":105,"column":0},"end":{"line":105,"column":42}},"105":{"start":{"line":106,"column":0},"end":{"line":106,"column":40}},"106":{"start":{"line":107,"column":0},"end":{"line":107,"column":7}},"107":{"start":{"line":108,"column":0},"end":{"line":108,"column":88}},"108":{"start":{"line":109,"column":0},"end":{"line":109,"column":5}},"109":{"start":{"line":110,"column":0},"end":{"line":110,"column":0}},"110":{"start":{"line":111,"column":0},"end":{"line":111,"column":64}},"111":{"start":{"line":112,"column":0},"end":{"line":112,"column":16}},"112":{"start":{"line":113,"column":0},"end":{"line":113,"column":48}},"113":{"start":{"line":114,"column":0},"end":{"line":114,"column":53}},"114":{"start":{"line":115,"column":0},"end":{"line":115,"column":21}},"115":{"start":{"line":116,"column":0},"end":{"line":116,"column":68}},"116":{"start":{"line":117,"column":0},"end":{"line":117,"column":66}},"117":{"start":{"line":118,"column":0},"end":{"line":118,"column":64}},"118":{"start":{"line":119,"column":0},"end":{"line":119,"column":62}},"119":{"start":{"line":120,"column":0},"end":{"line":120,"column":65}},"120":{"start":{"line":121,"column":0},"end":{"line":121,"column":66}},"121":{"start":{"line":122,"column":0},"end":{"line":122,"column":72}},"122":{"start":{"line":123,"column":0},"end":{"line":123,"column":67}},"123":{"start":{"line":124,"column":0},"end":{"line":124,"column":69}},"124":{"start":{"line":125,"column":0},"end":{"line":125,"column":68}},"125":{"start":{"line":126,"column":0},"end":{"line":126,"column":69}},"126":{"start":{"line":127,"column":0},"end":{"line":127,"column":73}},"127":{"start":{"line":128,"column":0},"end":{"line":128,"column":68}},"128":{"start":{"line":129,"column":0},"end":{"line":129,"column":67}},"129":{"start":{"line":130,"column":0},"end":{"line":130,"column":70}},"130":{"start":{"line":131,"column":0},"end":{"line":131,"column":72}},"131":{"start":{"line":132,"column":0},"end":{"line":132,"column":69}},"132":{"start":{"line":133,"column":0},"end":{"line":133,"column":72}},"133":{"start":{"line":134,"column":0},"end":{"line":134,"column":66}},"134":{"start":{"line":135,"column":0},"end":{"line":135,"column":68}},"135":{"start":{"line":136,"column":0},"end":{"line":136,"column":71}},"136":{"start":{"line":137,"column":0},"end":{"line":137,"column":69}},"137":{"start":{"line":138,"column":0},"end":{"line":138,"column":69}},"138":{"start":{"line":139,"column":0},"end":{"line":139,"column":65}},"139":{"start":{"line":140,"column":0},"end":{"line":140,"column":69}},"140":{"start":{"line":141,"column":0},"end":{"line":141,"column":68}},"141":{"start":{"line":142,"column":0},"end":{"line":142,"column":68}},"142":{"start":{"line":143,"column":0},"end":{"line":143,"column":67}},"143":{"start":{"line":144,"column":0},"end":{"line":144,"column":65}},"144":{"start":{"line":145,"column":0},"end":{"line":145,"column":73}},"145":{"start":{"line":146,"column":0},"end":{"line":146,"column":75}},"146":{"start":{"line":147,"column":0},"end":{"line":147,"column":72}},"147":{"start":{"line":148,"column":0},"end":{"line":148,"column":72}},"148":{"start":{"line":149,"column":0},"end":{"line":149,"column":69}},"149":{"start":{"line":150,"column":0},"end":{"line":150,"column":69}},"150":{"start":{"line":151,"column":0},"end":{"line":151,"column":68}},"151":{"start":{"line":152,"column":0},"end":{"line":152,"column":75}},"152":{"start":{"line":153,"column":0},"end":{"line":153,"column":68}},"153":{"start":{"line":154,"column":0},"end":{"line":154,"column":69}},"154":{"start":{"line":155,"column":0},"end":{"line":155,"column":73}},"155":{"start":{"line":156,"column":0},"end":{"line":156,"column":7}},"156":{"start":{"line":157,"column":0},"end":{"line":157,"column":5}},"157":{"start":{"line":158,"column":0},"end":{"line":158,"column":64}},"158":{"start":{"line":159,"column":0},"end":{"line":159,"column":3}},"159":{"start":{"line":160,"column":0},"end":{"line":160,"column":1}},"160":{"start":{"line":161,"column":0},"end":{"line":161,"column":0}},"161":{"start":{"line":162,"column":0},"end":{"line":162,"column":47}},"162":{"start":{"line":163,"column":0},"end":{"line":163,"column":74}},"163":{"start":{"line":164,"column":0},"end":{"line":164,"column":41}},"164":{"start":{"line":165,"column":0},"end":{"line":165,"column":3}},"165":{"start":{"line":166,"column":0},"end":{"line":166,"column":1}},"166":{"start":{"line":167,"column":0},"end":{"line":167,"column":0}},"167":{"start":{"line":168,"column":0},"end":{"line":168,"column":50}},"168":{"start":{"line":169,"column":0},"end":{"line":169,"column":74}},"169":{"start":{"line":170,"column":0},"end":{"line":170,"column":41}},"170":{"start":{"line":171,"column":0},"end":{"line":171,"column":3}},"171":{"start":{"line":172,"column":0},"end":{"line":172,"column":1}},"172":{"start":{"line":173,"column":0},"end":{"line":173,"column":0}},"173":{"start":{"line":174,"column":0},"end":{"line":174,"column":49}},"174":{"start":{"line":175,"column":0},"end":{"line":175,"column":74}},"175":{"start":{"line":176,"column":0},"end":{"line":176,"column":41}},"176":{"start":{"line":177,"column":0},"end":{"line":177,"column":3}},"177":{"start":{"line":178,"column":0},"end":{"line":178,"column":1}},"178":{"start":{"line":179,"column":0},"end":{"line":179,"column":0}},"179":{"start":{"line":180,"column":0},"end":{"line":180,"column":54}},"180":{"start":{"line":181,"column":0},"end":{"line":181,"column":107}},"181":{"start":{"line":182,"column":0},"end":{"line":182,"column":50}},"182":{"start":{"line":183,"column":0},"end":{"line":183,"column":3}},"183":{"start":{"line":184,"column":0},"end":{"line":184,"column":1}},"184":{"start":{"line":185,"column":0},"end":{"line":185,"column":0}},"185":{"start":{"line":186,"column":0},"end":{"line":186,"column":44}},"186":{"start":{"line":187,"column":0},"end":{"line":187,"column":59}},"187":{"start":{"line":188,"column":0},"end":{"line":188,"column":45}},"188":{"start":{"line":189,"column":0},"end":{"line":189,"column":3}},"189":{"start":{"line":190,"column":0},"end":{"line":190,"column":1}},"190":{"start":{"line":191,"column":0},"end":{"line":191,"column":0}},"191":{"start":{"line":192,"column":0},"end":{"line":192,"column":150}},"192":{"start":{"line":193,"column":0},"end":{"line":193,"column":155}},"193":{"start":{"line":194,"column":0},"end":{"line":194,"column":151}},"194":{"start":{"line":195,"column":0},"end":{"line":195,"column":147}},"195":{"start":{"line":196,"column":0},"end":{"line":196,"column":145}},"196":{"start":{"line":197,"column":0},"end":{"line":197,"column":145}},"197":{"start":{"line":198,"column":0},"end":{"line":198,"column":158}},"198":{"start":{"line":199,"column":0},"end":{"line":199,"column":148}},"199":{"start":{"line":200,"column":0},"end":{"line":200,"column":153}},"200":{"start":{"line":201,"column":0},"end":{"line":201,"column":151}},"201":{"start":{"line":202,"column":0},"end":{"line":202,"column":153}},"202":{"start":{"line":203,"column":0},"end":{"line":203,"column":160}},"203":{"start":{"line":204,"column":0},"end":{"line":204,"column":150}},"204":{"start":{"line":205,"column":0},"end":{"line":205,"column":147}},"205":{"start":{"line":206,"column":0},"end":{"line":206,"column":154}},"206":{"start":{"line":207,"column":0},"end":{"line":207,"column":158}},"207":{"start":{"line":208,"column":0},"end":{"line":208,"column":152}},"208":{"start":{"line":209,"column":0},"end":{"line":209,"column":159}},"209":{"start":{"line":210,"column":0},"end":{"line":210,"column":146}},"210":{"start":{"line":211,"column":0},"end":{"line":211,"column":151}},"211":{"start":{"line":212,"column":0},"end":{"line":212,"column":158}},"212":{"start":{"line":213,"column":0},"end":{"line":213,"column":152}},"213":{"start":{"line":214,"column":0},"end":{"line":214,"column":152}},"214":{"start":{"line":215,"column":0},"end":{"line":215,"column":144}},"215":{"start":{"line":216,"column":0},"end":{"line":216,"column":152}},"216":{"start":{"line":217,"column":0},"end":{"line":217,"column":155}},"217":{"start":{"line":218,"column":0},"end":{"line":218,"column":150}},"218":{"start":{"line":219,"column":0},"end":{"line":219,"column":148}},"219":{"start":{"line":220,"column":0},"end":{"line":220,"column":142}},"220":{"start":{"line":221,"column":0},"end":{"line":221,"column":160}},"221":{"start":{"line":222,"column":0},"end":{"line":222,"column":166}},"222":{"start":{"line":223,"column":0},"end":{"line":223,"column":163}},"223":{"start":{"line":224,"column":0},"end":{"line":224,"column":165}},"224":{"start":{"line":225,"column":0},"end":{"line":225,"column":153}},"225":{"start":{"line":226,"column":0},"end":{"line":226,"column":158}},"226":{"start":{"line":227,"column":0},"end":{"line":227,"column":149}},"227":{"start":{"line":228,"column":0},"end":{"line":228,"column":165}},"228":{"start":{"line":229,"column":0},"end":{"line":229,"column":148}},"229":{"start":{"line":230,"column":0},"end":{"line":230,"column":157}},"230":{"start":{"line":231,"column":0},"end":{"line":231,"column":164}},"231":{"start":{"line":232,"column":0},"end":{"line":232,"column":0}},"232":{"start":{"line":233,"column":0},"end":{"line":233,"column":43}},"233":{"start":{"line":234,"column":0},"end":{"line":234,"column":49}},"234":{"start":{"line":235,"column":0},"end":{"line":235,"column":47}},"235":{"start":{"line":236,"column":0},"end":{"line":236,"column":57}},"236":{"start":{"line":237,"column":0},"end":{"line":237,"column":37}},"237":{"start":{"line":238,"column":0},"end":{"line":238,"column":0}},"238":{"start":{"line":239,"column":0},"end":{"line":239,"column":43}},"239":{"start":{"line":240,"column":0},"end":{"line":240,"column":39}},"240":{"start":{"line":241,"column":0},"end":{"line":241,"column":35}},"241":{"start":{"line":242,"column":0},"end":{"line":242,"column":31}},"242":{"start":{"line":243,"column":0},"end":{"line":243,"column":37}},"243":{"start":{"line":244,"column":0},"end":{"line":244,"column":39}},"244":{"start":{"line":245,"column":0},"end":{"line":245,"column":51}},"245":{"start":{"line":246,"column":0},"end":{"line":246,"column":41}},"246":{"start":{"line":247,"column":0},"end":{"line":247,"column":45}},"247":{"start":{"line":248,"column":0},"end":{"line":248,"column":41}},"248":{"start":{"line":249,"column":0},"end":{"line":249,"column":43}},"249":{"start":{"line":250,"column":0},"end":{"line":250,"column":51}},"250":{"start":{"line":251,"column":0},"end":{"line":251,"column":41}},"251":{"start":{"line":252,"column":0},"end":{"line":252,"column":39}},"252":{"start":{"line":253,"column":0},"end":{"line":253,"column":45}},"253":{"start":{"line":254,"column":0},"end":{"line":254,"column":49}},"254":{"start":{"line":255,"column":0},"end":{"line":255,"column":43}},"255":{"start":{"line":256,"column":0},"end":{"line":256,"column":49}},"256":{"start":{"line":257,"column":0},"end":{"line":257,"column":37}},"257":{"start":{"line":258,"column":0},"end":{"line":258,"column":41}},"258":{"start":{"line":259,"column":0},"end":{"line":259,"column":47}},"259":{"start":{"line":260,"column":0},"end":{"line":260,"column":43}},"260":{"start":{"line":261,"column":0},"end":{"line":261,"column":43}},"261":{"start":{"line":262,"column":0},"end":{"line":262,"column":35}},"262":{"start":{"line":263,"column":0},"end":{"line":263,"column":43}},"263":{"start":{"line":264,"column":0},"end":{"line":264,"column":41}},"264":{"start":{"line":265,"column":0},"end":{"line":265,"column":41}},"265":{"start":{"line":266,"column":0},"end":{"line":266,"column":39}},"266":{"start":{"line":267,"column":0},"end":{"line":267,"column":35}},"267":{"start":{"line":268,"column":0},"end":{"line":268,"column":51}},"268":{"start":{"line":269,"column":0},"end":{"line":269,"column":55}},"269":{"start":{"line":270,"column":0},"end":{"line":270,"column":49}},"270":{"start":{"line":271,"column":0},"end":{"line":271,"column":49}},"271":{"start":{"line":272,"column":0},"end":{"line":272,"column":43}},"272":{"start":{"line":273,"column":0},"end":{"line":273,"column":43}},"273":{"start":{"line":274,"column":0},"end":{"line":274,"column":41}},"274":{"start":{"line":275,"column":0},"end":{"line":275,"column":55}},"275":{"start":{"line":276,"column":0},"end":{"line":276,"column":41}},"276":{"start":{"line":277,"column":0},"end":{"line":277,"column":43}},"277":{"start":{"line":278,"column":0},"end":{"line":278,"column":49}}},"s":{"0":1,"1":1,"2":1,"3":1,"4":1,"5":1,"6":1,"7":1,"8":1,"9":1,"10":1,"11":1,"12":1,"13":1,"14":1,"15":1,"16":1,"17":74,"18":74,"19":74,"20":74,"21":74,"22":74,"23":74,"24":74,"25":74,"26":74,"27":74,"28":74,"29":74,"30":74,"31":1,"32":1,"33":1,"34":1,"35":1,"36":1,"37":1,"38":1,"39":1,"40":1,"41":1,"42":1,"43":1,"44":1,"45":1,"46":1,"47":1,"48":1,"49":1,"50":1,"51":1,"52":1,"53":1,"54":1,"55":1,"56":1,"57":1,"58":1,"59":1,"60":1,"61":1,"62":1,"63":1,"64":1,"65":1,"66":1,"67":1,"68":1,"69":1,"70":1,"71":1,"72":1,"73":1,"74":1,"75":1,"76":1,"77":1,"78":1,"79":1,"80":26,"81":0,"82":0,"83":26,"84":26,"85":26,"86":26,"87":26,"88":26,"89":25,"90":25,"91":25,"92":25,"93":25,"94":25,"95":25,"96":25,"97":25,"98":26,"99":1,"100":1,"101":25,"102":25,"103":25,"104":24,"105":24,"106":26,"107":1,"108":1,"109":24,"110":24,"111":24,"112":12,"113":12,"114":12,"115":12,"116":12,"117":12,"118":12,"119":12,"120":12,"121":12,"122":12,"123":12,"124":12,"125":12,"126":12,"127":12,"128":12,"129":12,"130":12,"131":12,"132":12,"133":12,"134":12,"135":12,"136":12,"137":12,"138":12,"139":12,"140":12,"141":12,"142":12,"143":12,"144":12,"145":12,"146":12,"147":12,"148":12,"149":12,"150":12,"151":12,"152":12,"153":12,"154":12,"155":12,"156":12,"157":12,"158":26,"159":1,"160":1,"161":1,"162":1,"163":43,"164":43,"165":1,"166":1,"167":1,"168":1,"169":5,"170":5,"171":1,"172":1,"173":1,"174":1,"175":7,"176":7,"177":1,"178":1,"179":1,"180":1,"181":5,"182":5,"183":1,"184":1,"185":1,"186":1,"187":1,"188":1,"189":1,"190":1,"191":1,"192":1,"193":1,"194":1,"195":1,"196":1,"197":1,"198":1,"199":1,"200":1,"201":1,"202":1,"203":1,"204":1,"205":1,"206":1,"207":1,"208":1,"209":1,"210":1,"211":1,"212":1,"213":1,"214":1,"215":1,"216":1,"217":1,"218":1,"219":1,"220":1,"221":1,"222":1,"223":1,"224":1,"225":1,"226":1,"227":1,"228":1,"229":1,"230":1,"231":1,"232":1,"233":1,"234":1,"235":1,"236":1,"237":1,"238":1,"239":1,"240":1,"241":1,"242":1,"243":1,"244":1,"245":1,"246":1,"247":1,"248":1,"249":1,"250":1,"251":1,"252":1,"253":1,"254":1,"255":1,"256":1,"257":1,"258":1,"259":1,"260":1,"261":1,"262":1,"263":1,"264":1,"265":1,"266":1,"267":1,"268":1,"269":1,"270":1,"271":1,"272":1,"273":1,"274":1,"275":1,"276":1,"277":1},"branchMap":{"0":{"type":"branch","line":17,"loc":{"start":{"line":17,"column":2},"end":{"line":31,"column":3}},"locations":[{"start":{"line":17,"column":2},"end":{"line":31,"column":3}}]},"1":{"type":"branch","line":25,"loc":{"start":{"line":25,"column":18},"end":{"line":25,"column":34}},"locations":[{"start":{"line":25,"column":18},"end":{"line":25,"column":34}}]},"2":{"type":"branch","line":26,"loc":{"start":{"line":26,"column":18},"end":{"line":26,"column":34}},"locations":[{"start":{"line":26,"column":18},"end":{"line":26,"column":34}}]},"3":{"type":"branch","line":27,"loc":{"start":{"line":27,"column":22},"end":{"line":27,"column":42}},"locations":[{"start":{"line":27,"column":22},"end":{"line":27,"column":42}}]},"4":{"type":"branch","line":28,"loc":{"start":{"line":28,"column":24},"end":{"line":28,"column":49}},"locations":[{"start":{"line":28,"column":24},"end":{"line":28,"column":49}}]},"5":{"type":"branch","line":28,"loc":{"start":{"line":28,"column":33},"end":{"line":28,"column":54}},"locations":[{"start":{"line":28,"column":33},"end":{"line":28,"column":54}}]},"6":{"type":"branch","line":80,"loc":{"start":{"line":80,"column":9},"end":{"line":159,"column":3}},"locations":[{"start":{"line":80,"column":9},"end":{"line":159,"column":3}}]},"7":{"type":"branch","line":81,"loc":{"start":{"line":81,"column":35},"end":{"line":83,"column":5}},"locations":[{"start":{"line":81,"column":35},"end":{"line":83,"column":5}}]},"8":{"type":"branch","line":89,"loc":{"start":{"line":89,"column":35},"end":{"line":90,"column":45}},"locations":[{"start":{"line":89,"column":35},"end":{"line":90,"column":45}}]},"9":{"type":"branch","line":90,"loc":{"start":{"line":90,"column":41},"end":{"line":91,"column":50}},"locations":[{"start":{"line":90,"column":41},"end":{"line":91,"column":50}}]},"10":{"type":"branch","line":91,"loc":{"start":{"line":91,"column":46},"end":{"line":92,"column":44}},"locations":[{"start":{"line":91,"column":46},"end":{"line":92,"column":44}}]},"11":{"type":"branch","line":92,"loc":{"start":{"line":92,"column":40},"end":{"line":93,"column":37}},"locations":[{"start":{"line":92,"column":40},"end":{"line":93,"column":37}}]},"12":{"type":"branch","line":93,"loc":{"start":{"line":93,"column":33},"end":{"line":94,"column":38}},"locations":[{"start":{"line":93,"column":33},"end":{"line":94,"column":38}}]},"13":{"type":"branch","line":94,"loc":{"start":{"line":94,"column":34},"end":{"line":95,"column":43}},"locations":[{"start":{"line":94,"column":34},"end":{"line":95,"column":43}}]},"14":{"type":"branch","line":95,"loc":{"start":{"line":95,"column":39},"end":{"line":96,"column":42}},"locations":[{"start":{"line":95,"column":39},"end":{"line":96,"column":42}}]},"15":{"type":"branch","line":96,"loc":{"start":{"line":96,"column":38},"end":{"line":97,"column":43}},"locations":[{"start":{"line":96,"column":38},"end":{"line":97,"column":43}}]},"16":{"type":"branch","line":97,"loc":{"start":{"line":97,"column":39},"end":{"line":98,"column":40}},"locations":[{"start":{"line":97,"column":39},"end":{"line":98,"column":40}}]},"17":{"type":"branch","line":99,"loc":{"start":{"line":99,"column":6},"end":{"line":101,"column":5}},"locations":[{"start":{"line":99,"column":6},"end":{"line":101,"column":5}}]},"18":{"type":"branch","line":101,"loc":{"start":{"line":101,"column":4},"end":{"line":104,"column":60}},"locations":[{"start":{"line":101,"column":4},"end":{"line":104,"column":60}}]},"19":{"type":"branch","line":104,"loc":{"start":{"line":104,"column":56},"end":{"line":105,"column":42}},"locations":[{"start":{"line":104,"column":56},"end":{"line":105,"column":42}}]},"20":{"type":"branch","line":105,"loc":{"start":{"line":105,"column":38},"end":{"line":106,"column":40}},"locations":[{"start":{"line":105,"column":38},"end":{"line":106,"column":40}}]},"21":{"type":"branch","line":107,"loc":{"start":{"line":107,"column":6},"end":{"line":109,"column":5}},"locations":[{"start":{"line":107,"column":6},"end":{"line":109,"column":5}}]},"22":{"type":"branch","line":109,"loc":{"start":{"line":109,"column":4},"end":{"line":157,"column":5}},"locations":[{"start":{"line":109,"column":4},"end":{"line":157,"column":5}}]},"23":{"type":"branch","line":112,"loc":{"start":{"line":112,"column":15},"end":{"line":157,"column":5}},"locations":[{"start":{"line":112,"column":15},"end":{"line":157,"column":5}}]},"24":{"type":"branch","line":113,"loc":{"start":{"line":113,"column":35},"end":{"line":113,"column":44}},"locations":[{"start":{"line":113,"column":35},"end":{"line":113,"column":44}}]},"25":{"type":"branch","line":116,"loc":{"start":{"line":116,"column":8},"end":{"line":116,"column":68}},"locations":[{"start":{"line":116,"column":8},"end":{"line":116,"column":68}}]},"26":{"type":"branch","line":117,"loc":{"start":{"line":117,"column":8},"end":{"line":117,"column":66}},"locations":[{"start":{"line":117,"column":8},"end":{"line":117,"column":66}}]},"27":{"type":"branch","line":118,"loc":{"start":{"line":118,"column":8},"end":{"line":118,"column":64}},"locations":[{"start":{"line":118,"column":8},"end":{"line":118,"column":64}}]},"28":{"type":"branch","line":119,"loc":{"start":{"line":119,"column":8},"end":{"line":119,"column":62}},"locations":[{"start":{"line":119,"column":8},"end":{"line":119,"column":62}}]},"29":{"type":"branch","line":120,"loc":{"start":{"line":120,"column":8},"end":{"line":120,"column":65}},"locations":[{"start":{"line":120,"column":8},"end":{"line":120,"column":65}}]},"30":{"type":"branch","line":121,"loc":{"start":{"line":121,"column":8},"end":{"line":121,"column":66}},"locations":[{"start":{"line":121,"column":8},"end":{"line":121,"column":66}}]},"31":{"type":"branch","line":122,"loc":{"start":{"line":122,"column":8},"end":{"line":122,"column":72}},"locations":[{"start":{"line":122,"column":8},"end":{"line":122,"column":72}}]},"32":{"type":"branch","line":123,"loc":{"start":{"line":123,"column":8},"end":{"line":123,"column":67}},"locations":[{"start":{"line":123,"column":8},"end":{"line":123,"column":67}}]},"33":{"type":"branch","line":124,"loc":{"start":{"line":124,"column":8},"end":{"line":124,"column":69}},"locations":[{"start":{"line":124,"column":8},"end":{"line":124,"column":69}}]},"34":{"type":"branch","line":125,"loc":{"start":{"line":125,"column":8},"end":{"line":125,"column":68}},"locations":[{"start":{"line":125,"column":8},"end":{"line":125,"column":68}}]},"35":{"type":"branch","line":126,"loc":{"start":{"line":126,"column":8},"end":{"line":126,"column":69}},"locations":[{"start":{"line":126,"column":8},"end":{"line":126,"column":69}}]},"36":{"type":"branch","line":127,"loc":{"start":{"line":127,"column":8},"end":{"line":127,"column":73}},"locations":[{"start":{"line":127,"column":8},"end":{"line":127,"column":73}}]},"37":{"type":"branch","line":128,"loc":{"start":{"line":128,"column":8},"end":{"line":128,"column":68}},"locations":[{"start":{"line":128,"column":8},"end":{"line":128,"column":68}}]},"38":{"type":"branch","line":129,"loc":{"start":{"line":129,"column":8},"end":{"line":129,"column":67}},"locations":[{"start":{"line":129,"column":8},"end":{"line":129,"column":67}}]},"39":{"type":"branch","line":130,"loc":{"start":{"line":130,"column":8},"end":{"line":130,"column":70}},"locations":[{"start":{"line":130,"column":8},"end":{"line":130,"column":70}}]},"40":{"type":"branch","line":131,"loc":{"start":{"line":131,"column":8},"end":{"line":131,"column":72}},"locations":[{"start":{"line":131,"column":8},"end":{"line":131,"column":72}}]},"41":{"type":"branch","line":132,"loc":{"start":{"line":132,"column":8},"end":{"line":132,"column":69}},"locations":[{"start":{"line":132,"column":8},"end":{"line":132,"column":69}}]},"42":{"type":"branch","line":133,"loc":{"start":{"line":133,"column":8},"end":{"line":133,"column":72}},"locations":[{"start":{"line":133,"column":8},"end":{"line":133,"column":72}}]},"43":{"type":"branch","line":134,"loc":{"start":{"line":134,"column":8},"end":{"line":134,"column":66}},"locations":[{"start":{"line":134,"column":8},"end":{"line":134,"column":66}}]},"44":{"type":"branch","line":135,"loc":{"start":{"line":135,"column":8},"end":{"line":135,"column":68}},"locations":[{"start":{"line":135,"column":8},"end":{"line":135,"column":68}}]},"45":{"type":"branch","line":136,"loc":{"start":{"line":136,"column":8},"end":{"line":136,"column":71}},"locations":[{"start":{"line":136,"column":8},"end":{"line":136,"column":71}}]},"46":{"type":"branch","line":137,"loc":{"start":{"line":137,"column":8},"end":{"line":137,"column":69}},"locations":[{"start":{"line":137,"column":8},"end":{"line":137,"column":69}}]},"47":{"type":"branch","line":138,"loc":{"start":{"line":138,"column":8},"end":{"line":138,"column":69}},"locations":[{"start":{"line":138,"column":8},"end":{"line":138,"column":69}}]},"48":{"type":"branch","line":139,"loc":{"start":{"line":139,"column":8},"end":{"line":139,"column":65}},"locations":[{"start":{"line":139,"column":8},"end":{"line":139,"column":65}}]},"49":{"type":"branch","line":140,"loc":{"start":{"line":140,"column":8},"end":{"line":140,"column":69}},"locations":[{"start":{"line":140,"column":8},"end":{"line":140,"column":69}}]},"50":{"type":"branch","line":141,"loc":{"start":{"line":141,"column":8},"end":{"line":141,"column":68}},"locations":[{"start":{"line":141,"column":8},"end":{"line":141,"column":68}}]},"51":{"type":"branch","line":142,"loc":{"start":{"line":142,"column":8},"end":{"line":142,"column":68}},"locations":[{"start":{"line":142,"column":8},"end":{"line":142,"column":68}}]},"52":{"type":"branch","line":143,"loc":{"start":{"line":143,"column":8},"end":{"line":143,"column":67}},"locations":[{"start":{"line":143,"column":8},"end":{"line":143,"column":67}}]},"53":{"type":"branch","line":144,"loc":{"start":{"line":144,"column":8},"end":{"line":144,"column":65}},"locations":[{"start":{"line":144,"column":8},"end":{"line":144,"column":65}}]},"54":{"type":"branch","line":145,"loc":{"start":{"line":145,"column":8},"end":{"line":145,"column":73}},"locations":[{"start":{"line":145,"column":8},"end":{"line":145,"column":73}}]},"55":{"type":"branch","line":146,"loc":{"start":{"line":146,"column":8},"end":{"line":146,"column":75}},"locations":[{"start"
[...]
217":{"start":{"line":218,"column":0},"end":{"line":218,"column":0}},"218":{"start":{"line":219,"column":0},"end":{"line":219,"column":78}},"219":{"start":{"line":220,"column":0},"end":{"line":220,"column":29}},"220":{"start":{"line":221,"column":0},"end":{"line":221,"column":78}},"221":{"start":{"line":222,"column":0},"end":{"line":222,"column":0}},"222":{"start":{"line":223,"column":0},"end":{"line":223,"column":3}},"223":{"start":{"line":224,"column":0},"end":{"line":224,"column":83}},"224":{"start":{"line":225,"column":0},"end":{"line":225,"column":2}},"225":{"start":{"line":226,"column":0},"end":{"line":226,"column":67}},"226":{"start":{"line":227,"column":0},"end":{"line":227,"column":35}},"227":{"start":{"line":228,"column":0},"end":{"line":228,"column":2}},"228":{"start":{"line":229,"column":0},"end":{"line":229,"column":11}},"229":{"start":{"line":230,"column":0},"end":{"line":230,"column":8}},"230":{"start":{"line":231,"column":0},"end":{"line":231,"column":48}},"231":{"start":{"line":232,"column":0},"end":{"line":232,"column":50}},"232":{"start":{"line":233,"column":0},"end":{"line":233,"column":32}},"233":{"start":{"line":234,"column":0},"end":{"line":234,"column":6}},"234":{"start":{"line":235,"column":0},"end":{"line":235,"column":3}},"235":{"start":{"line":236,"column":0},"end":{"line":236,"column":82}},"236":{"start":{"line":237,"column":0},"end":{"line":237,"column":73}},"237":{"start":{"line":238,"column":0},"end":{"line":238,"column":0}},"238":{"start":{"line":239,"column":0},"end":{"line":239,"column":10}},"239":{"start":{"line":240,"column":0},"end":{"line":240,"column":34}},"240":{"start":{"line":241,"column":0},"end":{"line":241,"column":52}},"241":{"start":{"line":242,"column":0},"end":{"line":242,"column":62}},"242":{"start":{"line":243,"column":0},"end":{"line":243,"column":44}},"243":{"start":{"line":244,"column":0},"end":{"line":244,"column":67}},"244":{"start":{"line":245,"column":0},"end":{"line":245,"column":11}},"245":{"start":{"line":246,"column":0},"end":{"line":246,"column":38}},"246":{"start":{"line":247,"column":0},"end":{"line":247,"column":52}},"247":{"start":{"line":248,"column":0},"end":{"line":248,"column":60}},"248":{"start":{"line":249,"column":0},"end":{"line":249,"column":43}},"249":{"start":{"line":250,"column":0},"end":{"line":250,"column":53}},"250":{"start":{"line":251,"column":0},"end":{"line":251,"column":4}},"251":{"start":{"line":252,"column":0},"end":{"line":252,"column":1}},"252":{"start":{"line":253,"column":0},"end":{"line":253,"column":0}},"253":{"start":{"line":254,"column":0},"end":{"line":254,"column":3}},"254":{"start":{"line":255,"column":0},"end":{"line":255,"column":49}},"255":{"start":{"line":256,"column":0},"end":{"line":256,"column":3}},"256":{"start":{"line":257,"column":0},"end":{"line":257,"column":62}},"257":{"start":{"line":258,"column":0},"end":{"line":258,"column":43}},"258":{"start":{"line":259,"column":0},"end":{"line":259,"column":101}},"259":{"start":{"line":260,"column":0},"end":{"line":260,"column":36}},"260":{"start":{"line":261,"column":0},"end":{"line":261,"column":3}},"261":{"start":{"line":262,"column":0},"end":{"line":262,"column":44}},"262":{"start":{"line":263,"column":0},"end":{"line":263,"column":36}},"263":{"start":{"line":264,"column":0},"end":{"line":264,"column":1}},"264":{"start":{"line":265,"column":0},"end":{"line":265,"column":0}},"265":{"start":{"line":266,"column":0},"end":{"line":266,"column":78}},"266":{"start":{"line":267,"column":0},"end":{"line":267,"column":23}},"267":{"start":{"line":268,"column":0},"end":{"line":268,"column":78}},"268":{"start":{"line":269,"column":0},"end":{"line":269,"column":0}},"269":{"start":{"line":270,"column":0},"end":{"line":270,"column":3}},"270":{"start":{"line":271,"column":0},"end":{"line":271,"column":58}},"271":{"start":{"line":272,"column":0},"end":{"line":272,"column":3}},"272":{"start":{"line":273,"column":0},"end":{"line":273,"column":37}},"273":{"start":{"line":274,"column":0},"end":{"line":274,"column":44}},"274":{"start":{"line":275,"column":0},"end":{"line":275,"column":20}},"275":{"start":{"line":276,"column":0},"end":{"line":276,"column":40}},"276":{"start":{"line":277,"column":0},"end":{"line":277,"column":17}},"277":{"start":{"line":278,"column":0},"end":{"line":278,"column":51}},"278":{"start":{"line":279,"column":0},"end":{"line":279,"column":18}},"279":{"start":{"line":280,"column":0},"end":{"line":280,"column":58}},"280":{"start":{"line":281,"column":0},"end":{"line":281,"column":23}},"281":{"start":{"line":282,"column":0},"end":{"line":282,"column":36}},"282":{"start":{"line":283,"column":0},"end":{"line":283,"column":16}},"283":{"start":{"line":284,"column":0},"end":{"line":284,"column":34}},"284":{"start":{"line":285,"column":0},"end":{"line":285,"column":16}},"285":{"start":{"line":286,"column":0},"end":{"line":286,"column":43}},"286":{"start":{"line":287,"column":0},"end":{"line":287,"column":19}},"287":{"start":{"line":288,"column":0},"end":{"line":288,"column":1}},"288":{"start":{"line":289,"column":0},"end":{"line":289,"column":0}},"289":{"start":{"line":290,"column":0},"end":{"line":290,"column":3}},"290":{"start":{"line":291,"column":0},"end":{"line":291,"column":84}},"291":{"start":{"line":292,"column":0},"end":{"line":292,"column":2}},"292":{"start":{"line":293,"column":0},"end":{"line":293,"column":67}},"293":{"start":{"line":294,"column":0},"end":{"line":294,"column":45}},"294":{"start":{"line":295,"column":0},"end":{"line":295,"column":2}},"295":{"start":{"line":296,"column":0},"end":{"line":296,"column":11}},"296":{"start":{"line":297,"column":0},"end":{"line":297,"column":8}},"297":{"start":{"line":298,"column":0},"end":{"line":298,"column":48}},"298":{"start":{"line":299,"column":0},"end":{"line":299,"column":46}},"299":{"start":{"line":300,"column":0},"end":{"line":300,"column":38}},"300":{"start":{"line":301,"column":0},"end":{"line":301,"column":6}},"301":{"start":{"line":302,"column":0},"end":{"line":302,"column":3}},"302":{"start":{"line":303,"column":0},"end":{"line":303,"column":85}},"303":{"start":{"line":304,"column":0},"end":{"line":304,"column":10}},"304":{"start":{"line":305,"column":0},"end":{"line":305,"column":49}},"305":{"start":{"line":306,"column":0},"end":{"line":306,"column":42}},"306":{"start":{"line":307,"column":0},"end":{"line":307,"column":37}},"307":{"start":{"line":308,"column":0},"end":{"line":308,"column":47}},"308":{"start":{"line":309,"column":0},"end":{"line":309,"column":32}},"309":{"start":{"line":310,"column":0},"end":{"line":310,"column":32}},"310":{"start":{"line":311,"column":0},"end":{"line":311,"column":39}},"311":{"start":{"line":312,"column":0},"end":{"line":312,"column":4}},"312":{"start":{"line":313,"column":0},"end":{"line":313,"column":1}}},"s":{"0":1,"1":1,"2":1,"3":1,"4":1,"5":1,"6":1,"7":1,"8":1,"9":1,"10":1,"11":1,"12":1,"13":1,"14":1,"15":1,"16":1,"17":1,"18":1,"19":1,"20":1,"21":1,"22":1,"23":1,"24":1,"25":1,"26":1,"27":1,"28":1,"29":112,"30":112,"31":112,"32":112,"33":112,"34":112,"35":112,"36":112,"37":112,"38":112,"39":112,"40":112,"41":112,"42":112,"43":112,"44":112,"45":112,"46":112,"47":112,"48":112,"49":112,"50":1,"51":1,"52":1,"53":1,"54":112,"55":112,"56":104,"57":104,"58":8,"59":112,"60":8,"61":8,"62":0,"63":0,"64":1,"65":1,"66":1,"67":1,"68":1,"69":112,"70":112,"71":112,"72":112,"73":112,"74":112,"75":1,"76":1,"77":1,"78":1,"79":1,"80":1,"81":1,"82":1,"83":1,"84":1,"85":1,"86":1,"87":1,"88":1,"89":1,"90":1,"91":1,"92":1,"93":1,"94":1,"95":1,"96":1,"97":1,"98":1,"99":1,"100":1,"101":1,"102":1,"103":1,"104":1,"105":1,"106":1,"107":1,"108":1,"109":1,"110":1,"111":104,"112":104,"113":104,"114":104,"115":104,"116":104,"117":104,"118":104,"119":104,"120":1,"121":1,"122":1,"123":1,"124":1,"125":1,"126":1,"127":1,"128":1,"129":1,"130":1,"131":1,"132":1,"133":1,"134":1,"135":1,"136":1,"137":1,"138":1,"139":1,"140":1,"141":1,"142":1,"143":1,"144":1,"145":1,"146":1,"147":1,"148":1,"149":1,"150":1,"151":1,"152":1,"153":1,"154":1,"155":1,"156":1,"157":1,"158":1,"159":1,"160":1,"161":107,"162":107,"163":107,"164":107,"165":107,"166":104,"167":505,"168":505,"169":104,"170":107,"171":107,"172":107,"173":107,"174":107,"175":107,"176":107,"177":107,"178":107,"179":107,"180":107,"181":107,"182":107,"183":107,"184":1,"185":1,"186":1,"187":1,"188":1,"189":1,"190":1,"191":1,"192":1,"193":1,"194":1,"195":1,"196":1,"197":1,"198":1,"199":1,"200":1,"201":1,"202":1,"203":1,"204":1,"205":1,"206":1,"207":1,"208":1,"209":1,"210":1,"211":1,"212":2,"213":2,"214":2,"215":2,"216":2,"217":1,"218":1,"219":1,"220":1,"221":1,"222":1,"223":1,"224":1,"225":1,"226":1,"227":1,"228":1,"229":1,"230":1,"231":1,"232":1,"233":1,"234":1,"235":1,"236":105,"237":105,"238":105,"239":105,"240":105,"241":105,"242":105,"243":100,"244":5,"245":105,"246":105,"247":105,"248":105,"249":105,"250":105,"251":105,"252":1,"253":1,"254":1,"255":1,"256":105,"257":105,"258":105,"259":104,"260":104,"261":1,"262":1,"263":1,"264":1,"265":1,"266":1,"267":1,"268":1,"269":1,"270":1,"271":1,"272":1,"273":1,"274":1,"275":1,"276":1,"277":1,"278":1,"279":1,"280":1,"281":1,"282":1,"283":1,"284":1,"285":1,"286":1,"287":1,"288":1,"289":1,"290":1,"291":1,"292":1,"293":1,"294":1,"295":1,"296":1,"297":1,"298":1,"299":1,"300":1,"301":1,"302":1,"303":1,"304":1,"305":1,"306":1,"307":1,"308":1,"309":1,"310":1,"311":1,"312":1},"branchMap":{"0":{"type":"branch","line":29,"loc":{"start":{"line":29,"column":7},"end":{"line":50,"column":1}},"locations":[{"start":{"line":29,"column":7},"end":{"line":50,"column":1}}]},"1":{"type":"branch","line":42,"loc":{"start":{"line":42,"column":24},"end":{"line":42,"column":52}},"locations":[{"start":{"line":42,"column":24},"end":{"line":42,"column":52}}]},"2":{"type":"branch","line":42,"loc":{"start":{"line":42,"column":48},"end":{"line":42,"column":62}},"locations":[{"start":{"line":42,"column":48},"end":{"line":42,"column":62}}]},"3":{"type":"branch","line":43,"loc":{"start":{"line":43,"column":29},"end":{"line":43,"column":60}},"locations":[{"start":{"line":43,"column":29},"end":{"line":43,"column":60}}]},"4":{"type":"branch","line":43,"loc":{"start":{"line":43,"column":56},"end":{"line":43,"column":70}},"locations":[{"start":{"line":43,"column":56},"end":{"line":43,"column":70}}]},"5":{"type":"branch","line":46,"loc":{"start":{"line":46,"column":37},"end":{"line":46,"column":100}},"locations":[{"start":{"line":46,"column":37},"end":{"line":46,"column":100}}]},"6":{"type":"branch","line":46,"loc":{"start":{"line":46,"column":96},"end":{"line":46,"column":110}},"locations":[{"start":{"line":46,"column":96},"end":{"line":46,"column":110}}]},"7":{"type":"branch","line":55,"loc":{"start":{"line":55,"column":0},"end":{"line":64,"column":1}},"locations":[{"start":{"line":55,"column":0},"end":{"line":64,"column":1}}]},"8":{"type":"branch","line":56,"loc":{"start":{"line":56,"column":34},"end":{"line":58,"column":3}},"locations":[{"start":{"line":56,"column":34},"end":{"line":58,"column":3}}]},"9":{"type":"branch","line":58,"loc":{"start":{"line":58,"column":2},"end":{"line":60,"column":46}},"locations":[{"start":{"line":58,"column":2},"end":{"line":60,"column":46}}]},"10":{"type":"branch","line":60,"loc":{"start":{"line":60,"column":34},"end":{"line":60,"column":63}},"locations":[{"start":{"line":60,"column":34},"end":{"line":60,"column":63}}]},"11":{"type":"branch","line":60,"loc":{"start":{"line":60,"column":63},"end":{"line":64,"column":1}},"locations":[{"start":{"line":60,"column":63},"end":{"line":64,"column":1}}]},"12":{"type":"branch","line":62,"loc":{"start":{"line":62,"column":2},"end":{"line":64,"column":1}},"locations":[{"start":{"line":62,"column":2},"end":{"line":64,"column":1}}]},"13":{"type":"branch","line":70,"loc":{"start":{"line":70,"column":0},"end":{"line":75,"column":1}},"locations":[{"start":{"line":70,"column":0},"end":{"line":75,"column":1}}]},"14":{"type":"branch","line":111,"loc":{"start":{"line":111,"column":7},"end":{"line":120,"column":1}},"locations":[{"start":{"line":111,"column":7},"end":{"line":120,"column":1}}]},"15":{"type":"branch","line":114,"loc":{"start":{"line":114,"column":33},"end":{"line":114,"column":45}},"locations":[{"start":{"line":114,"column":33},"end":{"line":114,"column":45}}]},"16":{"type":"branch","line":115,"loc":{"start":{"line":115,"column":29},"end":{"line":115,"column":35}},"locations":[{"start":{"line":115,"column":29},"end":{"line":115,"column":35}}]},"17":{"type":"branch","line":116,"loc":{"start":{"line":116,"column":54},"end":{"line":116,"column":60}},"locations":[{"start":{"line":116,"column":54},"end":{"line":116,"column":60}}]},"18":{"type":"branch","line":117,"loc":{"start":{"line":117,"column":44},"end":{"line":117,"column":50}},"locations":[{"start":{"line":117,"column":44},"end":{"line":117,"column":50}}]},"19":{"type":"branch","line":118,"loc":{"start":{"line":118,"column":54},"end":{"line":118,"column":60}},"locations":[{"start":{"line":118,"column":54},"end":{"line":118,"column":60}}]},"20":{"type":"branch","line":161,"loc":{"start":{"line":161,"column":7},"end":{"line":184,"column":1}},"locations":[{"start":{"line":161,"column":7},"end":{"line":184,"column":1}}]},"21":{"type":"branch","line":166,"loc":{"start":{"line":166,"column":38},"end":{"line":170,"column":3}},"locations":[{"start":{"line":166,"column":38},"end":{"line":170,"column":3}}]},"22":{"type":"branch","line":167,"loc":{"start":{"line":167,"column":51},"end":{"line":169,"column":5}},"locations":[{"start":{"line":167,"column":51},"end":{"line":169,"column":5}}]},"23":{"type":"branch","line":173,"loc":{"start":{"line":173,"column":53},"end":{"line":173,"column":61}},"locations":[{"start":{"line":173,"column":53},"end":{"line":173,"column":61}}]},"24":{"type":"branch","line":174,"loc":{"start":{"line":174,"column":49},"end":{"line":174,"column":57}},"locations":[{"start":{"line":174,"column":49},"end":{"line":174,"column":57}}]},"25":{"type":"branch","line":175,"loc":{"start":{"line":175,"column":45},"end":{"line":175,"column":53}},"locations":[{"start":{"line":175,"column":45},"end":{"line":175,"column":53}}]},"26":{"type":"branch","line":176,"loc":{"start":{"line":176,"column":58},"end":{"line":176,"column":66}},"locations":[{"start":{"line":176,"column":58},"end":{"line":176,"column":66}}]},"27":{"type":"branch","line":177,"loc":{"start":{"line":177,"column":58},"end":{"line":177,"column":66}},"locations":[{"start":{"line":177,"column":58},"end":{"line":177,"column":66}}]},"28":{"type":"branch","line":178,"loc":{"start":{"line":178,"column":56},"end":{"line":178,"column":64}},"locations":[{"start":{"line":178,"column":56},"end":{"line":178,"column":64}}]},"29":{"type":"branch","line":181,"loc":{"start":{"line":181,"column":46},"end":{"line":181,"column":54}},"locations":[{"start":{"line":181,"column":46},"end":{"line":181,"column":54}}]},"30":{"type":"branch","line":212,"loc":{"start":{"line":212,"column":7},"end":{"line":217,"column":1}},"locations":[{"start":{"line":212,"column":7},"end":{"line":217,"column":1}}]},"31":{"type":"branch","line":236,"loc":{"start":{"line":236,"column":7},"end":{"line":252,"column":1}},"locations":[{"start":{"line":236,"column":7},"end":{"line":252,"column":1}}]},"32":{"type":"branch","line":237,"loc":{"start":{"line":237,"column":44},"end":{"line":237,"column":73}},"locations":[{"start":{"line":237,"column":44},"end":{"line":237,"column":73}}]},"33":{"type":"branch","line":242,"loc":{"start":{"line":242,"column":53},"end":{"line":242,"column":59}},"locations":[{"start":{"line":242,"column":53},"end":{"line":242,"column":59}}]},"34":{"type":"branch","line":243,"loc":{"start":{"line":243,"column":43},"end":{"line":244,"column":67}},"locations":[{"start":{"line":243,"column":43},"end":{"line":244,"column":67}}]},"35":{"type":"branch","line":244,"loc":{"start":{"line":244,"column":66},"end":{"line":245,"column":11}},"locations":[{"start":{"line":244,"column":66},"end":{"line":245,"column":11}}]},"36":{"type":"branch","line":247,"loc":{"start":{"line":247,"column":43},"end":{"line":247,"column":49}},"locations":[{"start":{"line":247,"column":43},"end":{"line":247,"column":49}}]},"37":{"type":"branch","line":248,"loc":{"start":{"line":248,"column":51},"end":{"line":248,"column":57}},"locations":[{"start":{"line":248,"column":51},"end":{"line":248,"column":57}}]},"38":{"type":"branch","line":250,"loc":{"start":{"line":250,"column":45},"end":{"line":250,"column":51}},"locations":[{"start":{"line":250,"column":45},"end":{"line":250,"column":51}}]},"39":{"type":"branch","line":257,"loc":{"start":{"line":257,"column":0},"end":{"line":264,"column":1}},"locations":[{"start":{"line":257,"column":0},"end":{"line":264,"column":1}}]},"40":{"type":"branch","line":259,"loc":{"start":{"line":259,"column":17},"end":{"line":259,"column":52}},"locations":[{"start":{"line":259,"column":17},"end":{"line":259,"column":52}}]},"41":{"type":"branch","line":259,"loc":{"start":{"line":259,"column":40},"end":{"line":259,"column":77}},"locations":[{"start":{"line":259,"column":40},"end":{"line":259,"column":77}}]},"42":{"type":"branch","line":259,"loc":{"start":{"line":259,"column":63},"end":{"line":259,"column":100}},"locations":[{"start":{"line":259,"column":63},"end":{"line":259,"column":100}}]},"43":{"type":"branch","line":259,"loc":{"start":{"line":259,"column":100},"end":{"line":261,"column":3}},"locations":[{"start":{"line":259,"column":100},"end":{"line":261,"column":3}}]},"44":{"type":"branch","line":261,"loc":{"start":{"line":261,"column":2},"end":{"line":264,"column":1}},"locations":[{"start":{"line":261,"column":2},"end":{"line":264,"column":1}}]},"45":{"type":"branch","line":303,"loc":{"start":{"line":303,"column":7},"end":{"line":313,"column":1}},"locations":[{"start":{"line":303,"column":7},"end":{"line":313,"column":1}}]}},"b":{"0":[112],"1":[84],"2":[28],"3":[85],"4":[27],"5":[74],"6":[38],"7":[112],"8":[104],"9":[8],"10":[8],"11":[8],"12":[0],"13":[112],"14":[104],"15":[2],"16":[2],"17":[2],"18":[2],"19":[2],"20":[107],"21":[104],"22":[505],"23":[0],"24":[0],"25":[0],"26":[0],"27":[0],"28":[0],"29":[0],"30":[2],"31":[105],"32":[102],"33":[2],"34":[100],"35":[5],"36":[2],"37":[2],"38":[2],"39":[105],"40":[79],"41":[55],"42":[29],"43":[104],"44":[1],"45":[1]},"fnMap":{"0":{"name":"decodeInvoice","decl":{"start":{"line":29,"column":7},"end":{"line":50,"column":1}},"loc":{"start":{"line":29,"column":7},"end":{"line":50,"column":1}},"line":29},"1":{"name":"parseInvoiceStatus","decl":{"start":{"line":55,"column":0},"end":{"line":64,"column":1}},"loc":{"start":{"line":55,"column":0},"end":{"line":64,"column":1}},"line":55},"2":{"name":"computeEffectiveYieldBps","decl":{"start":{"line":70,"column":0},"end":{"line":75,"column":1}},"loc":{"start":{"line":70,"column":0},"end":{"line":75,"column":1}},"line":70},"3":{"name":"decodeReputationScore","decl":{"start":{"line":111,"column":7},"end":{"line":120,"column":1}},"loc":{"start":{"line":111,"column":7},"end":{"line":120,"column":1}},"line":111},"4":{"name":"decodeContractStats","decl":{"start":{"line":161,"column":7},"end":{"line":184,"column":1}},"loc":{"start":{"line":161,"column":7},"end":{"line":184,"column":1}},"line":161},"5":{"name":"decodeTopPayerEntry","decl":{"start":{"line":212,"column":7},"end":{"line":217,"column":1}},"loc":{"start":{"line":212,"column":7},"end":{"line":217,"column":1}},"line":212},"6":{"name":"decodeGovernanceProposal","decl":{"start":{"line":236,"column":7},"end":{"line":252,"column":1}},"loc":{"start":{"line":236,"column":7},"end":{"line":252,"column":1}},"line":236},"7":{"name":"parseProposalStatus","decl":{"start":{"line":257,"column":0},"end":{"line":264,"column":1}},"loc":{"start":{"line":257,"column":0},"end":{"line":264,"column":1}},"line":257},"8":{"name":"decodeNftMetadata","decl":{"start":{"line":303,"column":7},"end":{"line":313,"column":1}},"loc":{"start":{"line":303,"column":7},"end":{"line":313,"column":1}},"line":303}},"f":{"0":112,"1":112,"2":112,"3":104,"4":107,"5":2,"6":105,"7":105,"8":1}}
}
