TN:
SF:src/client.ts
FN:101,ILNClient
FN:123,testnet
FN:150,mainnet
FN:175,custom
FN:191,getReputation
FN:208,getContractStats
FN:226,getTopPayers
FN:246,getLpInvoices
FN:263,getInsurancePoolBalance
FN:277,getInsurancePoolCoverage
FN:292,isInsurancePoolEnrolled
FN:308,getInsurancePoolPremiumsPaid
FN:324,getInsurancePoolInfo
FN:340,getDistributionAccrual
FN:380,submitBatchTransaction
FN:412,ILNSingleton
FN:415,configure
FN:420,get client
FN:429,getReputation
FN:433,getContractStats
FN:437,getTopPayers
FN:441,getLpInvoices
FN:445,getInsurancePoolBalance
FN:449,getInsurancePoolCoverage
FN:453,isInsurancePoolEnrolled
FN:457,getInsurancePoolPremiumsPaid
FN:461,getInsurancePoolInfo
FN:465,getDistributionAccrual
FN:469,submitBatchTransaction
FNF:29
FNH:15
FNDA:58,ILNClient
FNDA:6,testnet
FNDA:3,mainnet
FNDA:49,custom
FNDA:0,getReputation
FNDA:0,getContractStats
FNDA:0,getTopPayers
FNDA:0,getLpInvoices
FNDA:0,getInsurancePoolBalance
FNDA:0,getInsurancePoolCoverage
FNDA:0,isInsurancePoolEnrolled
FNDA:0,getInsurancePoolPremiumsPaid
FNDA:0,getInsurancePoolInfo
FNDA:0,getDistributionAccrual
FNDA:0,submitBatchTransaction
FNDA:46,ILNSingleton
FNDA:0,configure
FNDA:9,get client
FNDA:1,getReputation
FNDA:1,getContractStats
FNDA:1,getTopPayers
FNDA:1,getLpInvoices
FNDA:1,getInsurancePoolBalance
FNDA:1,getInsurancePoolCoverage
FNDA:1,isInsurancePoolEnrolled
FNDA:1,getInsurancePoolPremiumsPaid
FNDA:1,getInsurancePoolInfo
FNDA:0,getDistributionAccrual
FNDA:0,submitBatchTransaction
DA:1,1
DA:2,1
DA:3,1
DA:4,1
DA:5,1
DA:6,1
DA:7,1
DA:8,1
DA:9,1
DA:10,1
DA:11,1
DA:12,1
DA:13,1
DA:14,1
DA:15,1
DA:16,1
DA:17,1
DA:18,1
DA:19,1
DA:20,1
DA:21,1
DA:22,1
DA:23,1
DA:24,1
DA:25,1
DA:26,1
DA:27,1
DA:28,1
DA:29,1
DA:30,1
DA:31,1
DA:32,1
DA:33,1
DA:34,1
DA:35,1
DA:36,1
DA:37,1
DA:38,1
DA:39,1
DA:40,1
DA:41,1
DA:42,1
DA:43,1
DA:44,1
DA:45,1
DA:46,1
DA:47,1
DA:48,1
DA:49,1
DA:50,1
DA:51,1
DA:52,1
DA:53,1
DA:54,1
DA:55,1
DA:56,1
DA:57,1
DA:58,1
DA:59,1
DA:60,1
DA:61,1
DA:62,1
DA:63,1
DA:64,1
DA:65,1
DA:66,1
DA:67,1
DA:68,1
DA:69,1
DA:70,1
DA:71,1
DA:72,1
DA:73,1
DA:74,1
DA:75,1
DA:76,1
DA:77,1
DA:78,1
DA:79,1
DA:80,1
DA:81,1
DA:82,1
DA:83,1
DA:84,1
DA:85,1
DA:86,1
DA:87,1
DA:88,1
DA:89,1
DA:90,1
DA:91,1
DA:92,1
DA:93,1
DA:94,1
DA:95,1
DA:96,1
DA:97,1
DA:98,1
DA:99,1
DA:100,1
DA:101,1
DA:102,58
DA:103,58
DA:104,58
DA:105,58
DA:106,58
DA:107,1
DA:108,1
DA:109,1
DA:110,1
DA:111,1
DA:112,1
DA:113,1
DA:114,1
DA:115,1
DA:116,1
DA:117,1
DA:118,1
DA:119,1
DA:120,1
DA:121,1
DA:122,1
DA:123,1
DA:124,6
DA:125,6
DA:126,6
DA:127,6
DA:128,6
DA:129,6
DA:130,6
DA:131,6
DA:132,5
DA:133,5
DA:134,5
DA:135,6
DA:136,6
DA:137,6
DA:138,1
DA:139,1
DA:140,1
DA:141,1
DA:142,1
DA:143,1
DA:144,1
DA:145,1
DA:146,1
DA:147,1
DA:148,1
DA:149,1
DA:150,1
DA:151,3
DA:152,3
DA:153,3
DA:154,3
DA:155,3
DA:156,3
DA:157,3
DA:158,3
DA:159,3
DA:160,3
DA:161,2
DA:162,2
DA:163,3
DA:164,3
DA:165,3
DA:166,1
DA:167,1
DA:168,1
DA:169,1
DA:170,1
DA:171,1
DA:172,1
DA:173,1
DA:174,1
DA:175,1
DA:176,49
DA:177,49
DA:178,1
DA:179,1
DA:180,1
DA:181,1
DA:182,1
DA:183,1
DA:184,1
DA:185,1
DA:186,1
DA:187,1
DA:188,1
DA:189,1
DA:190,1
DA:191,1
DA:192,0
DA:193,0
DA:194,0
DA:195,0
DA:196,0
DA:197,0
DA:198,0
DA:199,0
DA:200,1
DA:201,1
DA:202,1
DA:203,1
DA:204,1
DA:205,1
DA:206,1
DA:207,1
DA:208,1
DA:209,0
DA:210,0
DA:211,0
DA:212,0
DA:213,0
DA:214,0
DA:215,0
DA:216,0
DA:217,1
DA:218,1
DA:219,1
DA:220,1
DA:221,1
DA:222,1
DA:223,1
DA:224,1
DA:225,1
DA:226,1
DA:227,0
DA:228,0
DA:229,0
DA:230,0
DA:231,0
DA:232,0
DA:233,0
DA:234,0
DA:235,1
DA:236,1
DA:237,1
DA:238,1
DA:239,1
DA:240,1
DA:241,1
DA:242,1
DA:243,1
DA:244,1
DA:245,1
DA:246,1
DA:247,0
DA:248,0
DA:249,0
DA:250,0
DA:251,0
DA:252,0
DA:253,0
DA:254,0
DA:255,0
DA:256,0
DA:257,1
DA:258,1
DA:259,1
DA:260,1
DA:261,1
DA:262,1
DA:263,1
DA:264,0
DA:265,0
DA:266,0
DA:267,0
DA:268,0
DA:269,0
DA:270,0
DA:271,1
DA:272,1
DA:273,1
DA:274,1
DA:275,1
DA:276,1
DA:277,1
DA:278,0
DA:279,0
DA:280,0
DA:281,0
DA:282,0
DA:283,0
DA:284,0
DA:285,1
DA:286,1
DA:287,1
DA:288,1
DA:289,1
DA:290,1
DA:291,1
DA:292,1
DA:293,0
DA:294,0
DA:295,0
DA:296,0
DA:297,0
DA:298,0
DA:299,0
DA:300,0
DA:301,1
DA:302,1
DA:303,1
DA:304,1
DA:305,1
DA:306,1
DA:307,1
DA:308,1
DA:309,0
DA:310,0
DA:311,0
DA:312,0
DA:313,0
DA:314,0
DA:315,0
DA:316,0
DA:317,1
DA:318,1
DA:319,1
DA:320,1
DA:321,1
DA:322,1
DA:323,1
DA:324,1
DA:325,0
DA:326,0
DA:327,0
DA:328,0
DA:329,0
DA:330,0
DA:331,0
DA:332,0
DA:333,1
DA:334,1
DA:335,1
DA:336,1
DA:337,1
DA:338,1
DA:339,1
DA:340,1
DA:341,0
DA:342,0
DA:343,0
DA:344,0
DA:345,0
DA:346,0
DA:347,0
DA:348,0
DA:349,1
DA:350,1
DA:351,1
DA:352,1
DA:353,1
DA:354,1
DA:355,1
DA:356,1
DA:357,1
DA:358,1
DA:359,1
DA:360,1
DA:361,1
DA:362,1
DA:363,1
DA:364,1
DA:365,1
DA:366,1
DA:367,1
DA:368,1
DA:369,1
DA:370,1
DA:371,1
DA:372,1
DA:373,1
DA:374,1
DA:375,1
DA:376,1
DA:377,1
DA:378,1
DA:379,1
DA:380,1
DA:381,0
DA:382,0
DA:383,0
DA:384,0
DA:385,0
DA:386,0
DA:387,0
DA:388,0
DA:389,0
DA:390,0
DA:391,0
DA:392,0
DA:393,1
DA:394,1
DA:395,1
DA:396,1
DA:397,1
DA:398,1
DA:399,1
DA:400,1
DA:401,1
DA:402,1
DA:403,1
DA:404,1
DA:405,1
DA:406,1
DA:407,1
DA:408,1
DA:409,1
DA:410,1
DA:411,1
DA:412,46
DA:413,46
DA:414,1
DA:415,1
DA:416,0
DA:417,0
DA:418,1
DA:419,1
DA:420,1
DA:421,9
DA:422,9
DA:423,9
DA:424,9
DA:425,9
DA:426,0
DA:427,9
DA:428,1
DA:429,1
DA:430,1
DA:431,1
DA:432,1
DA:433,1
DA:434,1
DA:435,1
DA:436,1
DA:437,1
DA:438,1
DA:439,1
DA:440,1
DA:441,1
DA:442,1
DA:443,1
DA:444,1
DA:445,1
DA:446,1
DA:447,1
DA:448,1
DA:449,1
DA:450,1
DA:451,1
DA:452,1
DA:453,1
DA:454,1
DA:455,1
DA:456,1
DA:457,1
DA:458,1
DA:459,1
DA:460,1
DA:461,1
DA:462,1
DA:463,1
DA:464,1
DA:465,1
DA:466,0
DA:467,0
DA:468,1
DA:469,1
DA:470,0
DA:471,0
DA:472,1
DA:473,1
DA:474,1
LF:474
LH:375
BRDA:101,0,0,58
BRDA:123,1,0,6
BRDA:128,2,0,1
BRDA:128,3,0,5
BRDA:131,4,0,1
BRDA:131,5,0,5
BRDA:135,6,0,1
BRDA:135,7,0,5
BRDA:150,8,0,3
BRDA:157,9,0,1
BRDA:157,10,0,2
BRDA:160,11,0,1
BRDA:160,12,0,2
BRDA:163,13,0,1
BRDA:163,14,0,2
BRDA:175,15,0,49
BRDA:412,16,0,46
BRDA:420,17,0,9
BRDA:425,18,0,0
BRDA:429,19,0,1
BRDA:433,20,0,1
BRDA:437,21,0,1
BRDA:441,22,0,1
BRDA:445,23,0,1
BRDA:449,24,0,1
BRDA:453,25,0,1
BRDA:457,26,0,1
BRDA:461,27,0,1
BRF:28
BRH:27
end_of_record
TN:
SF:src/errors.ts
FN:17,ILNError
FN:80,fromError
FN:163,ValidationError
FN:169,AuthorizationError
FN:175,InvoiceStateError
FN:181,ContractExecutionError
FN:187,NetworkError
FN:192,InvoiceNotFound
FN:193,AlreadyFunded
FN:194,AlreadyPaid
FN:195,NotFunded
FN:196,Unauthorized
FN:197,InvalidAmount
FN:198,InvalidDiscountRate
FN:199,InvalidDueDate
FN:200,InvoiceDefaulted
FN:201,NothingToClaim
FN:202,NotYetDefaulted
FN:203,OverfundingRejected
FN:204,InvoiceExpired
FN:205,BatchTooLarge
FN:206,AlreadyCancelled
FN:207,AlreadyInitialized
FN:208,AlreadyAppealed
FN:209,AppealWindowClosed
FN:210,NotDefaulted
FN:211,AlreadyInQueue
FN:212,NotApprovedFunder
FN:213,InvoiceAppealed
FN:214,AlreadyDisputed
FN:215,NotDisputed
FN:216,InvoiceDisputed
FN:217,ContractPaused
FN:218,DueDateTooSoon
FN:219,DueDateTooFar
FN:220,SelfInvoice
FN:221,OverpaymentRejected
FN:222,PayerReputationTooLow
FN:223,ArithmeticOverflow
FN:224,FeeOnTransferToken
FN:225,PayerUnverified
FN:226,OracleDataStale
FN:227,AmountTooSmall
FN:228,InvoiceNotCancellable
FN:229,InvalidAddress
FN:230,InvalidTransfer
FN:231,InsufficientAmount
FNF:47
FNH:26
FNDA:74,ILNError
FNDA:26,fromError
FNDA:43,ValidationError
FNDA:5,AuthorizationError
FNDA:7,InvoiceStateError
FNDA:5,ContractExecutionError
FNDA:1,NetworkError
FNDA:3,InvoiceNotFound
FNDA:1,AlreadyFunded
FNDA:0,AlreadyPaid
FNDA:0,NotFunded
FNDA:4,Unauthorized
FNDA:5,InvalidAmount
FNDA:4,InvalidDiscountRate
FNDA:1,InvalidDueDate
FNDA:1,InvoiceDefaulted
FNDA:0,NothingToClaim
FNDA:0,NotYetDefaulted
FNDA:0,OverfundingRejected
FNDA:0,InvoiceExpired
FNDA:1,BatchTooLarge
FNDA:0,AlreadyCancelled
FNDA:0,AlreadyInitialized
FNDA:0,AlreadyAppealed
FNDA:0,AppealWindowClosed
FNDA:2,NotDefaulted
FNDA:1,AlreadyInQueue
FNDA:1,NotApprovedFunder
FNDA:0,InvoiceAppealed
FNDA:1,AlreadyDisputed
FNDA:0,NotDisputed
FNDA:0,InvoiceDisputed
FNDA:1,ContractPaused
FNDA:2,DueDateTooSoon
FNDA:1,DueDateTooFar
FNDA:0,SelfInvoice
FNDA:0,OverpaymentRejected
FNDA:0,PayerReputationTooLow
FNDA:0,ArithmeticOverflow
FNDA:0,FeeOnTransferToken
FNDA:0,PayerUnverified
FNDA:0,OracleDataStale
FNDA:0,AmountTooSmall
FNDA:1,InvoiceNotCancellable
FNDA:26,InvalidAddress
FNDA:1,InvalidTransfer
FNDA:2,InsufficientAmount
DA:1,1
DA:2,1
DA:3,1
DA:4,1
DA:5,1
DA:6,1
DA:7,1
DA:8,1
DA:9,1
DA:10,1
DA:11,1
DA:12,1
DA:13,1
DA:14,1
DA:15,1
DA:16,1
DA:17,1
DA:18,74
DA:19,74
DA:20,74
DA:21,74
DA:22,74
DA:23,74
DA:24,74
DA:25,74
DA:26,74
DA:27,74
DA:28,74
DA:29,74
DA:30,74
DA:31,74
DA:32,1
DA:33,1
DA:34,1
DA:35,1
DA:36,1
DA:37,1
DA:38,1
DA:39,1
DA:40,1
DA:41,1
DA:42,1
DA:43,1
DA:44,1
DA:45,1
DA:46,1
DA:47,1
DA:48,1
DA:49,1
DA:50,1
DA:51,1
DA:52,1
DA:53,1
DA:54,1
DA:55,1
DA:56,1
DA:57,1
DA:58,1
DA:59,1
DA:60,1
DA:61,1
DA:62,1
DA:63,1
DA:64,1
DA:65,1
DA:66,1
DA:67,1
DA:68,1
DA:69,1
DA:70,1
DA:71,1
DA:72,1
DA:73,1
DA:74,1
DA:75,1
DA:76,1
DA:77,1
DA:78,1
DA:79,1
DA:80,1
DA:81,26
DA:82,0
DA:83,0
DA:84,26
DA:85,26
DA:86,26
DA:87,26
DA:88,26
DA:89,26
DA:90,25
DA:91,25
DA:92,25
DA:93,25
DA:94,25
DA:95,25
DA:96,25
DA:97,25
DA:98,25
DA:99,26
DA:100,1
DA:101,1
DA:102,25
DA:103,25
DA:104,25
DA:105,24
DA:106,24
DA:107,26
DA:108,1
DA:109,1
DA:110,24
DA:111,24
DA:112,24
DA:113,12
DA:114,12
DA:115,12
DA:116,12
DA:117,12
DA:118,12
DA:119,12
DA:120,12
DA:121,12
DA:122,12
DA:123,12
DA:124,12
DA:125,12
DA:126,12
DA:127,12
DA:128,12
DA:129,12
DA:130,12
DA:131,12
DA:132,12
DA:133,12
DA:134,12
DA:135,12
DA:136,12
DA:137,12
DA:138,12
DA:139,12
DA:140,12
DA:141,12
DA:142,12
DA:143,12
DA:144,12
DA:145,12
DA:146,12
DA:147,12
DA:148,12
DA:149,12
DA:150,12
DA:151,12
DA:152,12
DA:153,12
DA:154,12
DA:155,12
DA:156,12
DA:157,12
DA:158,12
DA:159,26
DA:160,1
DA:161,1
DA:162,1
DA:163,1
DA:164,43
DA:165,43
DA:166,1
DA:167,1
DA:168,1
DA:169,1
DA:170,5
DA:171,5
DA:172,1
DA:173,1
DA:174,1
DA:175,1
DA:176,7
DA:177,7
DA:178,1
DA:179,1
DA:180,1
DA:181,1
DA:182,5
DA:183,5
DA:184,1
DA:185,1
DA:186,1
DA:187,1
DA:188,1
DA:189,1
DA:190,1
DA:191,1
DA:192,1
DA:193,1
DA:194,1
DA:195,1
DA:196,1
DA:197,1
DA:198,1
DA:199,1
DA:200,1
DA:201,1
DA:202,1
DA:203,1
DA:204,1
DA:205,1
DA:206,1
DA:207,1
DA:208,1
DA:209,1
DA:210,1
DA:211,1
DA:212,1
DA:213,1
DA:214,1
DA:215,1
DA:216,1
DA:217,1
DA:218,1
DA:219,1
DA:220,1
DA:221,1
DA:222,1
DA:223,1
DA:224,1
DA:225,1
DA:226,1
DA:227,1
DA:228,1
DA:229,1
DA:230,1
DA:231,1
DA:232,1
DA:233,1
DA:234,1
DA:235,1
DA:236,1
DA:237,1
DA:238,1
DA:239,1
DA:240,1
DA:241,1
DA:242,1
DA:243,1
DA:244,1
DA:245,1
DA:246,1
DA:247,1
DA:248,1
DA:249,1
DA:250,1
DA:251,1
DA:252,1
DA:253,1
DA:254,1
DA:255,1
DA:256,1
DA:257,1
DA:258,1
DA:259,1
DA:260,1
DA:261,1
DA:262,1
DA:263,1
DA:264,1
DA:265,1
DA:266,1
DA:267,1
DA:268,1
DA:269,1
DA:270,1
DA:271,1
DA:272,1
DA:273,1
DA:274,1
DA:275,1
DA:276,1
DA:277,1
DA:278,1
LF:278
LH:276
BRDA:17,0,0,74
BRDA:25,1,0,12
BRDA:26,2,0,12
BRDA:27,3,0,12
BRDA:28,4,0,12
BRDA:28,5,0,62
BRDA:80,6,0,26
BRDA:81,7,0,0
BRDA:89,8,0,25
BRDA:90,9,0,25
BRDA:91,10,0,25
BRDA:92,11,0,25
BRDA:93,12,0,25
BRDA:94,13,0,25
BRDA:95,14,0,25
BRDA:96,15,0,25
BRDA:97,16,0,25
BRDA:99,17,0,1
BRDA:101,18,0,25
BRDA:104,19,0,24
BRDA:105,20,0,24
BRDA:107,21,0,1
BRDA:109,22,0,24
BRDA:112,23,0,12
BRDA:113,24,0,0
BRDA:116,25,0,2
BRDA:117,26,0,1
BRDA:118,27,0,0
BRDA:119,28,0,0
BRDA:120,29,0,3
BRDA:121,30,0,0
BRDA:122,31,0,0
BRDA:123,32,0,0
BRDA:124,33,0,1
BRDA:125,34,0,0
BRDA:126,35,0,0
BRDA:127,36,0,0
BRDA:128,37,0,0
BRDA:129,38,0,0
BRDA:130,39,0,0
BRDA:131,40,0,0
BRDA:132,41,0,0
BRDA:133,42,0,0
BRDA:134,43,0,1
BRDA:135,44,0,1
BRDA:136,45,0,1
BRDA:137,46,0,0
BRDA:138,47,0,1
BRDA:139,48,0,0
BRDA:140,49,0,0
BRDA:141,50,0,1
BRDA:142,51,0,0
BRDA:143,52,0,0
BRDA:144,53,0,0
BRDA:145,54,0,0
BRDA:146,55,0,0
BRDA:147,56,0,0
BRDA:148,57,0,0
BRDA:149,58,0,0
BRDA:150,59,0,0
BRDA:151,60,0,0
BRDA:152,61,0,0
BRDA:153,62,0,0
BRDA:154,63,0,0
BRDA:155,64,0,0
BRDA:157,65,0,12
BRDA:163,66,0,43
BRDA:169,67,0,5
BRDA:175,68,0,7
BRDA:181,69,0,5
BRDA:187,70,0,1
BRDA:192,71,0,3
BRDA:193,72,0,1
BRDA:196,73,0,4
BRDA:197,74,0,5
BRDA:198,75,0,4
BRDA:199,76,0,1
BRDA:200,77,0,1
BRDA:205,78,0,1
BRDA:210,79,0,2
BRDA:211,80,0,1
BRDA:212,81,0,1
BRDA:214,82,0,1
BRDA:217,83,0,1
BRDA:218,84,0,2
BRDA:219,85,0,1
BRDA:228,86,0,1
BRDA:229,87,0,26
BRDA:230,88,0,1
BRDA:231,89,0,2
BRF:90
BRH:57
end_of_record
TN:
SF:src/events/subscribe.ts
FN:57,decodeScVal
FN:67,extractEventType
FN:84,parseContractEvent
FN:95,parseContractEventInternal
FN:106,big
FN:109,num
FN:110,str
FN:111,bool
FN:351,matchesFilter
FN:399,subscribe
FN:415,trackEvent
FN:431,connect
FN:447,onmessage
FN:493,onerror
FN:511,scheduleReconnect
FN:548,unsubscribe
FN:564,replay
FNF:17
FNH:17
FNDA:100,decodeScVal
FNDA:35,extractEventType
FNDA:35,parseContractEvent
FNDA:35,parseContractEventInternal
FNDA:47,big
FNDA:42,num
FNDA:54,str
FNDA:2,bool
FNDA:23,matchesFilter
FNDA:14,subscribe
FNDA:7,trackEvent
FNDA:18,connect
FNDA:8,onmessage
FNDA:5,onerror
FNDA:6,scheduleReconnect
FNDA:5,unsubscribe
FNDA:3,replay
DA:1,1
DA:2,1
DA:3,1
DA:4,1
DA:5,1
DA:6,1
DA:7,1
DA:8,1
DA:9,1
DA:10,1
DA:11,1
DA:12,1
DA:13,1
DA:14,1
DA:15,1
DA:16,1
DA:17,1
DA:18,1
DA:19,1
DA:20,1
DA:21,1
DA:22,1
DA:23,1
DA:24,1
DA:25,1
DA:26,1
DA:27,1
DA:28,1
DA:29,1
DA:30,1
DA:31,1
DA:32,1
DA:33,1
DA:34,1
DA:35,1
DA:36,1
DA:37,1
DA:38,1
DA:39,1
DA:40,1
DA:41,1
DA:42,1
DA:43,1
DA:44,1
DA:45,1
DA:46,1
DA:47,1
DA:48,1
DA:49,1
DA:50,1
DA:51,1
DA:52,1
DA:53,1
DA:54,1
DA:55,1
DA:56,1
DA:57,100
DA:58,100
DA:59,100
DA:60,100
DA:61,100
DA:62,1
DA:63,1
DA:64,100
DA:65,1
DA:66,1
DA:67,35
DA:68,35
DA:69,35
DA:70,35
DA:71,35
DA:72,1
DA:73,1
DA:74,1
DA:75,1
DA:76,1
DA:77,1
DA:78,1
DA:79,1
DA:80,1
DA:81,1
DA:82,1
DA:83,1
DA:84,1
DA:85,35
DA:86,35
DA:87,35
DA:88,35
DA:89,31
DA:90,31
DA:91,31
DA:92,35
DA:93,35
DA:94,1
DA:95,35
DA:96,35
DA:97,35
DA:98,35
DA:99,35
DA:100,32
DA:101,32
DA:102,35
DA:103,35
DA:104,35
DA:105,35
DA:106,35
DA:107,47
DA:108,47
DA:109,35
DA:110,35
DA:111,35
DA:112,35
DA:113,35
DA:114,35
DA:115,1
DA:116,1
DA:117,1
DA:118,1
DA:119,1
DA:120,1
DA:121,1
DA:122,1
DA:123,1
DA:124,1
DA:125,1
DA:126,1
DA:127,1
DA:128,1
DA:129,35
DA:130,35
DA:131,3
DA:132,3
DA:133,3
DA:134,3
DA:135,3
DA:136,3
DA:137,3
DA:138,3
DA:139,3
DA:140,3
DA:141,3
DA:142,3
DA:143,3
DA:144,3
DA:145,3
DA:146,3
DA:147,3
DA:148,3
DA:149,3
DA:150,3
DA:151,35
DA:152,35
DA:153,1
DA:154,1
DA:155,1
DA:156,1
DA:157,1
DA:158,1
DA:159,1
DA:160,1
DA:161,1
DA:162,1
DA:163,1
DA:164,1
DA:165,1
DA:166,1
DA:167,1
DA:168,1
DA:169,35
DA:170,35
DA:171,1
DA:172,1
DA:173,1
DA:174,1
DA:175,1
DA:176,1
DA:177,1
DA:178,1
DA:179,1
DA:180,1
DA:181,35
DA:182,35
DA:183,1
DA:184,1
DA:185,1
DA:186,1
DA:187,1
DA:188,1
DA:189,1
DA:190,1
DA:191,1
DA:192,1
DA:193,1
DA:194,1
DA:195,1
DA:196,1
DA:197,1
DA:198,35
DA:199,35
DA:200,35
DA:201,1
DA:202,1
DA:203,1
DA:204,1
DA:205,1
DA:206,1
DA:207,1
DA:208,1
DA:209,1
DA:210,35
DA:211,35
DA:212,1
DA:213,1
DA:214,1
DA:215,1
DA:216,1
DA:217,1
DA:218,1
DA:219,1
DA:220,1
DA:221,35
DA:222,35
DA:223,1
DA:224,1
DA:225,1
DA:226,1
DA:227,1
DA:228,1
DA:229,1
DA:230,1
DA:231,1
DA:232,35
DA:233,35
DA:234,1
DA:235,1
DA:236,1
DA:237,1
DA:238,1
DA:239,1
DA:240,1
DA:241,1
DA:242,1
DA:243,35
DA:244,35
DA:245,1
DA:246,1
DA:247,1
DA:248,1
DA:249,1
DA:250,1
DA:251,1
DA:252,35
DA:253,35
DA:254,1
DA:255,1
DA:256,1
DA:257,1
DA:258,1
DA:259,1
DA:260,35
DA:261,35
DA:262,1
DA:263,1
DA:264,1
DA:265,1
DA:266,1
DA:267,1
DA:268,1
DA:269,1
DA:270,1
DA:271,35
DA:272,35
DA:273,1
DA:274,1
DA:275,1
DA:276,1
DA:277,1
DA:278,1
DA:279,1
DA:280,1
DA:281,35
DA:282,35
DA:283,8
DA:284,35
DA:285,35
DA:286,3
DA:287,35
DA:288,35
DA:289,1
DA:290,1
DA:291,1
DA:292,1
DA:293,1
DA:294,1
DA:295,1
DA:296,1
DA:297,35
DA:298,35
DA:299,1
DA:300,1
DA:301,1
DA:302,1
DA:303,1
DA:304,1
DA:305,1
DA:306,1
DA:307,35
DA:308,35
DA:309,1
DA:310,1
DA:311,1
DA:312,1
DA:313,1
DA:314,1
DA:315,1
DA:316,1
DA:317,1
DA:318,35
DA:319,35
DA:320,1
DA:321,1
DA:322,1
DA:323,1
DA:324,1
DA:325,1
DA:326,1
DA:327,1
DA:328,35
DA:329,35
DA:330,1
DA:331,1
DA:332,1
DA:333,1
DA:334,1
DA:335,1
DA:336,1
DA:337,1
DA:338,35
DA:339,35
DA:340,1
DA:341,35
DA:342,35
DA:343,1
DA:344,1
DA:345,1
DA:346,1
DA:347,1
DA:348,1
DA:349,1
DA:350,1
DA:351,1
DA:352,23
DA:353,2
DA:354,2
DA:355,21
DA:356,23
DA:357,5
DA:358,5
DA:359,5
DA:360,19
DA:361,23
DA:362,5
DA:363,5
DA:364,5
DA:365,5
DA:366,5
DA:367,5
DA:368,5
DA:369,17
DA:370,17
DA:371,17
DA:372,1
DA:373,1
DA:374,1
DA:375,1
DA:376,1
DA:377,1
DA:378,1
DA:379,1
DA:380,1
DA:381,1
DA:382,1
DA:383,1
DA:384,1
DA:385,1
DA:386,1
DA:387,1
DA:388,1
DA:389,1
DA:390,1
DA:391,1
DA:392,1
DA:393,1
DA:394,1
DA:395,1
DA:396,1
DA:397,1
DA:398,1
DA:399,1
DA:400,14
DA:401,14
DA:402,14
DA:403,14
DA:404,14
DA:405,14
DA:406,14
DA:407,14
DA:408,14
DA:409,14
DA:410,14
DA:411,14
DA:412,14
DA:413,14
DA:414,14
DA:415,14
DA:416,7
DA:417,4
DA:418,4
DA:419,0
DA:420,0
DA:421,0
DA:422,0
DA:423,0
DA:424,4
DA:425,4
DA:426,7
DA:427,4
DA:428,4
DA:429,7
DA:430,14
DA:431,14
DA:432,18
DA:433,18
DA:434,18
DA:435,18
DA:436,18
DA:437,18
DA:438,18
DA:439,18
DA:440,18
DA:441,18
DA:442,18
DA:443,1
DA:444,1
DA:445,18
DA:446,18
DA:447,18
DA:448,8
DA:449,7
DA:450,7
DA:451,7
DA:452,6
DA:453,6
DA:454,8
DA:455,1
DA:456,1
DA:457,5
DA:458,5
DA:459,5
DA:460,5
DA:461,1
DA:462,1
DA:463,8
DA:464,1
DA:465,1
DA:466,1
DA:467,1
DA:468,0
DA:469,0
DA:470,1
DA:471,1
DA:472,1
DA:473,1
DA:474,1
DA:475,1
DA:476,0
DA:477,0
DA:478,1
DA:479,5
DA:480,5
DA:481,8
DA:482,0
DA:483,0
DA:484,5
DA:485,8
DA:486,4
DA:487,4
DA:488,5
DA:489,8
DA:490,0
DA:491,0
DA:492,8
DA:493,18
DA:494,5
DA:495,5
DA:496,5
DA:497,5
DA:498,5
DA:499,5
DA:500,5
DA:501,18
DA:502,18
DA:503,18
DA:504,18
DA:505,18
DA:506,2
DA:507,2
DA:508,2
DA:509,18
DA:510,14
DA:511,14
DA:512,6
DA:513,6
DA:514,4
DA:515,4
DA:516,6
DA:517,6
DA:518,6
DA:519,14
DA:520,14
DA:521,14
DA:522,1
DA:523,1
DA:524,0
DA:525,0
DA:526,1
DA:527,1
DA:528,1
DA:529,1
DA:530,1
DA:531,1
DA:532,1
DA:533,1
DA:534,1
DA:535,1
DA:536,1
DA:537,1
DA:538,1
DA:539,0
DA:540,0
DA:541,0
DA:542,0
DA:543,1
DA:544,14
DA:545,13
DA:546,13
DA:547,14
DA:548,14
DA:549,5
DA:550,5
DA:551,0
DA:552,0
DA:553,0
DA:554,5
DA:555,5
DA:556,5
DA:557,14
DA:558,1
DA:559,1
DA:560,1
DA:561,1
DA:562,1
DA:563,1
DA:564,3
DA:565,3
DA:566,3
DA:567,3
DA:568,3
DA:569,3
DA:570,3
DA:571,3
DA:572,3
DA:573,3
DA:574,3
DA:575,3
DA:576,3
DA:577,3
DA:578,3
DA:579,3
DA:580,6
DA:581,6
DA:582,6
DA:583,6
DA:584,6
DA:585,6
DA:586,6
DA:587,6
DA:588,6
DA:589,6
DA:590,6
DA:591,6
DA:592,0
DA:593,0
DA:594,6
DA:595,6
DA:596,6
DA:597,8
DA:598,4
DA:599,4
DA:600,8
DA:601,0
DA:602,0
DA:603,4
DA:604,4
DA:605,8
DA:606,4
DA:607,4
DA:608,4
DA:609,4
DA:610,4
DA:611,4
DA:612,6
DA:613,6
DA:614,3
DA:615,3
DA:616,3
DA:617,3
DA:618,3
DA:619,3
DA:620,3
LF:620
LH:594
BRDA:57,0,0,100
BRDA:61,1,0,1
BRDA:67,2,0,35
BRDA:68,3,0,0
BRDA:69,4,0,2
BRDA:69,5,0,33
BRDA:70,6,0,0
BRDA:71,7,0,32
BRDA:71,8,0,1
BRDA:84,9,0,35
BRDA:88,10,0,31
BRDA:95,11,0,35
BRDA:99,12,0,3
BRDA:99,13,0,32
BRDA:102,14,0,0
BRDA:103,15,0,0
BRDA:104,16,0,32
BRDA:104,17,0,32
BRDA:104,18,0,0
BRDA:114,19,0,1
BRDA:116,20,0,0
BRDA:119,21,0,0
BRDA:130,22,0,3
BRDA:132,23,0,0
BRDA:135,24,0,0
BRDA:145,25,0,1
BRDA:145,26,0,2
BRDA:152,27,0,1
BRDA:157,28,0,0
BRDA:170,29,0,1
BRDA:175,30,0,0
BRDA:182,31,0,1
BRDA:187,32,0,0
BRDA:199,33,0,1
BRDA:200,34,0,1
BRDA:205,35,0,0
BRDA:211,36,0,1
BRDA:216,37,0,0
BRDA:222,38,0,1
BRDA:227,39,0,0
BRDA:233,40,0,1
BRDA:238,41,0,0
BRDA:244,42,0,1
BRDA:249,43,0,0
BRDA:253,44,0,1
BRDA:261,45,0,1
BRDA:266,46,0,0
BRDA:272,47,0,1
BRDA:277,48,0,0
BRDA:282,49,0,8
BRDA:285,50,0,3
BRDA:288,51,0,1
BRDA:290,52,0,0
BRDA:293,53,0,0
BRDA:298,54,0,1
BRDA:300,55,0,0
BRDA:308,56,0,1
BRDA:319,57,0,1
BRDA:324,58,0,0
BRDA:329,59,0,1
BRDA:334,60,0,0
BRDA:339,61,0,1
BRDA:106,62,0,47
BRDA:107,63,0,0
BRDA:109,64,0,42
BRDA:109,65,0,14
BRDA:110,66,0,54
BRDA:110,67,0,0
BRDA:111,68,0,2
BRDA:351,69,0,23
BRDA:352,70,0,7
BRDA:352,71,0,7
BRDA:352,72,0,2
BRDA:354,73,0,21
BRDA:356,74,0,5
BRDA:358,75,0,4
BRDA:358,76,0,2
BRDA:359,77,0,19
BRDA:361,78,0,5
BRDA:367,79,0,2
BRDA:368,80,0,17
BRDA:365,81,0,41
BRDA:365,82,0,20
BRDA:399,83,0,14
BRDA:411,84,0,1
BRDA:411,85,0,13
BRDA:521,86,0,1
BRDA:544,87,0,13
BRDA:415,88,0,7
BRDA:416,89,0,4
BRDA:418,90,0,0
BRDA:426,91,0,4
BRDA:431,92,0,18
BRDA:432,93,0,0
BRDA:442,94,0,1
BRDA:505,95,0,2
BRDA:447,96,0,8
BRDA:448,97,0,1
BRDA:448,98,0,7
BRDA:451,99,0,1
BRDA:451,100,0,6
BRDA:454,101,0,3
BRDA:454,102,0,1
BRDA:456,103,0,5
BRDA:460,104,0,1
BRDA:461,105,0,1
BRDA:463,106,0,1
BRDA:475,107,0,0
BRDA:478,108,0,5
BRDA:481,109,0,2
BRDA:481,110,0,0
BRDA:483,111,0,5
BRDA:485,112,0,4
BRDA:487,113,0,5
BRDA:489,114,0,0
BRDA:466,115,0,1
BRDA:467,116,0,0
BRDA:493,117,0,5
BRDA:494,118,0,1
BRDA:494,119,0,4
BRDA:495,120,0,1
BRDA:497,121,0,4
BRDA:511,122,0,6
BRDA:512,123,0,0
BRDA:513,124,0,4
BRDA:522,125,0,1
BRDA:523,126,0,0
BRDA:531,127,0,1
BRDA:532,128,0,0
BRDA:548,129,0,5
BRDA:550,130,0,0
BRDA:554,131,0,4
BRDA:564,132,0,3
BRDA:579,133,0,6
BRDA:591,134,0,0
BRDA:596,135,0,8
BRDA:597,136,0,4
BRDA:600,137,0,0
BRDA:602,138,0,4
BRDA:605,139,0,4
BRDA:613,140,0,3
BRDA:613,141,0,3
BRF:142
BRH:104
end_of_record
TN:
SF:src/generated/cancelInvoice.generated.ts
FN:1,(empty-report)
FNF:1
FNH:0
FNDA:0,(empty-report)
DA:1,0
DA:2,0
DA:3,0
DA:4,0
DA:5,0
DA:6,0
DA:7,0
DA:8,0
DA:9,0
DA:10,0
DA:11,0
DA:12,0
DA:13,0
DA:14,0
DA:15,0
DA:16,0
DA:17,0
DA:18,0
DA:19,0
DA:20,0
DA:21,0
DA:22,0
DA:23,0
DA:24,0
DA:25,0
DA:26,0
DA:27,0
DA:28,0
DA:29,0
DA:30,0
DA:31,0
DA:32,0
DA:33,0
DA:34,0
DA:35,0
DA:36,0
DA:37,0
DA:38,0
DA:39,0
DA:40,0
DA:41,0
DA:42,0
DA:43,0
DA:44,0
DA:45,0
DA:46,0
DA:47,0
DA:48,0
DA:49,0
DA:50,0
DA:51,0
DA:52,0
DA:53,0
DA:54,0
DA:55,0
LF:55
LH:0
BRDA:1,0,0,0
BRF:1
BRH:0
end_of_record
TN:
SF:src/generated/getInvoice.generated.ts
FN:1,(empty-report)
FNF:1
FNH:0
FNDA:0,(empty-report)
DA:1,0
DA:2,0
DA:3,0
DA:4,0
DA:5,0
DA:6,0
DA:7,0
DA:8,0
DA:9,0
DA:10,0
DA:11,0
DA:12,0
DA:13,0
DA:14,0
DA:15,0
DA:16,0
DA:17,0
DA:18,0
DA:19,0
DA:20,0
DA:21,0
DA:22,0
DA:23,0
DA:24,0
DA:25,0
DA:26,0
DA:27,0
DA:28,0
DA:29,0
DA:30,0
DA:31,0
DA:32,0
DA:33,0
DA:34,0
DA:35,0
DA:36,0
DA:37,0
DA:38,0
DA:39,0
DA:40,0
DA:41,0
DA:42,0
DA:43,0
DA:44,0
DA:45,0
DA:46,0
DA:47,0
DA:48,0
DA:49,0
DA:50,0
DA:51,0
DA:52,0
LF:52
LH:0
BRDA:1,0,0,0
BRF:1
BRH:0
end_of_record
TN:
SF:src/generated/index.generated.ts
FN:1,(empty-report)
FNF:1
FNH:0
FNDA:0,(empty-report)
DA:1,0
DA:2,0
DA:3,0
DA:4,0
DA:5,0
DA:6,0
DA:7,0
LF:7
LH:0
BRDA:1,0,0,0
BRF:1
BRH:0
end_of_record
TN:
SF:src/generated/markPaid.generated.ts
FN:1,(empty-report)
FNF:1
FNH:0
FNDA:0,(empty-report)
DA:1,0
DA:2,0
DA:3,0
DA:4,0
DA:5,0
DA:6,0
DA:7,0
DA:8,0
DA:9,0
DA:10,0
DA:11,0
DA:12,0
DA:13,0
DA:14,0
DA:15,0
DA:16,0
DA:17,0
DA:18,0
DA:19,0
DA:20,0
DA:21,0
DA:22,0
DA:23,0
DA:24,0
DA:25,0
DA:26,0
DA:27,0
DA:28,0
DA:29,0
DA:30,0
DA:31,0
DA:32,0
DA:33,0
DA:34,0
DA:35,0
DA:36,0
DA:37,0
DA:38,0
DA:39,0
DA:40,0
DA:41,0
DA:42,0
DA:43,0
DA:44,0
DA:45,0
DA:46,0
DA:47,0
DA:48,0
DA:49,0
DA:50,0
DA:51,0
DA:52,0
DA:53,0
DA:54,0
DA:55,0
DA:56,0
DA:57,0
LF:57
LH:0
BRDA:1,0,0,0
BRF:1
BRH:0
end_of_record
TN:
SF:src/methods/admin.ts
FN:18,setAdmin
FN:72,upgrade
FN:125,setDistributionContract
FN:180,addToken
FN:237,updateFeeRate
FN:291,updateMaxDiscount
FN:344,setPriceOracle
FN:400,setMaxOracleAge
FN:454,setInsurancePool
FN:509,getInsurancePool
FN:541,removeToken
FNF:11
FNH:9
FNDA:0,setAdmin
FNDA:0,upgrade
FNDA:3,setDistributionContract
FNDA:3,addToken
FNDA:3,updateFeeRate
FNDA:3,updateMaxDiscount
FNDA:3,setPriceOracle
FNDA:3,setMaxOracleAge
FNDA:1,setInsurancePool
FNDA:2,getInsurancePool
FNDA:3,removeToken
DA:1,1
DA:2,1
DA:3,1
DA:4,1
DA:5,1
DA:6,1
DA:7,1
DA:8,1
DA:9,1
DA:10,1
DA:11,1
DA:12,1
DA:13,1
DA:14,1
DA:15,1
DA:16,1
DA:17,1
DA:18,0
DA:19,0
DA:20,0
DA:21,0
DA:22,0
DA:23,0
DA:24,0
DA:25,0
DA:26,0
DA:27,0
DA:28,0
DA:29,0
DA:30,0
DA:31,0
DA:32,0
DA:33,0
DA:34,0
DA:35,0
DA:36,0
DA:37,0
DA:38,0
DA:39,0
DA:40,0
DA:41,0
DA:42,0
DA:43,0
DA:44,0
DA:45,0
DA:46,0
DA:47,0
DA:48,0
DA:49,0
DA:50,0
DA:51,0
DA:52,0
DA:53,0
DA:54,0
DA:55,0
DA:56,0
DA:57,0
DA:58,0
DA:59,0
DA:60,0
DA:61,0
DA:62,0
DA:63,0
DA:64,0
DA:65,0
DA:66,0
DA:67,0
DA:68,1
DA:69,1
DA:70,1
DA:71,1
DA:72,0
DA:73,0
DA:74,0
DA:75,0
DA:76,0
DA:77,0
DA:78,0
DA:79,0
DA:80,0
DA:81,0
DA:82,0
DA:83,0
DA:84,0
DA:85,0
DA:86,0
DA:87,0
DA:88,0
DA:89,0
DA:90,0
DA:91,0
DA:92,0
DA:93,0
DA:94,0
DA:95,0
DA:96,0
DA:97,0
DA:98,0
DA:99,0
DA:100,0
DA:101,0
DA:102,0
DA:103,0
DA:104,0
DA:105,0
DA:106,0
DA:107,0
DA:108,0
DA:109,0
DA:110,0
DA:111,0
DA:112,0
DA:113,0
DA:114,0
DA:115,0
DA:116,0
DA:117,0
DA:118,0
DA:119,0
DA:120,1
DA:121,1
DA:122,1
DA:123,1
DA:124,1
DA:125,3
DA:126,3
DA:127,3
DA:128,3
DA:129,3
DA:130,3
DA:131,3
DA:132,3
DA:133,3
DA:134,3
DA:135,3
DA:136,3
DA:137,3
DA:138,3
DA:139,3
DA:140,3
DA:141,3
DA:142,3
DA:143,3
DA:144,3
DA:145,3
DA:146,3
DA:147,3
DA:148,3
DA:149,3
DA:150,3
DA:151,1
DA:152,1
DA:153,1
DA:154,1
DA:155,1
DA:156,1
DA:157,3
DA:158,0
DA:159,0
DA:160,1
DA:161,1
DA:162,1
DA:163,3
DA:164,0
DA:165,0
DA:166,0
DA:167,0
DA:168,1
DA:169,3
DA:170,0
DA:171,0
DA:172,1
DA:173,1
DA:174,1
DA:175,1
DA:176,1
DA:177,1
DA:178,1
DA:179,1
DA:180,3
DA:181,3
DA:182,3
DA:183,3
DA:184,3
DA:185,3
DA:186,3
DA:187,3
DA:188,3
DA:189,3
DA:190,3
DA:191,3
DA:192,3
DA:193,3
DA:194,3
DA:195,3
DA:196,3
DA:197,3
DA:198,3
DA:199,3
DA:200,3
DA:201,3
DA:202,3
DA:203,3
DA:204,3
DA:205,3
DA:206,3
DA:207,3
DA:208,1
DA:209,1
DA:210,1
DA:211,1
DA:212,1
DA:213,1
DA:214,3
DA:215,0
DA:216,0
DA:217,1
DA:218,1
DA:219,1
DA:220,3
DA:221,0
DA:222,0
DA:223,0
DA:224,0
DA:225,1
DA:226,3
DA:227,0
DA:228,0
DA:229,1
DA:230,1
DA:231,1
DA:232,1
DA:233,1
DA:234,1
DA:235,1
DA:236,1
DA:237,3
DA:238,3
DA:239,3
DA:240,3
DA:241,3
DA:242,3
DA:243,3
DA:244,3
DA:245,3
DA:246,3
DA:247,3
DA:248,3
DA:249,3
DA:250,3
DA:251,3
DA:252,3
DA:253,3
DA:254,3
DA:255,3
DA:256,3
DA:257,3
DA:258,3
DA:259,3
DA:260,3
DA:261,1
DA:262,1
DA:263,2
DA:264,2
DA:265,2
DA:266,2
DA:267,3
DA:268,0
DA:269,0
DA:270,2
DA:271,2
DA:272,2
DA:273,3
DA:274,0
DA:275,0
DA:276,0
DA:277,0
DA:278,2
DA:279,3
DA:280,1
DA:281,1
DA:282,1
DA:283,1
DA:284,1
DA:285,1
DA:286,1
DA:287,1
DA:288,1
DA:289,1
DA:290,1
DA:291,3
DA:292,3
DA:293,3
DA:294,3
DA:295,3
DA:296,3
DA:297,3
DA:298,3
DA:299,3
DA:300,3
DA:301,3
DA:302,3
DA:303,3
DA:304,3
DA:305,3
DA:306,3
DA:307,3
DA:308,3
DA:309,3
DA:310,3
DA:311,3
DA:312,3
DA:313,3
DA:314,3
DA:315,1
DA:316,1
DA:317,2
DA:318,2
DA:319,2
DA:320,2
DA:321,3
DA:322,0
DA:323,0
DA:324,2
DA:325,2
DA:326,2
DA:327,3
DA:328,0
DA:329,0
DA:330,0
DA:331,0
DA:332,2
DA:333,3
DA:334,1
DA:335,1
DA:336,1
DA:337,1
DA:338,1
DA:339,1
DA:340,1
DA:341,1
DA:342,1
DA:343,1
DA:344,3
DA:345,3
DA:346,3
DA:347,3
DA:348,3
DA:349,3
DA:350,3
DA:351,3
DA:352,3
DA:353,3
DA:354,3
DA:355,3
DA:356,3
DA:357,3
DA:358,3
DA:359,3
DA:360,3
DA:361,3
DA:362,3
DA:363,3
DA:364,3
DA:365,3
DA:366,3
DA:367,3
DA:368,3
DA:369,3
DA:370,1
DA:371,1
DA:372,1
DA:373,1
DA:374,1
DA:375,1
DA:376,3
DA:377,0
DA:378,0
DA:379,1
DA:380,1
DA:381,1
DA:382,3
DA:383,0
DA:384,0
DA:385,0
DA:386,0
DA:387,1
DA:388,3
DA:389,0
DA:390,0
DA:391,1
DA:392,1
DA:393,1
DA:394,1
DA:395,1
DA:396,1
DA:397,1
DA:398,1
DA:399,1
DA:400,3
DA:401,3
DA:402,3
DA:403,3
DA:404,3
DA:405,3
DA:406,3
DA:407,3
DA:408,3
DA:409,3
DA:410,3
DA:411,3
DA:412,3
DA:413,3
DA:414,3
DA:415,3
DA:416,3
DA:417,3
DA:418,3
DA:419,3
DA:420,3
DA:421,3
DA:422,3
DA:423,3
DA:424,1
DA:425,1
DA:426,2
DA:427,2
DA:428,2
DA:429,2
DA:430,3
DA:431,0
DA:432,0
DA:433,2
DA:434,2
DA:435,2
DA:436,3
DA:437,0
DA:438,0
DA:439,0
DA:440,0
DA:441,2
DA:442,3
DA:443,1
DA:444,1
DA:445,1
DA:446,1
DA:447,1
DA:448,1
DA:449,1
DA:450,1
DA:451,1
DA:452,1
DA:453,1
DA:454,1
DA:455,1
DA:456,1
DA:457,1
DA:458,1
DA:459,1
DA:460,1
DA:461,1
DA:462,1
DA:463,1
DA:464,1
DA:465,1
DA:466,1
DA:467,1
DA:468,1
DA:469,1
DA:470,1
DA:471,1
DA:472,1
DA:473,1
DA:474,1
DA:475,1
DA:476,1
DA:477,1
DA:478,1
DA:479,1
DA:480,0
DA:481,0
DA:482,1
DA:483,1
DA:484,1
DA:485,1
DA:486,1
DA:487,0
DA:488,0
DA:489,1
DA:490,1
DA:491,1
DA:492,1
DA:493,0
DA:494,0
DA:495,0
DA:496,0
DA:497,1
DA:498,1
DA:499,0
DA:500,0
DA:501,1
DA:502,1
DA:503,1
DA:504,1
DA:505,1
DA:506,1
DA:507,1
DA:508,1
DA:509,2
DA:510,2
DA:511,2
DA:512,2
DA:513,2
DA:514,2
DA:515,2
DA:516,2
DA:517,2
DA:518,2
DA:519,2
DA:520,2
DA:521,2
DA:522,2
DA:523,2
DA:524,2
DA:525,2
DA:526,2
DA:527,2
DA:528,0
DA:529,0
DA:530,2
DA:531,1
DA:532,1
DA:533,1
DA:534,2
DA:535,2
DA:536,1
DA:537,1
DA:538,1
DA:539,1
DA:540,1
DA:541,3
DA:542,3
DA:543,3
DA:544,3
DA:545,3
DA:546,3
DA:547,3
DA:548,3
DA:549,3
DA:550,3
DA:551,3
DA:552,3
DA:553,3
DA:554,3
DA:555,3
DA:556,3
DA:557,3
DA:558,3
DA:559,3
DA:560,3
DA:561,3
DA:562,3
DA:563,3
DA:564,3
DA:565,3
DA:566,3
DA:567,1
DA:568,1
DA:569,1
DA:570,1
DA:571,1
DA:572,1
DA:573,3
DA:574,0
DA:575,0
DA:576,1
DA:577,1
DA:578,1
DA:579,3
DA:580,0
DA:581,0
DA:582,0
DA:583,0
DA:584,1
DA:585,3
DA:586,0
DA:587,0
DA:588,1
DA:589,1
DA:590,1
LF:590
LH:430
BRDA:125,0,0,3
BRDA:149,1,0,2
BRDA:150,2,0,1
BRDA:157,3,0,0
BRDA:159,4,0,1
BRDA:163,5,0,0
BRDA:163,6,0,0
BRDA:167,7,0,1
BRDA:169,8,0,0
BRDA:171,9,0,1
BRDA:149,10,0,2
BRDA:156,11,0,1
BRDA:161,12,0,1
BRDA:180,13,0,3
BRDA:206,14,0,2
BRDA:207,15,0,1
BRDA:214,16,0,0
BRDA:216,17,0,1
BRDA:220,18,0,0
BRDA:220,19,0,0
BRDA:224,20,0,1
BRDA:226,21,0,0
BRDA:228,22,0,1
BRDA:206,23,0,2
BRDA:213,24,0,1
BRDA:218,25,0,1
BRDA:237,26,0,3
BRDA:260,27,0,1
BRDA:262,28,0,2
BRDA:267,29,0,0
BRDA:269,30,0,2
BRDA:273,31,0,0
BRDA:273,32,0,0
BRDA:277,33,0,2
BRDA:279,34,0,1
BRDA:259,35,0,3
BRDA:266,36,0,2
BRDA:271,37,0,2
BRDA:291,38,0,3
BRDA:314,39,0,1
BRDA:316,40,0,2
BRDA:321,41,0,0
BRDA:323,42,0,2
BRDA:327,43,0,0
BRDA:327,44,0,0
BRDA:331,45,0,2
BRDA:333,46,0,1
BRDA:313,47,0,3
BRDA:320,48,0,2
BRDA:325,49,0,2
BRDA:344,50,0,3
BRDA:368,51,0,2
BRDA:369,52,0,1
BRDA:376,53,0,0
BRDA:378,54,0,1
BRDA:382,55,0,0
BRDA:382,56,0,0
BRDA:386,57,0,1
BRDA:388,58,0,0
BRDA:390,59,0,1
BRDA:368,60,0,2
BRDA:375,61,0,1
BRDA:380,62,0,1
BRDA:400,63,0,3
BRDA:423,64,0,1
BRDA:425,65,0,2
BRDA:430,66,0,0
BRDA:432,67,0,2
BRDA:436,68,0,0
BRDA:436,69,0,0
BRDA:440,70,0,2
BRDA:442,71,0,1
BRDA:422,72,0,3
BRDA:429,73,0,2
BRDA:434,74,0,2
BRDA:454,75,0,1
BRDA:479,76,0,0
BRDA:486,77,0,0
BRDA:492,78,0,0
BRDA:492,79,0,0
BRDA:498,80,0,0
BRDA:478,81,0,1
BRDA:485,82,0,1
BRDA:490,83,0,1
BRDA:509,84,0,2
BRDA:527,85,0,0
BRDA:530,86,0,1
BRDA:534,87,0,0
BRDA:534,88,0,1
BRDA:526,89,0,2
BRDA:541,90,0,3
BRDA:565,91,0,2
BRDA:566,92,0,1
BRDA:573,93,0,0
BRDA:575,94,0,1
BRDA:579,95,0,0
BRDA:579,96,0,0
BRDA:583,97,0,1
BRDA:585,98,0,0
BRDA:587,99,0,1
BRDA:565,100,0,2
BRDA:572,101,0,1
BRDA:577,102,0,1
BRF:103
BRH:71
end_of_record
TN:
SF:src/methods/adminControls.ts
FN:15,callAdminOp
FN:56,pause
FN:68,unpause
FNF:3
FNH:3
FNDA:5,callAdminOp
FNDA:3,pause
FNDA:2,unpause
DA:1,1
DA:2,1
DA:3,1
DA:4,1
DA:5,1
DA:6,1
DA:7,1
DA:8,1
DA:9,1
DA:10,1
DA:11,1
DA:12,1
DA:13,1
DA:14,1
DA:15,5
DA:16,5
DA:17,2
DA:18,2
DA:19,3
DA:20,3
DA:21,3
DA:22,3
DA:23,3
DA:24,3
DA:25,3
DA:26,3
DA:27,3
DA:28,3
DA:29,3
DA:30,3
DA:31,3
DA:32,3
DA:33,5
DA:34,1
DA:35,1
DA:36,2
DA:37,2
DA:38,2
DA:39,2
DA:40,5
DA:41,0
DA:42,0
DA:43,2
DA:44,2
DA:45,2
DA:46,1
DA:47,1
DA:48,1
DA:49,1
DA:50,1
DA:51,1
DA:52,1
DA:53,1
DA:54,1
DA:55,1
DA:56,3
DA:57,3
DA:58,3
DA:59,1
DA:60,1
DA:61,1
DA:62,1
DA:63,1
DA:64,1
DA:65,1
DA:66,1
DA:67,1
DA:68,2
DA:69,2
DA:70,2
LF:70
LH:68
BRDA:15,0,0,5
BRDA:16,1,0,2
BRDA:18,2,0,3
BRDA:33,3,0,1
BRDA:35,4,0,2
BRDA:40,5,0,0
BRDA:42,6,0,2
BRDA:23,7,0,3
BRDA:32,8,0,3
BRDA:39,9,0,2
BRDA:56,10,0,3
BRDA:68,11,0,2
BRF:12
BRH:11
end_of_record
TN:
SF:src/methods/appeal.ts
FN:40,appealInvoice
FN:112,resolveAppeal
FNF:2
FNH:2
FNDA:3,appealInvoice
FNDA:4,resolveAppeal
DA:1,1
DA:2,1
DA:3,1
DA:4,1
DA:5,1
DA:6,1
DA:7,1
DA:8,1
DA:9,1
DA:10,1
DA:11,1
DA:12,1
DA:13,1
DA:14,1
DA:15,1
DA:16,1
DA:17,1
DA:18,1
DA:19,1
DA:20,1
DA:21,1
DA:22,1
DA:23,1
DA:24,1
DA:25,1
DA:26,1
DA:27,1
DA:28,1
DA:29,1
DA:30,1
DA:31,1
DA:32,1
DA:33,1
DA:34,1
DA:35,1
DA:36,1
DA:37,1
DA:38,1
DA:39,1
DA:40,3
DA:41,3
DA:42,3
DA:43,3
DA:44,3
DA:45,3
DA:46,1
DA:47,1
DA:48,2
DA:49,2
DA:50,2
DA:51,2
DA:52,2
DA:53,3
DA:54,1
DA:55,1
DA:56,1
DA:57,1
DA:58,1
DA:59,1
DA:60,1
DA:61,1
DA:62,1
DA:63,1
DA:64,1
DA:65,1
DA:66,1
DA:67,1
DA:68,1
DA:69,1
DA:70,1
DA:71,1
DA:72,1
DA:73,3
DA:74,0
DA:75,0
DA:76,1
DA:77,1
DA:78,1
DA:79,1
DA:80,3
DA:81,0
DA:82,0
DA:83,1
DA:84,1
DA:85,1
DA:86,1
DA:87,1
DA:88,1
DA:89,1
DA:90,1
DA:91,1
DA:92,1
DA:93,1
DA:94,1
DA:95,1
DA:96,1
DA:97,1
DA:98,1
DA:99,1
DA:100,1
DA:101,1
DA:102,1
DA:103,1
DA:104,1
DA:105,1
DA:106,1
DA:107,1
DA:108,1
DA:109,1
DA:110,1
DA:111,1
DA:112,4
DA:113,4
DA:114,4
DA:115,4
DA:116,4
DA:117,4
DA:118,1
DA:119,1
DA:120,3
DA:121,3
DA:122,3
DA:123,3
DA:124,3
DA:125,3
DA:126,3
DA:127,3
DA:128,3
DA:129,3
DA:130,3
DA:131,3
DA:132,3
DA:133,3
DA:134,3
DA:135,3
DA:136,3
DA:137,3
DA:138,4
DA:139,1
DA:140,1
DA:141,2
DA:142,2
DA:143,2
DA:144,2
DA:145,4
DA:146,0
DA:147,0
DA:148,2
DA:149,2
DA:150,2
LF:150
LH:144
BRDA:40,0,0,3
BRDA:45,1,0,1
BRDA:47,2,0,2
BRDA:53,3,0,1
BRDA:73,4,0,0
BRDA:75,5,0,1
BRDA:80,6,0,0
BRDA:82,7,0,1
BRDA:50,8,0,2
BRDA:72,9,0,1
BRDA:79,10,0,1
BRDA:112,11,0,4
BRDA:117,12,0,1
BRDA:119,13,0,3
BRDA:138,14,0,1
BRDA:140,15,0,2
BRDA:145,16,0,0
BRDA:147,17,0,2
BRDA:128,18,0,3
BRDA:137,19,0,3
BRDA:144,20,0,2
BRF:21
BRH:18
end_of_record
TN:
SF:src/methods/batch.ts
FN:1,(empty-report)
FNF:1
FNH:0
FNDA:0,(empty-report)
DA:1,0
DA:2,0
DA:3,0
DA:4,0
DA:5,0
DA:6,0
DA:7,0
DA:8,0
DA:9,0
DA:10,0
DA:11,0
DA:12,0
DA:13,0
DA:14,0
DA:15,0
DA:16,0
DA:17,0
DA:18,0
DA:19,0
DA:20,0
DA:21,0
DA:22,0
DA:23,0
DA:24,0
DA:25,0
DA:26,0
DA:27,0
DA:28,0
DA:29,0
DA:30,0
DA:31,0
DA:32,0
DA:33,0
DA:34,0
DA:35,0
DA:36,0
DA:37,0
DA:38,0
DA:39,0
DA:40,0
DA:41,0
DA:42,0
DA:43,0
DA:44,0
DA:45,0
DA:46,0
DA:47,0
DA:48,0
DA:49,0
DA:50,0
DA:51,0
DA:52,0
DA:53,0
DA:54,0
DA:55,0
DA:56,0
DA:57,0
DA:58,0
DA:59,0
DA:60,0
DA:61,0
DA:62,0
DA:63,0
DA:64,0
DA:65,0
DA:66,0
DA:67,0
DA:68,0
DA:69,0
DA:70,0
DA:71,0
DA:72,0
DA:73,0
DA:74,0
DA:75,0
DA:76,0
DA:77,0
DA:78,0
DA:79,0
DA:80,0
DA:81,0
DA:82,0
DA:83,0
DA:84,0
DA:85,0
DA:86,0
DA:87,0
DA:88,0
DA:89,0
DA:90,0
DA:91,0
DA:92,0
DA:93,0
DA:94,0
DA:95,0
DA:96,0
DA:97,0
DA:98,0
DA:99,0
DA:100,0
DA:101,0
DA:102,0
DA:103,0
DA:104,0
DA:105,0
DA:106,0
DA:107,0
DA:108,0
DA:109,0
DA:110,0
DA:111,0
DA:112,0
DA:113,0
DA:114,0
DA:115,0
DA:116,0
DA:117,0
DA:118,0
DA:119,0
DA:120,0
DA:121,0
DA:122,0
DA:123,0
DA:124,0
DA:125,0
DA:126,0
DA:127,0
DA:128,0
DA:129,0
DA:130,0
DA:131,0
DA:132,0
DA:133,0
DA:134,0
DA:135,0
DA:136,0
DA:137,0
DA:138,0
DA:139,0
DA:140,0
DA:141,0
DA:142,0
DA:143,0
DA:144,0
DA:145,0
DA:146,0
DA:147,0
DA:148,0
DA:149,0
DA:150,0
DA:151,0
DA:152,0
DA:153,0
DA:154,0
DA:155,0
DA:156,0
DA:157,0
DA:158,0
DA:159,0
DA:160,0
DA:161,0
DA:162,0
DA:163,0
DA:164,0
DA:165,0
DA:166,0
DA:167,0
DA:168,0
DA:169,0
DA:170,0
DA:171,0
DA:172,0
DA:173,0
DA:174,0
DA:175,0
DA:176,0
DA:177,0
DA:178,0
DA:179,0
DA:180,0
DA:181,0
DA:182,0
DA:183,0
DA:184,0
DA:185,0
DA:186,0
DA:187,0
DA:188,0
DA:189,0
LF:189
LH:0
BRDA:1,0,0,0
BRF:1
BRH:0
end_of_record
TN:
SF:src/methods/cancelInvoice.ts
FN:32,cancelInvoice
FNF:1
FNH:1
FNDA:2,cancelInvoice
DA:1,1
DA:2,1
DA:3,1
DA:4,1
DA:5,1
DA:6,1
DA:7,1
DA:8,1
DA:9,1
DA:10,1
DA:11,1
DA:12,1
DA:13,1
DA:14,1
DA:15,1
DA:16,1
DA:17,1
DA:18,1
DA:19,1
DA:20,1
DA:21,1
DA:22,1
DA:23,1
DA:24,1
DA:25,1
DA:26,1
DA:27,1
DA:28,1
DA:29,1
DA:30,1
DA:31,1
DA:32,2
DA:33,2
DA:34,2
DA:35,2
DA:36,2
DA:37,2
DA:38,2
DA:39,2
DA:40,2
DA:41,2
DA:42,2
DA:43,2
DA:44,2
DA:45,2
DA:46,2
DA:47,2
DA:48,2
DA:49,2
DA:50,1
DA:51,1
DA:52,1
DA:53,1
DA:54,1
DA:55,1
DA:56,1
DA:57,0
DA:58,0
DA:59,0
DA:60,0
DA:61,0
DA:62,0
DA:63,0
DA:64,0
DA:65,0
DA:66,0
DA:67,0
DA:68,0
DA:69,0
DA:70,0
DA:71,0
DA:72,0
DA:73,0
DA:74,0
DA:75,0
DA:76,0
DA:77,0
DA:78,0
DA:79,0
DA:80,0
DA:81,0
DA:82,0
DA:83,0
DA:84,0
DA:85,0
DA:86,0
DA:87,0
DA:88,0
DA:89,0
DA:90,0
DA:91,0
DA:92,0
DA:93,0
DA:94,2
DA:95,0
DA:96,0
DA:97,0
DA:98,0
DA:99,0
DA:100,0
DA:101,0
DA:102,0
DA:103,0
DA:104,0
DA:105,0
LF:105
LH:57
BRDA:32,0,0,2
BRDA:49,1,0,1
BRDA:56,2,0,0
BRDA:94,3,0,0
BRF:4
BRH:2
end_of_record
TN:
SF:src/methods/convertInvoiceToken.ts
FN:38,convertInvoiceToken
FNF:1
FNH:1
FNDA:4,convertInvoiceToken
DA:1,1
DA:2,1
DA:3,1
DA:4,1
DA:5,1
DA:6,1
DA:7,1
DA:8,1
DA:9,1
DA:10,1
DA:11,1
DA:12,1
DA:13,1
DA:14,1
DA:15,1
DA:16,1
DA:17,1
DA:18,1
DA:19,1
DA:20,1
DA:21,1
DA:22,1
DA:23,1
DA:24,1
DA:25,1
DA:26,1
DA:27,1
DA:28,1
DA:29,1
DA:30,1
DA:31,1
DA:32,1
DA:33,1
DA:34,1
DA:35,1
DA:36,1
DA:37,1
DA:38,4
DA:39,4
DA:40,4
DA:41,4
DA:42,4
DA:43,4
DA:44,4
DA:45,1
DA:46,1
DA:47,3
DA:48,3
DA:49,3
DA:50,3
DA:51,3
DA:52,4
DA:53,1
DA:54,1
DA:55,1
DA:56,1
DA:57,1
DA:58,1
DA:59,1
DA:60,1
DA:61,1
DA:62,1
DA:63,1
DA:64,1
DA:65,1
DA:66,1
DA:67,1
DA:68,1
DA:69,1
DA:70,1
DA:71,1
DA:72,1
DA:73,4
DA:74,0
DA:75,0
DA:76,1
DA:77,1
DA:78,1
DA:79,1
DA:80,4
DA:81,0
DA:82,0
DA:83,1
DA:84,1
DA:85,1
LF:85
LH:81
BRDA:38,0,0,4
BRDA:44,1,0,1
BRDA:46,2,0,3
BRDA:51,3,0,2
BRDA:52,4,0,1
BRDA:73,5,0,0
BRDA:75,6,0,1
BRDA:80,7,0,0
BRDA:82,8,0,1
BRDA:49,9,0,3
BRDA:72,10,0,1
BRDA:79,11,0,1
BRF:12
BRH:10
end_of_record
TN:
SF:src/methods/disputeInvoice.ts
FN:44,sha256Hex
FN:96,disputeInvoice
FNF:2
FNH:2
FNDA:6,sha256Hex
FNDA:3,disputeInvoice
DA:1,1
DA:2,1
DA:3,1
DA:4,1
DA:5,1
DA:6,1
DA:7,1
DA:8,1
DA:9,1
DA:10,1
DA:11,1
DA:12,1
DA:13,1
DA:14,1
DA:15,1
DA:16,1
DA:17,1
DA:18,1
DA:19,1
DA:20,1
DA:21,1
DA:22,1
DA:23,1
DA:24,1
DA:25,1
DA:26,1
DA:27,1
DA:28,1
DA:29,1
DA:30,1
DA:31,1
DA:32,1
DA:33,1
DA:34,1
DA:35,1
DA:36,1
DA:37,1
DA:38,1
DA:39,1
DA:40,1
DA:41,1
DA:42,1
DA:43,1
DA:44,6
DA:45,6
DA:46,6
DA:47,6
DA:48,6
DA:49,6
DA:50,6
DA:51,6
DA:52,0
DA:53,0
DA:54,0
DA:55,0
DA:56,0
DA:57,0
DA:58,0
DA:59,1
DA:60,1
DA:61,1
DA:62,1
DA:63,1
DA:64,1
DA:65,1
DA:66,1
DA:67,1
DA:68,1
DA:69,1
DA:70,1
DA:71,1
DA:72,1
DA:73,1
DA:74,1
DA:75,1
DA:76,1
DA:77,1
DA:78,1
DA:79,1
DA:80,1
DA:81,1
DA:82,1
DA:83,1
DA:84,1
DA:85,1
DA:86,1
DA:87,1
DA:88,1
DA:89,1
DA:90,1
DA:91,1
DA:92,1
DA:93,1
DA:94,1
DA:95,1
DA:96,3
DA:97,3
DA:98,3
DA:99,3
DA:100,3
DA:101,3
DA:102,3
DA:103,3
DA:104,3
DA:105,3
DA:106,3
DA:107,3
DA:108,3
DA:109,3
DA:110,3
DA:111,3
DA:112,1
DA:113,1
DA:114,1
DA:115,1
DA:116,1
DA:117,1
DA:118,1
DA:119,1
DA:120,1
DA:121,1
DA:122,1
DA:123,1
DA:124,1
DA:125,1
DA:126,1
DA:127,1
DA:128,1
DA:129,1
DA:130,1
DA:131,3
DA:132,0
DA:133,0
DA:134,1
DA:135,1
DA:136,1
DA:137,1
DA:138,3
DA:139,0
DA:140,0
DA:141,1
DA:142,1
DA:143,1
LF:143
LH:132
BRDA:44,0,0,6
BRDA:51,1,0,0
BRDA:96,2,0,3
BRDA:110,3,0,2
BRDA:111,4,0,1
BRDA:131,5,0,0
BRDA:133,6,0,1
BRDA:138,7,0,0
BRDA:140,8,0,1
BRDA:105,9,0,3
BRDA:107,10,0,3
BRDA:130,11,0,1
BRDA:137,12,0,1
BRF:13
BRH:10
end_of_record
TN:
SF:src/methods/distribution.ts
FN:27,submitCall
FN:95,getDistributionAccrual
FN:161,accrueLp
FN:201,accrueSettlement
FN:245,claimTokens
FNF:5
FNH:5
FNDA:3,submitCall
FNDA:5,getDistributionAccrual
FNDA:3,accrueLp
FNDA:2,accrueSettlement
FNDA:2,claimTokens
DA:1,1
DA:2,1
DA:3,1
DA:4,1
DA:5,1
DA:6,1
DA:7,1
DA:8,1
DA:9,1
DA:10,1
DA:11,1
DA:12,1
DA:13,1
DA:14,1
DA:15,1
DA:16,1
DA:17,1
DA:18,1
DA:19,1
DA:20,1
DA:21,1
DA:22,1
DA:23,1
DA:24,1
DA:25,1
DA:26,1
DA:27,3
DA:28,3
DA:29,3
DA:30,3
DA:31,3
DA:32,3
DA:33,3
DA:34,3
DA:35,3
DA:36,3
DA:37,3
DA:38,3
DA:39,3
DA:40,3
DA:41,3
DA:42,3
DA:43,3
DA:44,3
DA:45,3
DA:46,3
DA:47,3
DA:48,3
DA:49,3
DA:50,0
DA:51,0
DA:52,3
DA:53,3
DA:54,3
DA:55,3
DA:56,3
DA:57,3
DA:58,0
DA:59,0
DA:60,3
DA:61,3
DA:62,3
DA:63,3
DA:64,3
DA:65,0
DA:66,3
DA:67,0
DA:68,0
DA:69,0
DA:70,0
DA:71,3
DA:72,3
DA:73,0
DA:74,0
DA:75,3
DA:76,3
DA:77,3
DA:78,3
DA:79,0
DA:80,3
DA:81,3
DA:82,3
DA:83,1
DA:84,1
DA:85,1
DA:86,1
DA:87,1
DA:88,1
DA:89,1
DA:90,1
DA:91,1
DA:92,1
DA:93,1
DA:94,1
DA:95,5
DA:96,5
DA:97,5
DA:98,5
DA:99,5
DA:100,5
DA:101,5
DA:102,5
DA:103,5
DA:104,5
DA:105,5
DA:106,5
DA:107,5
DA:108,5
DA:109,5
DA:110,5
DA:111,5
DA:112,5
DA:113,5
DA:114,5
DA:115,5
DA:116,5
DA:117,5
DA:118,5
DA:119,5
DA:120,5
DA:121,5
DA:122,5
DA:123,5
DA:124,3
DA:125,5
DA:126,1
DA:127,1
DA:128,2
DA:129,5
DA:130,1
DA:131,1
DA:132,1
DA:133,1
DA:134,1
DA:135,1
DA:136,1
DA:137,1
DA:138,1
DA:139,1
DA:140,1
DA:141,1
DA:142,1
DA:143,1
DA:144,1
DA:145,1
DA:146,1
DA:147,1
DA:148,1
DA:149,1
DA:150,1
DA:151,1
DA:152,1
DA:153,1
DA:154,1
DA:155,1
DA:156,1
DA:157,1
DA:158,1
DA:159,1
DA:160,1
DA:161,3
DA:162,3
DA:163,3
DA:164,3
DA:165,3
DA:166,3
DA:167,3
DA:168,3
DA:169,3
DA:170,3
DA:171,3
DA:172,3
DA:173,3
DA:174,3
DA:175,3
DA:176,3
DA:177,3
DA:178,3
DA:179,3
DA:180,3
DA:181,1
DA:182,1
DA:183,1
DA:184,1
DA:185,1
DA:186,1
DA:187,1
DA:188,1
DA:189,1
DA:190,1
DA:191,1
DA:192,1
DA:193,1
DA:194,1
DA:195,1
DA:196,1
DA:197,1
DA:198,1
DA:199,1
DA:200,1
DA:201,2
DA:202,2
DA:203,2
DA:204,2
DA:205,2
DA:206,2
DA:207,2
DA:208,2
DA:209,2
DA:210,2
DA:211,2
DA:212,2
DA:213,2
DA:214,2
DA:215,2
DA:216,2
DA:217,2
DA:218,2
DA:219,2
DA:220,2
DA:221,2
DA:222,2
DA:223,2
DA:224,2
DA:225,2
DA:226,2
DA:227,1
DA:228,1
DA:229,1
DA:230,1
DA:231,1
DA:232,1
DA:233,1
DA:234,1
DA:235,1
DA:236,1
DA:237,1
DA:238,1
DA:239,1
DA:240,1
DA:241,1
DA:242,1
DA:243,1
DA:244,1
DA:245,2
DA:246,2
DA:247,2
DA:248,2
DA:249,2
DA:250,2
DA:251,2
DA:252,2
DA:253,2
DA:254,2
DA:255,2
DA:256,2
DA:257,2
DA:258,2
DA:259,2
DA:260,2
DA:261,2
DA:262,2
DA:263,2
DA:264,2
DA:265,2
LF:265
LH:253
BRDA:27,0,0,3
BRDA:49,1,0,0
BRDA:57,2,0,0
BRDA:64,3,0,0
BRDA:66,4,0,0
BRDA:72,5,0,0
BRDA:78,6,0,0
BRDA:48,7,0,3
BRDA:55,8,0,3
BRDA:61,9,0,3
BRDA:95,10,0,5
BRDA:123,11,0,3
BRDA:125,12,0,1
BRDA:127,13,0,2
BRDA:129,14,0,1
BRDA:123,15,0,3
BRDA:161,16,0,3
BRDA:180,17,0,1
BRDA:201,18,0,2
BRDA:226,19,0,1
BRDA:245,20,0,2
BRDA:263,21,0,1
BRDA:264,22,0,0
BRF:23
BRH:16
end_of_record
TN:
SF:src/methods/fundInvoice.ts
FN:52,computeEffectiveYieldBps
FN:67,fetchInvoice
FN:114,signAndSubmit
FN:136,verifyOracle
FN:214,fundInvoice
FN:234,makeAccount
FNF:6
FNH:6
FNDA:16,computeEffectiveYieldBps
FNDA:17,fetchInvoice
FNDA:6,signAndSubmit
FNDA:2,verifyOracle
FNDA:18,fundInvoice
FNDA:50,makeAccount
DA:1,1
DA:2,1
DA:3,1
DA:4,1
DA:5,1
DA:6,1
DA:7,1
DA:8,1
DA:9,1
DA:10,1
DA:11,1
DA:12,1
DA:13,1
DA:14,1
DA:15,1
DA:16,1
DA:17,1
DA:18,1
DA:19,1
DA:20,1
DA:21,1
DA:22,1
DA:23,1
DA:24,1
DA:25,1
DA:26,1
DA:27,1
DA:28,1
DA:29,1
DA:30,1
DA:31,1
DA:32,1
DA:33,1
DA:34,1
DA:35,1
DA:36,1
DA:37,1
DA:38,1
DA:39,1
DA:40,1
DA:41,1
DA:42,1
DA:43,1
DA:44,1
DA:45,1
DA:46,1
DA:47,1
DA:48,1
DA:49,1
DA:50,1
DA:51,1
DA:52,1
DA:53,16
DA:54,16
DA:55,16
DA:56,16
DA:57,16
DA:58,16
DA:59,16
DA:60,16
DA:61,1
DA:62,1
DA:63,1
DA:64,1
DA:65,1
DA:66,1
DA:67,17
DA:68,17
DA:69,17
DA:70,17
DA:71,17
DA:72,17
DA:73,17
DA:74,17
DA:75,17
DA:76,17
DA:77,17
DA:78,17
DA:79,17
DA:80,17
DA:81,17
DA:82,17
DA:83,17
DA:84,17
DA:85,17
DA:86,17
DA:87,17
DA:88,17
DA:89,17
DA:90,17
DA:91,1
DA:92,1
DA:93,17
DA:94,0
DA:95,0
DA:96,16
DA:97,16
DA:98,16
DA:99,16
DA:100,16
DA:101,16
DA:102,16
DA:103,16
DA:104,16
DA:105,16
DA:106,16
DA:107,1
DA:108,1
DA:109,1
DA:110,1
DA:111,1
DA:112,1
DA:113,1
DA:114,6
DA:115,6
DA:116,6
DA:117,6
DA:118,6
DA:119,6
DA:120,6
DA:121,6
DA:122,6
DA:123,6
DA:124,1
DA:125,1
DA:126,1
DA:127,1
DA:128,5
DA:129,5
DA:130,1
DA:131,1
DA:132,1
DA:133,1
DA:134,1
DA:135,1
DA:136,2
DA:137,2
DA:138,2
DA:139,2
DA:140,2
DA:141,2
DA:142,2
DA:143,2
DA:144,2
DA:145,2
DA:146,2
DA:147,2
DA:148,2
DA:149,2
DA:150,2
DA:151,2
DA:152,2
DA:153,2
DA:154,2
DA:155,2
DA:156,1
DA:157,1
DA:158,2
DA:159,1
DA:160,1
DA:161,1
DA:162,1
DA:163,0
DA:164,0
DA:165,0
DA:166,0
DA:167,0
DA:168,0
DA:169,0
DA:170,2
DA:171,1
DA:172,1
DA:173,1
DA:174,1
DA:175,1
DA:176,1
DA:177,1
DA:178,1
DA:179,1
DA:180,1
DA:181,1
DA:182,1
DA:183,1
DA:184,1
DA:185,1
DA:186,1
DA:187,1
DA:188,1
DA:189,1
DA:190,1
DA:191,1
DA:192,1
DA:193,1
DA:194,1
DA:195,1
DA:196,1
DA:197,1
DA:198,1
DA:199,1
DA:200,1
DA:201,1
DA:202,1
DA:203,1
DA:204,1
DA:205,1
DA:206,1
DA:207,1
DA:208,1
DA:209,1
DA:210,1
DA:211,1
DA:212,1
DA:213,1
DA:214,18
DA:215,18
DA:216,18
DA:217,18
DA:218,18
DA:219,18
DA:220,18
DA:221,18
DA:222,18
DA:223,18
DA:224,18
DA:225,18
DA:226,18
DA:227,18
DA:228,18
DA:229,18
DA:230,18
DA:231,18
DA:232,17
DA:233,17
DA:234,17
DA:235,17
DA:236,17
DA:237,17
DA:238,17
DA:239,17
DA:240,17
DA:241,17
DA:242,17
DA:243,17
DA:244,16
DA:245,18
DA:246,1
DA:247,1
DA:248,1
DA:249,1
DA:250,15
DA:251,15
DA:252,18
DA:253,2
DA:254,2
DA:255,2
DA:256,2
DA:257,2
DA:258,2
DA:259,0
DA:260,13
DA:261,13
DA:262,13
DA:263,13
DA:264,13
DA:265,13
DA:266,13
DA:267,13
DA:268,13
DA:269,13
DA:270,13
DA:271,13
DA:272,13
DA:273,13
DA:274,13
DA:275,13
DA:276,13
DA:277,18
DA:278,6
DA:279,6
DA:280,1
DA:281,1
DA:282,1
DA:283,6
DA:284,6
DA:285,6
DA:286,6
DA:287,6
DA:288,6
DA:289,6
DA:290,6
DA:291,6
DA:292,6
DA:293,6
DA:294,6
DA:295,6
DA:296,6
DA:297,6
DA:298,6
DA:299,6
DA:300,5
DA:301,6
DA:302,6
DA:303,6
DA:304,6
DA:305,6
DA:306,12
DA:307,12
DA:308,12
DA:309,12
DA:310,12
DA:311,12
DA:312,12
DA:313,12
DA:314,12
DA:315,12
DA:316,12
DA:317,12
DA:318,12
DA:319,12
DA:320,12
DA:321,12
DA:322,12
DA:323,12
DA:324,12
DA:325,12
DA:326,12
DA:327,12
DA:328,12
DA:329,12
DA:330,12
DA:331,18
DA:332,1
DA:333,1
DA:334,1
DA:335,1
DA:336,11
DA:337,11
DA:338,11
DA:339,11
DA:340,11
DA:341,11
DA:342,11
DA:343,18
DA:344,18
DA:345,18
DA:346,18
LF:346
LH:336
BRDA:52,0,0,16
BRDA:67,1,0,17
BRDA:90,2,0,1
BRDA:92,3,0,16
BRDA:93,4,0,0
BRDA:95,5,0,16
BRDA:88,6,0,17
BRDA:114,7,0,6
BRDA:123,8,0,1
BRDA:127,9,0,5
BRDA:136,10,0,2
BRDA:155,11,0,1
BRDA:158,12,0,1
BRDA:162,13,0,0
BRDA:153,14,0,2
BRDA:214,15,0,18
BRDA:231,16,0,17
BRDA:243,17,0,16
BRDA:245,18,0,2
BRDA:245,19,0,1
BRDA:249,20,0,15
BRDA:252,21,0,2
BRDA:258,22,0,0
BRDA:259,23,0,13
BRDA:277,24,0,6
BRDA:279,25,0,1
BRDA:299,26,0,5
BRDA:301,27,0,1
BRDA:305,28,0,12
BRDA:331,29,0,1
BRDA:335,30,0,11
BRDA:343,31,0,2
BRDA:231,32,0,21
BRDA:234,33,0,50
BRDA:262,34,0,13
BRDA:324,35,0,12
BRDA:327,36,0,12
BRF:37
BRH:34
end_of_record
TN:
SF:src/methods/fundQueue.ts
FN:39,joinFundQueue
FN:91,resolveFundQueue
FNF:2
FNH:2
FNDA:4,joinFundQueue
FNDA:2,resolveFundQueue
DA:1,1
DA:2,1
DA:3,1
DA:4,1
DA:5,1
DA:6,1
DA:7,1
DA:8,1
DA:9,1
DA:10,1
DA:11,1
DA:12,1
DA:13,1
DA:14,1
DA:15,1
DA:16,1
DA:17,1
DA:18,1
DA:19,1
DA:20,1
DA:21,1
DA:22,1
DA:23,1
DA:24,1
DA:25,1
DA:26,1
DA:27,1
DA:28,1
DA:29,1
DA:30,1
DA:31,1
DA:32,1
DA:33,1
DA:34,1
DA:35,1
DA:36,1
DA:37,1
DA:38,1
DA:39,4
DA:40,4
DA:41,4
DA:42,4
DA:43,4
DA:44,4
DA:45,1
DA:46,1
DA:47,3
DA:48,3
DA:49,3
DA:50,3
DA:51,3
DA:52,3
DA:53,3
DA:54,3
DA:55,3
DA:56,3
DA:57,3
DA:58,3
DA:59,3
DA:60,3
DA:61,3
DA:62,3
DA:63,3
DA:64,3
DA:65,4
DA:66,2
DA:67,2
DA:68,1
DA:69,1
DA:70,1
DA:71,1
DA:72,4
DA:73,0
DA:74,0
DA:75,1
DA:76,1
DA:77,1
DA:78,1
DA:79,1
DA:80,1
DA:81,1
DA:82,1
DA:83,1
DA:84,1
DA:85,1
DA:86,1
DA:87,1
DA:88,1
DA:89,1
DA:90,1
DA:91,2
DA:92,2
DA:93,2
DA:94,2
DA:95,2
DA:96,1
DA:97,1
DA:98,1
DA:99,1
DA:100,1
DA:101,1
DA:102,1
DA:103,1
DA:104,1
DA:105,1
DA:106,1
DA:107,1
DA:108,1
DA:109,1
DA:110,1
DA:111,1
DA:112,2
DA:113,0
DA:114,0
DA:115,1
DA:116,1
DA:117,1
DA:118,1
DA:119,2
DA:120,0
DA:121,0
DA:122,1
DA:123,1
DA:124,1
DA:125,2
DA:126,0
DA:127,0
DA:128,0
DA:129,0
DA:130,2
DA:131,0
DA:132,0
DA:133,1
DA:134,1
DA:135,2
DA:136,1
DA:137,1
DA:138,1
DA:139,1
DA:140,1
LF:140
LH:128
BRDA:39,0,0,4
BRDA:44,1,0,1
BRDA:46,2,0,3
BRDA:65,3,0,2
BRDA:67,4,0,1
BRDA:72,5,0,0
BRDA:74,6,0,1
BRDA:55,7,0,3
BRDA:64,8,0,3
BRDA:71,9,0,1
BRDA:91,10,0,2
BRDA:95,11,0,1
BRDA:112,12,0,0
BRDA:114,13,0,1
BRDA:119,14,0,0
BRDA:121,15,0,1
BRDA:125,16,0,0
BRDA:125,17,0,0
BRDA:129,18,0,1
BRDA:130,19,0,0
BRDA:132,20,0,1
BRDA:135,21,0,1
BRDA:102,22,0,1
BRDA:111,23,0,1
BRDA:118,24,0,1
BRDA:123,25,0,1
BRF:26
BRH:20
end_of_record
TN:
SF:src/methods/getLpScore.ts
FN:28,getLpScore
FNF:1
FNH:1
FNDA:5,getLpScore
DA:1,1
DA:2,1
DA:3,1
DA:4,1
DA:5,1
DA:6,1
DA:7,1
DA:8,1
DA:9,1
DA:10,1
DA:11,1
DA:12,1
DA:13,1
DA:14,1
DA:15,1
DA:16,1
DA:17,1
DA:18,1
DA:19,1
DA:20,1
DA:21,1
DA:22,1
DA:23,1
DA:24,1
DA:25,1
DA:26,1
DA:27,1
DA:28,5
DA:29,5
DA:30,5
DA:31,5
DA:32,5
DA:33,5
DA:34,5
DA:35,5
DA:36,5
DA:37,5
DA:38,5
DA:39,5
DA:40,5
DA:41,5
DA:42,5
DA:43,5
DA:44,5
DA:45,5
DA:46,5
DA:47,5
DA:48,5
DA:49,5
DA:50,5
DA:51,1
DA:52,1
DA:53,4
DA:54,5
DA:55,1
DA:56,1
DA:57,3
DA:58,3
DA:59,3
DA:60,5
DA:61,1
DA:62,1
DA:63,2
DA:64,2
DA:65,2
LF:65
LH:65
BRDA:28,0,0,5
BRDA:50,1,0,1
BRDA:52,2,0,4
BRDA:54,3,0,1
BRDA:56,4,0,3
BRDA:60,5,0,1
BRDA:62,6,0,2
BRDA:48,7,0,5
BRF:8
BRH:8
end_of_record
TN:
SF:src/methods/getTokenDecimals.ts
FN:23,getTokenDecimals
FNF:1
FNH:1
FNDA:5,getTokenDecimals
DA:1,1
DA:2,1
DA:3,1
DA:4,1
DA:5,1
DA:6,1
DA:7,1
DA:8,1
DA:9,1
DA:10,1
DA:11,1
DA:12,1
DA:13,1
DA:14,1
DA:15,1
DA:16,1
DA:17,1
DA:18,1
DA:19,1
DA:20,1
DA:21,1
DA:22,1
DA:23,5
DA:24,5
DA:25,5
DA:26,5
DA:27,5
DA:28,5
DA:29,5
DA:30,5
DA:31,5
DA:32,5
DA:33,5
DA:34,5
DA:35,5
DA:36,5
DA:37,5
DA:38,5
DA:39,5
DA:40,5
DA:41,5
DA:42,5
DA:43,5
DA:44,5
DA:45,5
DA:46,1
DA:47,1
DA:48,4
DA:49,5
DA:50,1
DA:51,1
DA:52,3
DA:53,3
DA:54,3
DA:55,5
DA:56,1
DA:57,1
DA:58,2
DA:59,5
DA:60,1
DA:61,1
DA:62,1
DA:63,1
DA:64,1
LF:64
LH:64
BRDA:23,0,0,5
BRDA:45,1,0,1
BRDA:47,2,0,4
BRDA:49,3,0,1
BRDA:51,4,0,3
BRDA:55,5,0,2
BRDA:55,6,0,1
BRDA:57,7,0,2
BRDA:59,8,0,1
BRDA:43,9,0,5
BRF:10
BRH:10
end_of_record
TN:
SF:src/methods/governance.ts
FN:36,GovernanceContractError
FN:41,<static_initializer>
FN:42,AlreadyInitialized
FN:45,ProposalNotFound
FN:48,VotingEnded
FN:51,ProposalNotActive
FN:54,NoVotingPower
FN:57,AlreadyVoted
FN:60,VotingOngoing
FN:63,QuorumNotReached
FN:66,ProposalRejected
FN:69,AlreadyResolved
FN:72,CannotDelegateToSelf
FN:75,DelegationCyclePrevented
FN:78,TimelockNotExpired
FN:81,Unauthorized
FN:84,InvalidQuorumBps
FN:87,NotAdmin
FN:90,NotVetoable
FN:93,VetoPowerDisabled
FN:96,InsufficientProposerBalance
FN:99,ExecutionFailed
FN:102,fromError
FN:135,sendGovernanceCall
FN:186,parseProposal
FN:218,createProposal
FN:256,castVote
FN:294,executeProposal
FN:321,getProposal
FN:357,hasVoted
FN:397,listProposals
FN:461,delegateVotes
FN:495,undelegateVotes
FN:537,vetoProposal
FN:573,disableVetoPower
FN:611,setExecutionDelay
FN:642,getExecutionDelay
FN:683,setMinQuorumBps
FN:715,setMinProposalBalance
FN:752,setQuadraticVotingEnabled
FN:781,isQuadraticVotingEnabled
FN:815,getAppliedVoteWeight
FNF:42
FNH:26
FNDA:7,GovernanceContractError
FNDA:1,<static_initializer>
FNDA:0,AlreadyInitialized
FNDA:0,ProposalNotFound
FNDA:0,VotingEnded
FNDA:0,ProposalNotActive
FNDA:0,NoVotingPower
FNDA:0,AlreadyVoted
FNDA:0,VotingOngoing
FNDA:0,QuorumNotReached
FNDA:0,ProposalRejected
FNDA:0,AlreadyResolved
FNDA:1,CannotDelegateToSelf
FNDA:1,DelegationCyclePrevented
FNDA:0,TimelockNotExpired
FNDA:2,Unauthorized
FNDA:1,InvalidQuorumBps
FNDA:0,NotAdmin
FNDA:1,NotVetoable
FNDA:1,VetoPowerDisabled
FNDA:0,InsufficientProposerBalance
FNDA:0,ExecutionFailed
FNDA:7,fromError
FNDA:18,sendGovernanceCall
FNDA:0,parseProposal
FNDA:1,createProposal
FNDA:1,castVote
FNDA:1,executeProposal
FNDA:1,getProposal
FNDA:0,hasVoted
FNDA:1,listProposals
FNDA:3,delegateVotes
FNDA:1,undelegateVotes
FNDA:3,vetoProposal
FNDA:1,disableVetoPower
FNDA:2,setExecutionDelay
FNDA:2,getExecutionDelay
FNDA:2,setMinQuorumBps
FNDA:1,setMinProposalBalance
FNDA:2,setQuadraticVotingEnabled
FNDA:2,isQuadraticVotingEnabled
FNDA:2,getAppliedVoteWeight
DA:1,1
DA:2,1
DA:3,1
DA:4,1
DA:5,1
DA:6,1
DA:7,1
DA:8,1
DA:9,1
DA:10,1
DA:11,1
DA:12,1
DA:13,1
DA:14,1
DA:15,1
DA:16,1
DA:17,1
DA:18,1
DA:19,1
DA:20,1
DA:21,1
DA:22,1
DA:23,1
DA:24,1
DA:25,1
DA:26,1
DA:27,1
DA:28,1
DA:29,1
DA:30,1
DA:31,1
DA:32,1
DA:33,1
DA:34,1
DA:35,1
DA:36,1
DA:37,7
DA:38,7
DA:39,7
DA:40,1
DA:41,1
DA:42,1
DA:43,1
DA:44,1
DA:45,1
DA:46,1
DA:47,1
DA:48,1
DA:49,1
DA:50,1
DA:51,1
DA:52,1
DA:53,1
DA:54,1
DA:55,1
DA:56,1
DA:57,1
DA:58,1
DA:59,1
DA:60,1
DA:61,1
DA:62,1
DA:63,1
DA:64,1
DA:65,1
DA:66,1
DA:67,1
DA:68,1
DA:69,1
DA:70,1
DA:71,1
DA:72,1
DA:73,1
DA:74,1
DA:75,1
DA:76,1
DA:77,1
DA:78,1
DA:79,1
DA:80,1
DA:81,1
DA:82,1
DA:83,1
DA:84,1
DA:85,1
DA:86,1
DA:87,1
DA:88,1
DA:89,1
DA:90,1
DA:91,1
DA:92,1
DA:93,1
DA:94,1
DA:95,1
DA:96,1
DA:97,1
DA:98,1
DA:99,1
DA:100,1
DA:101,1
DA:102,1
DA:103,7
DA:104,7
DA:105,7
DA:106,7
DA:107,7
DA:108,7
DA:109,7
DA:110,7
DA:111,7
DA:112,7
DA:113,7
DA:114,7
DA:115,7
DA:116,7
DA:117,7
DA:118,7
DA:119,7
DA:120,7
DA:121,7
DA:122,7
DA:123,7
DA:124,7
DA:125,7
DA:126,7
DA:127,7
DA:128,7
DA:129,1
DA:130,1
DA:131,1
DA:132,1
DA:133,1
DA:134,1
DA:135,18
DA:136,18
DA:137,18
DA:138,18
DA:139,18
DA:140,18
DA:141,18
DA:142,18
DA:143,18
DA:144,18
DA:145,18
DA:146,18
DA:147,18
DA:148,18
DA:149,18
DA:150,18
DA:151,18
DA:152,18
DA:153,18
DA:154,18
DA:155,18
DA:156,7
DA:157,7
DA:158,11
DA:159,11
DA:160,11
DA:161,11
DA:162,18
DA:163,0
DA:164,0
DA:165,11
DA:166,11
DA:167,11
DA:168,18
DA:169,0
DA:170,0
DA:171,0
DA:172,0
DA:173,18
DA:174,0
DA:175,0
DA:176,11
DA:177,11
DA:178,11
DA:179,11
DA:180,0
DA:181,18
DA:182,18
DA:183,18
DA:184,1
DA:185,1
DA:186,0
DA:187,0
DA:188,0
DA:189,0
DA:190,0
DA:191,0
DA:192,0
DA:193,0
DA:194,0
DA:195,0
DA:196,0
DA:197,0
DA:198,0
DA:199,0
DA:200,0
DA:201,0
DA:202,0
DA:203,1
DA:204,1
DA:205,1
DA:206,1
DA:207,1
DA:208,1
DA:209,1
DA:210,1
DA:211,1
DA:212,1
DA:213,1
DA:214,1
DA:215,1
DA:216,1
DA:217,1
DA:218,1
DA:219,1
DA:220,1
DA:221,1
DA:222,1
DA:223,1
DA:224,1
DA:225,1
DA:226,1
DA:227,1
DA:228,1
DA:229,1
DA:230,1
DA:231,1
DA:232,1
DA:233,1
DA:234,1
DA:235,1
DA:236,1
DA:237,1
DA:238,1
DA:239,1
DA:240,1
DA:241,1
DA:242,1
DA:243,1
DA:244,1
DA:245,1
DA:246,1
DA:247,1
DA:248,1
DA:249,1
DA:250,1
DA:251,1
DA:252,1
DA:253,1
DA:254,1
DA:255,1
DA:256,1
DA:257,1
DA:258,1
DA:259,1
DA:260,1
DA:261,1
DA:262,1
DA:263,1
DA:264,1
DA:265,1
DA:266,1
DA:267,1
DA:268,1
DA:269,1
DA:270,1
DA:271,1
DA:272,1
DA:273,1
DA:274,1
DA:275,1
DA:276,1
DA:277,1
DA:278,1
DA:279,1
DA:280,1
DA:281,1
DA:282,1
DA:283,1
DA:284,1
DA:285,1
DA:286,1
DA:287,1
DA:288,1
DA:289,1
DA:290,1
DA:291,1
DA:292,1
DA:293,1
DA:294,1
DA:295,1
DA:296,1
DA:297,1
DA:298,1
DA:299,1
DA:300,1
DA:301,1
DA:302,1
DA:303,1
DA:304,1
DA:305,1
DA:306,1
DA:307,1
DA:308,1
DA:309,1
DA:310,1
DA:311,1
DA:312,1
DA:313,1
DA:314,1
DA:315,1
DA:316,1
DA:317,1
DA:318,1
DA:319,1
DA:320,1
DA:321,1
DA:322,1
DA:323,1
DA:324,1
DA:325,1
DA:326,1
DA:327,1
DA:328,1
DA:329,1
DA:330,1
DA:331,1
DA:332,1
DA:333,1
DA:334,1
DA:335,1
DA:336,1
DA:337,1
DA:338,1
DA:339,1
DA:340,1
DA:341,0
DA:342,0
DA:343,1
DA:344,0
DA:345,0
DA:346,1
DA:347,1
DA:348,1
DA:349,1
DA:350,1
DA:351,1
DA:352,1
DA:353,1
DA:354,1
DA:355,1
DA:356,1
DA:357,0
DA:358,0
DA:359,0
DA:360,0
DA:361,0
DA:362,0
DA:363,0
DA:364,0
DA:365,0
DA:366,0
DA:367,0
DA:368,0
DA:369,0
DA:370,0
DA:371,0
DA:372,0
DA:373,0
DA:374,0
DA:375,0
DA:376,0
DA:377,0
DA:378,0
DA:379,0
DA:380,0
DA:381,0
DA:382,0
DA:383,0
DA:384,0
DA:385,0
DA:386,0
DA:387,0
DA:388,0
DA:389,0
DA:390,1
DA:391,1
DA:392,1
DA:393,1
DA:394,1
DA:395,1
DA:396,1
DA:397,1
DA:398,1
DA:399,1
DA:400,1
DA:401,1
DA:402,1
DA:403,1
DA:404,1
DA:405,1
DA:406,1
DA:407,1
DA:408,1
DA:409,1
DA:410,0
DA:411,1
DA:412,1
DA:413,1
DA:414,1
DA:415,1
DA:416,1
DA:417,1
DA:418,1
DA:419,1
DA:420,1
DA:421,1
DA:422,1
DA:423,1
DA:424,1
DA:425,1
DA:426,1
DA:427,1
DA:428,0
DA:429,0
DA:430,1
DA:431,0
DA:432,0
DA:433,1
DA:434,1
DA:435,1
DA:436,1
DA:437,1
DA:438,1
DA:439,1
DA:440,1
DA:441,0
DA:442,0
DA:443,1
DA:444,1
DA:445,1
DA:446,1
DA:447,1
DA:448,1
DA:449,1
DA:450,1
DA:451,1
DA:452,1
DA:453,1
DA:454,1
DA:455,1
DA:456,1
DA:457,1
DA:458,1
DA:459,1
DA:460,1
DA:461,3
DA:462,3
DA:463,3
DA:464,3
DA:465,3
DA:466,3
DA:467,3
DA:468,3
DA:469,3
DA:470,3
DA:471,3
DA:472,3
DA:473,3
DA:474,3
DA:475,3
DA:476,3
DA:477,3
DA:478,3
DA:479,3
DA:480,3
DA:481,3
DA:482,3
DA:483,3
DA:484,3
DA:485,1
DA:486,1
DA:487,1
DA:488,1
DA:489,1
DA:490,1
DA:491,1
DA:492,1
DA:493,1
DA:494,1
DA:495,1
DA:496,1
DA:497,1
DA:498,1
DA:499,1
DA:500,1
DA:501,1
DA:502,1
DA:503,1
DA:504,1
DA:505,1
DA:506,1
DA:507,1
DA:508,1
DA:509,1
DA:510,1
DA:511,1
DA:512,1
DA:513,1
DA:514,1
DA:515,1
DA:516,1
DA:517,1
DA:518,1
DA:519,1
DA:520,1
DA:521,1
DA:522,1
DA:523,1
DA:524,1
DA:525,1
DA:526,1
DA:527,1
DA:528,1
DA:529,1
DA:530,1
DA:531,1
DA:532,1
DA:533,1
DA:534,1
DA:535,1
DA:536,1
DA:537,3
DA:538,3
DA:539,3
DA:540,3
DA:541,3
DA:542,3
DA:543,3
DA:544,3
DA:545,3
DA:546,3
DA:547,3
DA:548,3
DA:549,3
DA:550,3
DA:551,3
DA:552,3
DA:553,3
DA:554,3
DA:555,3
DA:556,3
DA:557,3
DA:558,3
DA:559,3
DA:560,3
DA:561,1
DA:562,1
DA:563,1
DA:564,1
DA:565,1
DA:566,1
DA:567,1
DA:568,1
DA:569,1
DA:570,1
DA:571,1
DA:572,1
DA:573,1
DA:574,1
DA:575,1
DA:576,1
DA:577,1
DA:578,1
DA:579,1
DA:580,1
DA:581,1
DA:582,1
DA:583,1
DA:584,1
DA:585,1
DA:586,1
DA:587,1
DA:588,1
DA:589,1
DA:590,1
DA:591,1
DA:592,1
DA:593,1
DA:594,1
DA:595,1
DA:596,1
DA:597,1
DA:598,1
DA:599,1
DA:600,1
DA:601,1
DA:602,1
DA:603,1
DA:604,1
DA:605,1
DA:606,1
DA:607,1
DA:608,1
DA:609,1
DA:610,1
DA:611,2
DA:612,2
DA:613,2
DA:614,2
DA:615,2
DA:616,2
DA:617,2
DA:618,2
DA:619,2
DA:620,2
DA:621,2
DA:622,2
DA:623,2
DA:624,2
DA:625,2
DA:626,2
DA:627,2
DA:628,2
DA:629,2
DA:630,2
DA:631,2
DA:632,2
DA:633,2
DA:634,2
DA:635,1
DA:636,1
DA:637,1
DA:638,1
DA:639,1
DA:640,1
DA:641,1
DA:642,2
DA:643,2
DA:644,2
DA:645,2
DA:646,2
DA:647,2
DA:648,2
DA:649,2
DA:650,2
DA:651,2
DA:652,2
DA:653,2
DA:654,2
DA:655,2
DA:656,2
DA:657,2
DA:658,2
DA:659,2
DA:660,2
DA:661,0
DA:662,0
DA:663,2
DA:664,1
DA:665,1
DA:666,1
DA:667,1
DA:668,1
DA:669,1
DA:670,1
DA:671,1
DA:672,1
DA:673,1
DA:674,1
DA:675,1
DA:676,1
DA:677,1
DA:678,1
DA:679,1
DA:680,1
DA:681,1
DA:682,1
DA:683,2
DA:684,2
DA:685,2
DA:686,2
DA:687,2
DA:688,2
DA:689,2
DA:690,2
DA:691,2
DA:692,2
DA:693,2
DA:694,2
DA:695,2
DA:696,2
DA:697,2
DA:698,2
DA:699,2
DA:700,2
DA:701,2
DA:702,2
DA:703,2
DA:704,2
DA:705,1
DA:706,1
DA:707,1
DA:708,1
DA:709,1
DA:710,1
DA:711,1
DA:712,1
DA:713,1
DA:714,1
DA:715,1
DA:716,1
DA:717,1
DA:718,1
DA:719,1
DA:720,1
DA:721,1
DA:722,1
DA:723,1
DA:724,1
DA:725,1
DA:726,1
DA:727,1
DA:728,1
DA:729,1
DA:730,1
DA:731,1
DA:732,1
DA:733,1
DA:734,1
DA:735,1
DA:736,1
DA:737,1
DA:738,1
DA:739,1
DA:740,1
DA:741,1
DA:742,1
DA:743,1
DA:744,1
DA:745,1
DA:746,1
DA:747,1
DA:748,1
DA:749,1
DA:750,1
DA:751,1
DA:752,2
DA:753,2
DA:754,2
DA:755,2
DA:756,2
DA:757,2
DA:758,2
DA:759,2
DA:760,2
DA:761,2
DA:762,2
DA:763,2
DA:764,2
DA:765,2
DA:766,2
DA:767,2
DA:768,2
DA:769,2
DA:770,2
DA:771,2
DA:772,2
DA:773,2
DA:774,1
DA:775,1
DA:776,1
DA:777,1
DA:778,1
DA:779,1
DA:780,1
DA:781,2
DA:782,2
DA:783,2
DA:784,2
DA:785,2
DA:786,2
DA:787,2
DA:788,2
DA:789,2
DA:790,2
DA:791,2
DA:792,2
DA:793,2
DA:794,2
DA:795,2
DA:796,2
DA:797,2
DA:798,2
DA:799,2
DA:800,0
DA:801,0
DA:802,2
DA:803,1
DA:804,1
DA:805,1
DA:806,1
DA:807,1
DA:808,1
DA:809,1
DA:810,1
DA:811,1
DA:812,1
DA:813,1
DA:814,1
DA:815,2
DA:816,2
DA:817,2
DA:818,2
DA:819,2
DA:820,2
DA:821,2
DA:822,2
DA:823,2
DA:824,2
DA:825,2
DA:826,2
DA:827,2
DA:828,2
DA:829,2
DA:830,2
DA:831,2
DA:832,2
DA:833,2
DA:834,2
DA:835,2
DA:836,2
DA:837,2
DA:838,2
DA:839,2
DA:840,0
DA:841,0
DA:842,2
DA:843,1
DA:844,1
DA:845,1
DA:846,2
DA:847,2
LF:847
LH:771
BRDA:36,0,0,7
BRDA:41,1,0,1
BRDA:72,2,0,1
BRDA:75,3,0,1
BRDA:81,4,0,2
BRDA:84,5,0,1
BRDA:90,6,0,1
BRDA:93,7,0,1
BRDA:102,8,0,7
BRDA:104,9,0,0
BRDA:105,10,0,0
BRDA:106,11,0,0
BRDA:107,12,0,0
BRDA:108,13,0,0
BRDA:109,14,0,0
BRDA:110,15,0,0
BRDA:111,16,0,0
BRDA:112,17,0,0
BRDA:113,18,0,0
BRDA:114,19,0,0
BRDA:115,20,0,0
BRDA:116,21,0,1
BRDA:117,22,0,1
BRDA:118,23,0,0
BRDA:119,24,0,2
BRDA:120,25,0,1
BRDA:121,26,0,0
BRDA:122,27,0,1
BRDA:123,28,0,1
BRDA:124,29,0,0
BRDA:125,30,0,0
BRDA:126,31,0,0
BRDA:135,32,0,18
BRDA:155,33,0,7
BRDA:157,34,0,11
BRDA:162,35,0,0
BRDA:164,36,0,11
BRDA:168,37,0,0
BRDA:168,38,0,0
BRDA:172,39,0,11
BRDA:173,40,0,0
BRDA:175,41,0,11
BRDA:178,42,0,11
BRDA:179,43,0,0
BRDA:154,44,0,18
BRDA:161,45,0,11
BRDA:166,46,0,11
BRDA:218,47,0,1
BRDA:246,48,0,0
BRDA:256,49,0,1
BRDA:294,50,0,1
BRDA:321,51,0,1
BRDA:340,52,0,0
BRDA:343,53,0,0
BRDA:339,54,0,1
BRDA:397,55,0,1
BRDA:409,56,0,0
BRDA:427,57,0,0
BRDA:430,58,0,0
BRDA:440,59,0,0
BRDA:426,60,0,1
BRDA:435,61,0,2
BRDA:438,62,0,2
BRDA:461,63,0,3
BRDA:484,64,0,1
BRDA:495,65,0,1
BRDA:537,66,0,3
BRDA:560,67,0,1
BRDA:573,68,0,1
BRDA:611,69,0,2
BRDA:634,70,0,1
BRDA:642,71,0,2
BRDA:660,72,0,0
BRDA:663,73,0,1
BRDA:659,74,0,2
BRDA:683,75,0,2
BRDA:704,76,0,1
BRDA:715,77,0,1
BRDA:752,78,0,2
BRDA:773,79,0,1
BRDA:781,80,0,2
BRDA:799,81,0,0
BRDA:802,82,0,1
BRDA:798,83,0,2
BRDA:815,84,0,2
BRDA:839,85,0,0
BRDA:842,86,0,1
BRDA:846,87,0,0
BRDA:846,88,0,1
BRDA:838,89,0,2
BRF:90
BRH:57
end_of_record
TN:
SF:src/methods/insurance.ts
FN:30,InsuranceContractError
FN:35,<static_initializer>
FN:36,NotInitialized
FN:39,AlreadyClaimed
FN:42,InvalidAmount
FN:45,PoolEmpty
FN:48,AlreadyInitialized
FN:51,fromError
FN:69,submitCall
FN:129,simulateCall
FN:168,getPoolBalance
FN:189,getCoverage
FN:211,isEnrolled
FN:241,getPremiumsPaid
FN:271,getInsurancePoolInfo
FN:312,enrollInsurancePool
FN:347,initializeInsurancePool
FN:392,depositInsurancePremium
FN:440,claimInsurance
FN:471,getTokenAddress
FN:494,calculatePremiumRate
FN:524,getTieredCoverage
FN:556,isInsuranceEnrolled
FN:576,getInsurancePremiums
FNF:24
FNH:18
FNDA:3,InsuranceContractError
FNDA:1,<static_initializer>
FNDA:0,NotInitialized
FNDA:1,AlreadyClaimed
FNDA:1,InvalidAmount
FNDA:1,PoolEmpty
FNDA:0,AlreadyInitialized
FNDA:2,fromError
FNDA:4,submitCall
FNDA:17,simulateCall
FNDA:5,getPoolBalance
FNDA:4,getCoverage
FNDA:7,isEnrolled
FNDA:7,getPremiumsPaid
FNDA:3,getInsurancePoolInfo
FNDA:2,enrollInsurancePool
FNDA:0,initializeInsurancePool
FNDA:2,depositInsurancePremium
FNDA:2,claimInsurance
FNDA:0,getTokenAddress
FNDA:0,calculatePremiumRate
FNDA:0,getTieredCoverage
FNDA:2,isInsuranceEnrolled
FNDA:2,getInsurancePremiums
DA:1,1
DA:2,1
DA:3,1
DA:4,1
DA:5,1
DA:6,1
DA:7,1
DA:8,1
DA:9,1
DA:10,1
DA:11,1
DA:12,1
DA:13,1
DA:14,1
DA:15,1
DA:16,1
DA:17,1
DA:18,1
DA:19,1
DA:20,1
DA:21,1
DA:22,1
DA:23,1
DA:24,1
DA:25,1
DA:26,1
DA:27,1
DA:28,1
DA:29,1
DA:30,1
DA:31,3
DA:32,3
DA:33,3
DA:34,1
DA:35,1
DA:36,1
DA:37,1
DA:38,1
DA:39,1
DA:40,1
DA:41,1
DA:42,1
DA:43,1
DA:44,1
DA:45,1
DA:46,1
DA:47,1
DA:48,1
DA:49,1
DA:50,1
DA:51,1
DA:52,2
DA:53,2
DA:54,2
DA:55,2
DA:56,2
DA:57,2
DA:58,2
DA:59,2
DA:60,2
DA:61,2
DA:62,2
DA:63,1
DA:64,1
DA:65,1
DA:66,1
DA:67,1
DA:68,1
DA:69,4
DA:70,4
DA:71,4
DA:72,4
DA:73,4
DA:74,4
DA:75,4
DA:76,4
DA:77,4
DA:78,4
DA:79,4
DA:80,4
DA:81,4
DA:82,4
DA:83,4
DA:84,4
DA:85,4
DA:86,4
DA:87,4
DA:88,4
DA:89,4
DA:90,4
DA:91,4
DA:92,1
DA:93,1
DA:94,3
DA:95,3
DA:96,3
DA:97,3
DA:98,3
DA:99,4
DA:100,0
DA:101,0
DA:102,3
DA:103,3
DA:104,3
DA:105,3
DA:106,3
DA:107,0
DA:108,4
DA:109,0
DA:110,0
DA:111,0
DA:112,0
DA:113,3
DA:114,4
DA:115,0
DA:116,0
DA:117,3
DA:118,3
DA:119,3
DA:120,3
DA:121,0
DA:122,4
DA:123,4
DA:124,4
DA:125,1
DA:126,1
DA:127,1
DA:128,1
DA:129,17
DA:130,17
DA:131,17
DA:132,17
DA:133,17
DA:134,17
DA:135,17
DA:136,17
DA:137,17
DA:138,17
DA:139,17
DA:140,17
DA:141,17
DA:142,17
DA:143,17
DA:144,17
DA:145,17
DA:146,17
DA:147,17
DA:148,17
DA:149,17
DA:150,17
DA:151,17
DA:152,17
DA:153,17
DA:154,1
DA:155,1
DA:156,16
DA:157,16
DA:158,17
DA:159,1
DA:160,1
DA:161,1
DA:162,1
DA:163,1
DA:164,1
DA:165,1
DA:166,1
DA:167,1
DA:168,5
DA:169,5
DA:170,5
DA:171,5
DA:172,5
DA:173,5
DA:174,5
DA:175,5
DA:176,1
DA:177,1
DA:178,2
DA:179,2
DA:180,1
DA:181,1
DA:182,1
DA:183,1
DA:184,1
DA:185,1
DA:186,1
DA:187,1
DA:188,1
DA:189,4
DA:190,4
DA:191,4
DA:192,4
DA:193,4
DA:194,4
DA:195,4
DA:196,4
DA:197,1
DA:198,1
DA:199,2
DA:200,2
DA:201,1
DA:202,1
DA:203,1
DA:204,1
DA:205,1
DA:206,1
DA:207,1
DA:208,1
DA:209,1
DA:210,1
DA:211,7
DA:212,7
DA:213,7
DA:214,7
DA:215,7
DA:216,7
DA:217,7
DA:218,7
DA:219,7
DA:220,7
DA:221,7
DA:222,7
DA:223,7
DA:224,7
DA:225,7
DA:226,7
DA:227,2
DA:228,2
DA:229,3
DA:230,3
DA:231,1
DA:232,1
DA:233,1
DA:234,1
DA:235,1
DA:236,1
DA:237,1
DA:238,1
DA:239,1
DA:240,1
DA:241,7
DA:242,7
DA:243,7
DA:244,7
DA:245,7
DA:246,7
DA:247,7
DA:248,7
DA:249,7
DA:250,7
DA:251,7
DA:252,7
DA:253,7
DA:254,7
DA:255,7
DA:256,7
DA:257,2
DA:258,2
DA:259,3
DA:260,3
DA:261,1
DA:262,1
DA:263,1
DA:264,1
DA:265,1
DA:266,1
DA:267,1
DA:268,1
DA:269,1
DA:270,1
DA:271,3
DA:272,3
DA:273,3
DA:274,3
DA:275,3
DA:276,3
DA:277,3
DA:278,3
DA:279,3
DA:280,3
DA:281,3
DA:282,3
DA:283,3
DA:284,3
DA:285,1
DA:286,1
DA:287,1
DA:288,1
DA:289,1
DA:290,1
DA:291,1
DA:292,1
DA:293,1
DA:294,1
DA:295,1
DA:296,1
DA:297,1
DA:298,1
DA:299,1
DA:300,1
DA:301,1
DA:302,1
DA:303,1
DA:304,1
DA:305,1
DA:306,1
DA:307,1
DA:308,1
DA:309,1
DA:310,1
DA:311,1
DA:312,2
DA:313,2
DA:314,2
DA:315,2
DA:316,2
DA:317,2
DA:318,2
DA:319,2
DA:320,2
DA:321,2
DA:322,2
DA:323,2
DA:324,2
DA:325,2
DA:326,2
DA:327,2
DA:328,2
DA:329,2
DA:330,2
DA:331,1
DA:332,1
DA:333,1
DA:334,1
DA:335,1
DA:336,1
DA:337,1
DA:338,1
DA:339,1
DA:340,1
DA:341,1
DA:342,1
DA:343,1
DA:344,1
DA:345,1
DA:346,1
DA:347,0
DA:348,0
DA:349,0
DA:350,0
DA:351,0
DA:352,0
DA:353,0
DA:354,0
DA:355,0
DA:356,0
DA:357,0
DA:358,0
DA:359,0
DA:360,0
DA:361,0
DA:362,0
DA:363,0
DA:364,0
DA:365,0
DA:366,0
DA:367,0
DA:368,0
DA:369,0
DA:370,0
DA:371,0
DA:372,0
DA:373,0
DA:374,0
DA:375,1
DA:376,1
DA:377,1
DA:378,1
DA:379,1
DA:380,1
DA:381,1
DA:382,1
DA:383,1
DA:384,1
DA:385,1
DA:386,1
DA:387,1
DA:388,1
DA:389,1
DA:390,1
DA:391,1
DA:392,2
DA:393,2
DA:394,2
DA:395,2
DA:396,2
DA:397,2
DA:398,2
DA:399,2
DA:400,2
DA:401,2
DA:402,2
DA:403,2
DA:404,1
DA:405,1
DA:406,1
DA:407,1
DA:408,1
DA:409,1
DA:410,1
DA:411,1
DA:412,1
DA:413,1
DA:414,1
DA:415,1
DA:416,1
DA:417,1
DA:418,1
DA:419,1
DA:420,1
DA:421,1
DA:422,1
DA:423,1
DA:424,1
DA:425,1
DA:426,1
DA:427,1
DA:428,1
DA:429,1
DA:430,1
DA:431,1
DA:432,1
DA:433,1
DA:434,1
DA:435,1
DA:436,1
DA:437,1
DA:438,1
DA:439,1
DA:440,2
DA:441,2
DA:442,2
DA:443,2
DA:444,2
DA:445,2
DA:446,2
DA:447,2
DA:448,2
DA:449,2
DA:450,2
DA:451,2
DA:452,2
DA:453,2
DA:454,2
DA:455,2
DA:456,2
DA:457,2
DA:458,2
DA:459,2
DA:460,2
DA:461,2
DA:462,1
DA:463,1
DA:464,1
DA:465,1
DA:466,1
DA:467,1
DA:468,1
DA:469,1
DA:470,1
DA:471,0
DA:472,0
DA:473,0
DA:474,0
DA:475,0
DA:476,0
DA:477,0
DA:478,0
DA:479,0
DA:480,0
DA:481,0
DA:482,0
DA:483,0
DA:484,1
DA:485,1
DA:486,1
DA:487,1
DA:488,1
DA:489,1
DA:490,1
DA:491,1
DA:492,1
DA:493,1
DA:494,0
DA:495,0
DA:496,0
DA:497,0
DA:498,0
DA:499,0
DA:500,0
DA:501,0
DA:502,0
DA:503,0
DA:504,0
DA:505,0
DA:506,0
DA:507,0
DA:508,0
DA:509,0
DA:510,0
DA:511,0
DA:512,0
DA:513,0
DA:514,1
DA:515,1
DA:516,1
DA:517,1
DA:518,1
DA:519,1
DA:520,1
DA:521,1
DA:522,1
DA:523,1
DA:524,0
DA:525,0
DA:526,0
DA:527,0
DA:528,0
DA:529,0
DA:530,0
DA:531,0
DA:532,0
DA:533,0
DA:534,0
DA:535,0
DA:536,0
DA:537,0
DA:538,0
DA:539,0
DA:540,0
DA:541,0
DA:542,0
DA:543,0
DA:544,1
DA:545,1
DA:546,1
DA:547,1
DA:548,1
DA:549,1
DA:550,1
DA:551,1
DA:552,1
DA:553,1
DA:554,1
DA:555,1
DA:556,2
DA:557,2
DA:558,2
DA:559,2
DA:560,2
DA:561,2
DA:562,2
DA:563,2
DA:564,1
DA:565,1
DA:566,1
DA:567,1
DA:568,1
DA:569,1
DA:570,1
DA:571,1
DA:572,1
DA:573,1
DA:574,1
DA:575,1
DA:576,2
DA:577,2
DA:578,2
DA:579,2
DA:580,2
DA:581,2
DA:582,2
DA:583,2
LF:583
LH:492
BRDA:30,0,0,3
BRDA:35,1,0,1
BRDA:39,2,0,1
BRDA:42,3,0,1
BRDA:45,4,0,1
BRDA:51,5,0,2
BRDA:53,6,0,0
BRDA:54,7,0,0
BRDA:55,8,0,0
BRDA:56,9,0,1
BRDA:57,10,0,0
BRDA:58,11,0,1
BRDA:59,12,0,0
BRDA:60,13,0,0
BRDA:69,14,0,4
BRDA:91,15,0,1
BRDA:93,16,0,3
BRDA:99,17,0,0
BRDA:101,18,0,3
BRDA:106,19,0,0
BRDA:108,20,0,0
BRDA:112,21,0,3
BRDA:114,22,0,0
BRDA:116,23,0,3
BRDA:119,24,0,3
BRDA:120,25,0,0
BRDA:90,26,0,4
BRDA:97,27,0,3
BRDA:103,28,0,3
BRDA:129,29,0,17
BRDA:153,30,0,1
BRDA:155,31,0,16
BRDA:151,32,0,17
BRDA:168,33,0,5
BRDA:174,34,0,3
BRDA:175,35,0,1
BRDA:177,36,0,2
BRDA:189,37,0,4
BRDA:195,38,0,3
BRDA:196,39,0,1
BRDA:198,40,0,2
BRDA:211,41,0,7
BRDA:225,42,0,5
BRDA:226,43,0,2
BRDA:228,44,0,3
BRDA:241,45,0,7
BRDA:255,46,0,5
BRDA:256,47,0,2
BRDA:258,48,0,3
BRDA:271,49,0,3
BRDA:284,50,0,1
BRDA:312,51,0,2
BRDA:330,52,0,1
BRDA:392,53,0,2
BRDA:403,54,0,1
BRDA:440,55,0,2
BRDA:459,56,0,1
BRDA:460,57,0,0
BRDA:556,58,0,2
BRDA:576,59,0,2
BRF:60
BRH:48
end_of_record
TN:
SF:src/methods/lpInvoices.ts
FN:30,isValidGAddress
FN:62,getLpInvoices
FNF:2
FNH:2
FNDA:10,isValidGAddress
FNDA:10,getLpInvoices
DA:1,1
DA:2,1
DA:3,1
DA:4,1
DA:5,1
DA:6,1
DA:7,1
DA:8,1
DA:9,1
DA:10,1
DA:11,1
DA:12,1
DA:13,1
DA:14,1
DA:15,1
DA:16,1
DA:17,1
DA:18,1
DA:19,1
DA:20,1
DA:21,1
DA:22,1
DA:23,1
DA:24,1
DA:25,1
DA:26,1
DA:27,1
DA:28,1
DA:29,1
DA:30,10
DA:31,10
DA:32,10
DA:33,1
DA:34,1
DA:35,1
DA:36,1
DA:37,1
DA:38,1
DA:39,1
DA:40,1
DA:41,1
DA:42,1
DA:43,1
DA:44,1
DA:45,1
DA:46,1
DA:47,1
DA:48,1
DA:49,1
DA:50,1
DA:51,1
DA:52,1
DA:53,1
DA:54,1
DA:55,1
DA:56,1
DA:57,1
DA:58,1
DA:59,1
DA:60,1
DA:61,1
DA:62,10
DA:63,10
DA:64,10
DA:65,10
DA:66,10
DA:67,10
DA:68,10
DA:69,10
DA:70,10
DA:71,2
DA:72,2
DA:73,8
DA:74,8
DA:75,8
DA:76,8
DA:77,8
DA:78,8
DA:79,8
DA:80,8
DA:81,8
DA:82,8
DA:83,8
DA:84,8
DA:85,8
DA:86,8
DA:87,8
DA:88,8
DA:89,8
DA:90,8
DA:91,8
DA:92,8
DA:93,8
DA:94,8
DA:95,8
DA:96,7
DA:97,10
DA:98,1
DA:99,1
DA:100,6
DA:101,10
DA:102,1
DA:103,1
DA:104,5
DA:105,5
DA:106,5
DA:107,5
LF:107
LH:107
BRDA:30,0,0,10
BRDA:62,1,0,10
BRDA:70,2,0,2
BRDA:72,3,0,8
BRDA:95,4,0,7
BRDA:97,5,0,1
BRDA:99,6,0,6
BRDA:101,7,0,1
BRDA:103,8,0,5
BRDA:95,9,0,11
BRDA:106,10,0,2
BRF:11
BRH:11
end_of_record
TN:
SF:src/methods/markPaid.ts
FN:33,markPaid
FNF:1
FNH:1
FNDA:7,markPaid
DA:1,1
DA:2,1
DA:3,1
DA:4,1
DA:5,1
DA:6,1
DA:7,1
DA:8,1
DA:9,1
DA:10,1
DA:11,1
DA:12,1
DA:13,1
DA:14,1
DA:15,1
DA:16,1
DA:17,1
DA:18,1
DA:19,1
DA:20,1
DA:21,1
DA:22,1
DA:23,1
DA:24,1
DA:25,1
DA:26,1
DA:27,1
DA:28,1
DA:29,1
DA:30,1
DA:31,1
DA:32,1
DA:33,7
DA:34,7
DA:35,7
DA:36,7
DA:37,7
DA:38,7
DA:39,7
DA:40,7
DA:41,7
DA:42,7
DA:43,7
DA:44,7
DA:45,7
DA:46,7
DA:47,7
DA:48,7
DA:49,1
DA:50,1
DA:51,7
DA:52,1
DA:53,1
DA:54,5
DA:55,5
DA:56,5
DA:57,5
DA:58,5
DA:59,5
DA:60,5
DA:61,5
DA:62,5
DA:63,5
DA:64,5
DA:65,5
DA:66,5
DA:67,5
DA:68,5
DA:69,5
DA:70,5
DA:71,5
DA:72,7
DA:73,1
DA:74,1
DA:75,4
DA:76,4
DA:77,4
DA:78,4
DA:79,4
DA:80,7
DA:81,0
DA:82,0
DA:83,4
DA:84,4
DA:85,4
DA:86,4
DA:87,7
DA:88,0
DA:89,0
DA:90,0
DA:91,0
DA:92,4
DA:93,7
DA:94,1
DA:95,1
DA:96,3
DA:97,3
DA:98,3
DA:99,3
DA:100,3
DA:101,3
DA:102,3
DA:103,3
LF:103
LH:97
BRDA:33,0,0,7
BRDA:46,1,0,0
BRDA:48,2,0,1
BRDA:50,3,0,6
BRDA:51,4,0,1
BRDA:53,5,0,5
BRDA:72,6,0,1
BRDA:74,7,0,4
BRDA:80,8,0,0
BRDA:82,9,0,4
BRDA:87,10,0,0
BRDA:87,11,0,0
BRDA:91,12,0,4
BRDA:93,13,0,1
BRDA:95,14,0,3
BRDA:71,15,0,5
BRDA:78,16,0,4
BRDA:85,17,0,4
BRF:18
BRH:14
end_of_record
TN:
SF:src/methods/nft.ts
FN:31,getNftMetadata
FN:89,getNftOwner
FNF:2
FNH:2
FNDA:3,getNftMetadata
FNDA:3,getNftOwner
DA:1,1
DA:2,1
DA:3,1
DA:4,1
DA:5,1
DA:6,1
DA:7,1
DA:8,1
DA:9,1
DA:10,1
DA:11,1
DA:12,1
DA:13,1
DA:14,1
DA:15,1
DA:16,1
DA:17,1
DA:18,1
DA:19,1
DA:20,1
DA:21,1
DA:22,1
DA:23,1
DA:24,1
DA:25,1
DA:26,1
DA:27,1
DA:28,1
DA:29,1
DA:30,1
DA:31,3
DA:32,3
DA:33,3
DA:34,3
DA:35,3
DA:36,3
DA:37,3
DA:38,3
DA:39,3
DA:40,3
DA:41,3
DA:42,3
DA:43,3
DA:44,3
DA:45,3
DA:46,3
DA:47,3
DA:48,3
DA:49,3
DA:50,3
DA:51,3
DA:52,3
DA:53,3
DA:54,3
DA:55,1
DA:56,1
DA:57,2
DA:58,3
DA:59,1
DA:60,1
DA:61,1
DA:62,1
DA:63,1
DA:64,1
DA:65,3
DA:66,0
DA:67,0
DA:68,1
DA:69,1
DA:70,1
DA:71,1
DA:72,1
DA:73,1
DA:74,1
DA:75,1
DA:76,1
DA:77,1
DA:78,1
DA:79,1
DA:80,1
DA:81,1
DA:82,1
DA:83,1
DA:84,1
DA:85,1
DA:86,1
DA:87,1
DA:88,1
DA:89,3
DA:90,3
DA:91,3
DA:92,3
DA:93,3
DA:94,3
DA:95,3
DA:96,3
DA:97,3
DA:98,3
DA:99,3
DA:100,3
DA:101,3
DA:102,3
DA:103,3
DA:104,3
DA:105,3
DA:106,3
DA:107,3
DA:108,3
DA:109,3
DA:110,3
DA:111,3
DA:112,3
DA:113,1
DA:114,1
DA:115,2
DA:116,3
DA:117,1
DA:118,1
DA:119,1
DA:120,1
DA:121,1
DA:122,1
DA:123,3
DA:124,0
DA:125,0
DA:126,1
DA:127,1
DA:128,1
LF:128
LH:124
BRDA:31,0,0,3
BRDA:54,1,0,1
BRDA:56,2,0,2
BRDA:58,3,0,1
BRDA:65,4,0,0
BRDA:67,5,0,1
BRDA:52,6,0,3
BRDA:89,7,0,3
BRDA:112,8,0,1
BRDA:114,9,0,2
BRDA:116,10,0,1
BRDA:123,11,0,0
BRDA:125,12,0,1
BRDA:110,13,0,3
BRF:14
BRH:12
end_of_record
TN:
SF:src/methods/queries.ts
FN:32,getInvoice
FN:86,listInvoicesBySubmitter
FN:141,getSubmitterInvoices
FN:195,listInvoicesByLP
FN:251,getPayerScore
FNF:5
FNH:3
FNDA:11,getInvoice
FNDA:0,listInvoicesBySubmitter
FNDA:3,getSubmitterInvoices
FNDA:0,listInvoicesByLP
FNDA:4,getPayerScore
DA:1,1
DA:2,1
DA:3,1
DA:4,1
DA:5,1
DA:6,1
DA:7,1
DA:8,1
DA:9,1
DA:10,1
DA:11,1
DA:12,1
DA:13,1
DA:14,1
DA:15,1
DA:16,1
DA:17,1
DA:18,1
DA:19,1
DA:20,1
DA:21,1
DA:22,1
DA:23,1
DA:24,1
DA:25,1
DA:26,1
DA:27,1
DA:28,1
DA:29,1
DA:30,1
DA:31,1
DA:32,11
DA:33,11
DA:34,11
DA:35,11
DA:36,11
DA:37,11
DA:38,11
DA:39,11
DA:40,11
DA:41,11
DA:42,11
DA:43,11
DA:44,11
DA:45,11
DA:46,11
DA:47,11
DA:48,11
DA:49,11
DA:50,11
DA:51,11
DA:52,11
DA:53,11
DA:54,11
DA:55,11
DA:56,3
DA:57,1
DA:58,1
DA:59,2
DA:60,2
DA:61,11
DA:62,0
DA:63,0
DA:64,8
DA:65,8
DA:66,8
DA:67,8
DA:68,8
DA:69,1
DA:70,1
DA:71,1
DA:72,1
DA:73,1
DA:74,1
DA:75,1
DA:76,1
DA:77,1
DA:78,1
DA:79,1
DA:80,1
DA:81,1
DA:82,1
DA:83,1
DA:84,1
DA:85,1
DA:86,0
DA:87,0
DA:88,0
DA:89,0
DA:90,0
DA:91,0
DA:92,0
DA:93,0
DA:94,0
DA:95,0
DA:96,0
DA:97,0
DA:98,0
DA:99,0
DA:100,0
DA:101,0
DA:102,0
DA:103,0
DA:104,0
DA:105,0
DA:106,0
DA:107,0
DA:108,0
DA:109,0
DA:110,0
DA:111,0
DA:112,0
DA:113,0
DA:114,0
DA:115,0
DA:116,0
DA:117,0
DA:118,0
DA:119,0
DA:120,0
DA:121,0
DA:122,0
DA:123,0
DA:124,1
DA:125,1
DA:126,1
DA:127,1
DA:128,1
DA:129,1
DA:130,1
DA:131,1
DA:132,1
DA:133,1
DA:134,1
DA:135,1
DA:136,1
DA:137,1
DA:138,1
DA:139,1
DA:140,1
DA:141,3
DA:142,3
DA:143,3
DA:144,3
DA:145,3
DA:146,3
DA:147,3
DA:148,3
DA:149,3
DA:150,3
DA:151,3
DA:152,3
DA:153,3
DA:154,3
DA:155,3
DA:156,3
DA:157,3
DA:158,3
DA:159,3
DA:160,3
DA:161,3
DA:162,3
DA:163,3
DA:164,3
DA:165,3
DA:166,3
DA:167,3
DA:168,3
DA:169,1
DA:170,1
DA:171,3
DA:172,2
DA:173,2
DA:174,0
DA:175,0
DA:176,0
DA:177,0
DA:178,1
DA:179,1
DA:180,1
DA:181,1
DA:182,1
DA:183,1
DA:184,1
DA:185,1
DA:186,1
DA:187,1
DA:188,1
DA:189,1
DA:190,1
DA:191,1
DA:192,1
DA:193,1
DA:194,1
DA:195,0
DA:196,0
DA:197,0
DA:198,0
DA:199,0
DA:200,0
DA:201,0
DA:202,0
DA:203,0
DA:204,0
DA:205,0
DA:206,0
DA:207,0
DA:208,0
DA:209,0
DA:210,0
DA:211,0
DA:212,0
DA:213,0
DA:214,0
DA:215,0
DA:216,0
DA:217,0
DA:218,0
DA:219,0
DA:220,0
DA:221,0
DA:222,0
DA:223,0
DA:224,0
DA:225,0
DA:226,0
DA:227,0
DA:228,0
DA:229,0
DA:230,0
DA:231,0
DA:232,1
DA:233,1
DA:234,1
DA:235,1
DA:236,1
DA:237,1
DA:238,1
DA:239,1
DA:240,1
DA:241,1
DA:242,1
DA:243,1
DA:244,1
DA:245,1
DA:246,1
DA:247,1
DA:248,1
DA:249,1
DA:250,1
DA:251,4
DA:252,4
DA:253,4
DA:254,4
DA:255,4
DA:256,4
DA:257,4
DA:258,4
DA:259,4
DA:260,4
DA:261,4
DA:262,4
DA:263,4
DA:264,4
DA:265,4
DA:266,4
DA:267,4
DA:268,4
DA:269,4
DA:270,4
DA:271,4
DA:272,4
DA:273,4
DA:274,4
DA:275,3
DA:276,4
DA:277,1
DA:278,1
DA:279,4
DA:280,1
DA:281,1
DA:282,1
DA:283,1
DA:284,1
LF:284
LH:203
BRDA:32,0,0,11
BRDA:55,1,0,3
BRDA:56,2,0,2
BRDA:56,3,0,2
BRDA:56,4,0,1
BRDA:60,5,0,8
BRDA:61,6,0,10
BRDA:61,7,0,0
BRDA:63,8,0,8
BRDA:53,9,0,11
BRDA:141,10,0,3
BRDA:168,11,0,1
BRDA:170,12,0,2
BRDA:171,13,0,2
BRDA:173,14,0,0
BRDA:166,15,0,3
BRDA:251,16,0,4
BRDA:274,17,0,3
BRDA:276,18,0,1
BRDA:278,19,0,2
BRDA:279,20,0,1
BRDA:274,21,0,3
BRF:22
BRH:20
end_of_record
TN:
SF:src/methods/referralStats.ts
FN:51,getReferralStats
FNF:1
FNH:1
FNDA:10,getReferralStats
DA:1,1
DA:2,1
DA:3,1
DA:4,1
DA:5,1
DA:6,1
DA:7,1
DA:8,1
DA:9,1
DA:10,1
DA:11,1
DA:12,1
DA:13,1
DA:14,1
DA:15,1
DA:16,1
DA:17,1
DA:18,1
DA:19,1
DA:20,1
DA:21,1
DA:22,1
DA:23,1
DA:24,1
DA:25,1
DA:26,1
DA:27,1
DA:28,1
DA:29,1
DA:30,1
DA:31,1
DA:32,1
DA:33,1
DA:34,1
DA:35,1
DA:36,1
DA:37,1
DA:38,1
DA:39,1
DA:40,1
DA:41,1
DA:42,1
DA:43,1
DA:44,1
DA:45,1
DA:46,1
DA:47,1
DA:48,1
DA:49,1
DA:50,1
DA:51,10
DA:52,10
DA:53,10
DA:54,10
DA:55,10
DA:56,10
DA:57,10
DA:58,10
DA:59,2
DA:60,8
DA:61,10
DA:62,10
DA:63,5
DA:64,5
DA:65,5
DA:66,5
DA:67,5
DA:68,5
DA:69,5
DA:70,5
DA:71,5
DA:72,5
DA:73,5
DA:74,5
DA:75,5
DA:76,5
DA:77,5
DA:78,5
DA:79,5
DA:80,5
DA:81,5
DA:82,5
DA:83,5
DA:84,5
DA:85,5
DA:86,5
DA:87,5
DA:88,5
DA:89,5
DA:90,5
DA:91,5
DA:92,10
DA:93,2
DA:94,2
DA:95,3
DA:96,10
DA:97,1
DA:98,1
DA:99,2
DA:100,2
DA:101,10
DA:102,10
LF:102
LH:102
BRDA:51,0,0,10
BRDA:58,1,0,2
BRDA:59,2,0,8
BRDA:62,3,0,5
BRDA:92,4,0,2
BRDA:94,5,0,3
BRDA:96,6,0,2
BRDA:96,7,0,1
BRDA:98,8,0,2
BRDA:101,9,0,0
BRDA:90,10,0,5
BRF:11
BRH:10
end_of_record
TN:
SF:src/methods/reputation.ts
FN:32,ReputationContractError
FN:37,<static_initializer>
FN:38,ArithmeticError
FN:41,InvoiceNotFound
FN:44,IllegalState
FN:47,ConfigErrorUnauthorized
FN:50,ConfigErrorInvalidBonusBps
FN:53,ConfigErrorInvalidMinDiscountRate
FN:56,RateErrorArithmeticUnderflow
FN:59,RateErrorArithmeticOverflow
FN:62,fromError
FN:83,submitCall
FN:147,isValidGAddress
FN:176,getReputation
FN:260,submitReputationInvoice
FN:312,markReputationInvoicePaid
FN:350,handleDefault
FN:408,getReputationBonusConfig
FN:470,getReputationBonusReputation
FNF:19
FNH:13
FNDA:2,ReputationContractError
FNDA:1,<static_initializer>
FNDA:0,ArithmeticError
FNDA:1,InvoiceNotFound
FNDA:0,IllegalState
FNDA:1,ConfigErrorUnauthorized
FNDA:0,ConfigErrorInvalidBonusBps
FNDA:0,ConfigErrorInvalidMinDiscountRate
FNDA:0,RateErrorArithmeticUnderflow
FNDA:0,RateErrorArithmeticOverflow
FNDA:3,fromError
FNDA:4,submitCall
FNDA:17,isValidGAddress
FNDA:8,getReputation
FNDA:2,submitReputationInvoice
FNDA:2,markReputationInvoicePaid
FNDA:1,handleDefault
FNDA:4,getReputationBonusConfig
FNDA:6,getReputationBonusReputation
DA:1,1
DA:2,1
DA:3,1
DA:4,1
DA:5,1
DA:6,1
DA:7,1
DA:8,1
DA:9,1
DA:10,1
DA:11,1
DA:12,1
DA:13,1
DA:14,1
DA:15,1
DA:16,1
DA:17,1
DA:18,1
DA:19,1
DA:20,1
DA:21,1
DA:22,1
DA:23,1
DA:24,1
DA:25,1
DA:26,1
DA:27,1
DA:28,1
DA:29,1
DA:30,1
DA:31,1
DA:32,1
DA:33,2
DA:34,2
DA:35,2
DA:36,1
DA:37,1
DA:38,1
DA:39,1
DA:40,1
DA:41,1
DA:42,1
DA:43,1
DA:44,1
DA:45,1
DA:46,1
DA:47,1
DA:48,1
DA:49,1
DA:50,1
DA:51,1
DA:52,1
DA:53,1
DA:54,1
DA:55,1
DA:56,1
DA:57,1
DA:58,1
DA:59,1
DA:60,1
DA:61,1
DA:62,1
DA:63,3
DA:64,3
DA:65,3
DA:66,3
DA:67,3
DA:68,3
DA:69,3
DA:70,3
DA:71,3
DA:72,3
DA:73,3
DA:74,3
DA:75,3
DA:76,3
DA:77,1
DA:78,1
DA:79,1
DA:80,1
DA:81,1
DA:82,1
DA:83,4
DA:84,4
DA:85,4
DA:86,4
DA:87,4
DA:88,4
DA:89,4
DA:90,4
DA:91,4
DA:92,4
DA:93,4
DA:94,4
DA:95,4
DA:96,4
DA:97,4
DA:98,4
DA:99,4
DA:100,4
DA:101,4
DA:102,4
DA:103,4
DA:104,4
DA:105,4
DA:106,1
DA:107,1
DA:108,3
DA:109,3
DA:110,3
DA:111,3
DA:112,3
DA:113,4
DA:114,0
DA:115,0
DA:116,3
DA:117,3
DA:118,3
DA:119,3
DA:120,3
DA:121,0
DA:122,4
DA:123,0
DA:124,0
DA:125,0
DA:126,0
DA:127,3
DA:128,4
DA:129,0
DA:130,0
DA:131,3
DA:132,3
DA:133,3
DA:134,3
DA:135,0
DA:136,4
DA:137,4
DA:138,4
DA:139,1
DA:140,1
DA:141,1
DA:142,1
DA:143,1
DA:144,1
DA:145,1
DA:146,1
DA:147,17
DA:148,17
DA:149,17
DA:150,1
DA:151,1
DA:152,1
DA:153,1
DA:154,1
DA:155,1
DA:156,1
DA:157,1
DA:158,1
DA:159,1
DA:160,1
DA:161,1
DA:162,1
DA:163,1
DA:164,1
DA:165,1
DA:166,1
DA:167,1
DA:168,1
DA:169,1
DA:170,1
DA:171,1
DA:172,1
DA:173,1
DA:174,1
DA:175,1
DA:176,8
DA:177,8
DA:178,8
DA:179,8
DA:180,8
DA:181,8
DA:182,8
DA:183,3
DA:184,3
DA:185,3
DA:186,3
DA:187,5
DA:188,5
DA:189,5
DA:190,5
DA:191,5
DA:192,5
DA:193,5
DA:194,5
DA:195,5
DA:196,5
DA:197,5
DA:198,5
DA:199,5
DA:200,5
DA:201,5
DA:202,5
DA:203,5
DA:204,5
DA:205,5
DA:206,5
DA:207,5
DA:208,4
DA:209,8
DA:210,1
DA:211,1
DA:212,3
DA:213,3
DA:214,8
DA:215,1
DA:216,1
DA:217,2
DA:218,2
DA:219,2
DA:220,2
DA:221,1
DA:222,1
DA:223,1
DA:224,1
DA:225,1
DA:226,1
DA:227,1
DA:228,1
DA:229,1
DA:230,1
DA:231,1
DA:232,1
DA:233,1
DA:234,1
DA:235,1
DA:236,1
DA:237,1
DA:238,1
DA:239,1
DA:240,1
DA:241,1
DA:242,1
DA:243,1
DA:244,1
DA:245,1
DA:246,1
DA:247,1
DA:248,1
DA:249,1
DA:250,1
DA:251,1
DA:252,1
DA:253,1
DA:254,1
DA:255,1
DA:256,1
DA:257,1
DA:258,1
DA:259,1
DA:260,2
DA:261,2
DA:262,2
DA:263,2
DA:264,2
DA:265,2
DA:266,2
DA:267,2
DA:268,2
DA:269,2
DA:270,2
DA:271,2
DA:272,2
DA:273,1
DA:274,1
DA:275,2
DA:276,0
DA:277,0
DA:278,1
DA:279,1
DA:280,1
DA:281,1
DA:282,1
DA:283,1
DA:284,1
DA:285,1
DA:286,1
DA:287,1
DA:288,1
DA:289,1
DA:290,1
DA:291,1
DA:292,1
DA:293,1
DA:294,1
DA:295,1
DA:296,1
DA:297,1
DA:298,1
DA:299,1
DA:300,1
DA:301,1
DA:302,1
DA:303,1
DA:304,1
DA:305,1
DA:306,1
DA:307,1
DA:308,1
DA:309,1
DA:310,1
DA:311,1
DA:312,2
DA:313,2
DA:314,2
DA:315,2
DA:316,2
DA:317,2
DA:318,2
DA:319,2
DA:320,2
DA:321,2
DA:322,2
DA:323,2
DA:324,2
DA:325,2
DA:326,2
DA:327,2
DA:328,2
DA:329,1
DA:330,1
DA:331,1
DA:332,1
DA:333,1
DA:334,1
DA:335,1
DA:336,1
DA:337,1
DA:338,1
DA:339,1
DA:340,1
DA:341,1
DA:342,1
DA:343,1
DA:344,1
DA:345,1
DA:346,1
DA:347,1
DA:348,1
DA:349,1
DA:350,1
DA:351,1
DA:352,1
DA:353,1
DA:354,1
DA:355,1
DA:356,1
DA:357,1
DA:358,1
DA:359,1
DA:360,1
DA:361,1
DA:362,1
DA:363,1
DA:364,1
DA:365,1
DA:366,1
DA:367,1
DA:368,1
DA:369,1
DA:370,1
DA:371,1
DA:372,1
DA:373,1
DA:374,1
DA:375,1
DA:376,1
DA:377,1
DA:378,1
DA:379,1
DA:380,1
DA:381,1
DA:382,1
DA:383,1
DA:384,1
DA:385,1
DA:386,1
DA:387,1
DA:388,1
DA:389,1
DA:390,1
DA:391,1
DA:392,1
DA:393,1
DA:394,1
DA:395,1
DA:396,1
DA:397,1
DA:398,1
DA:399,1
DA:400,1
DA:401,1
DA:402,1
DA:403,1
DA:404,1
DA:405,1
DA:406,1
DA:407,1
DA:408,4
DA:409,4
DA:410,4
DA:411,4
DA:412,4
DA:413,4
DA:414,4
DA:415,4
DA:416,4
DA:417,4
DA:418,4
DA:419,4
DA:420,4
DA:421,4
DA:422,4
DA:423,4
DA:424,4
DA:425,4
DA:426,4
DA:427,4
DA:428,4
DA:429,4
DA:430,3
DA:431,4
DA:432,1
DA:433,1
DA:434,4
DA:435,1
DA:436,1
DA:437,1
DA:438,1
DA:439,1
DA:440,4
DA:441,4
DA:442,4
DA:443,4
DA:444,4
DA:445,1
DA:446,1
DA:447,1
DA:448,1
DA:449,1
DA:450,1
DA:451,1
DA:452,1
DA:453,1
DA:454,1
DA:455,1
DA:456,1
DA:457,1
DA:458,1
DA:459,1
DA:460,1
DA:461,1
[...]
DA:242,10
DA:243,10
DA:244,11
DA:245,0
DA:246,0
DA:247,0
DA:248,0
DA:249,10
DA:250,10
DA:251,10
DA:252,10
DA:253,10
DA:254,10
DA:255,11
DA:256,4
DA:257,4
DA:258,6
DA:259,11
DA:260,1
DA:261,1
DA:262,5
DA:263,5
DA:264,11
DA:265,1
DA:266,1
DA:267,1
DA:268,1
DA:269,1
DA:270,1
DA:271,1
DA:272,2
DA:273,2
DA:274,1
DA:275,1
DA:276,1
DA:277,3
DA:278,3
DA:279,1
DA:280,1
DA:281,1
DA:282,1
DA:283,1
DA:284,1
DA:285,1
DA:286,93
DA:287,93
DA:288,93
DA:289,93
DA:290,2
DA:291,2
DA:292,93
DA:293,1
DA:294,1
DA:295,1
DA:296,70
DA:297,70
DA:298,70
DA:299,70
DA:300,1
DA:301,1
DA:302,1
DA:303,1
DA:304,1
DA:305,1
DA:306,19
DA:307,19
DA:308,19
DA:309,19
DA:310,1
DA:311,1
DA:312,1
DA:313,18
DA:314,18
DA:315,18
DA:316,17
DA:317,19
DA:318,2
DA:319,2
DA:320,2
DA:321,2
DA:322,2
DA:323,19
DA:324,1
DA:325,1
DA:326,1
DA:327,4
DA:328,4
DA:329,4
DA:330,4
DA:331,4
DA:332,4
DA:333,3
DA:334,2
DA:335,2
DA:336,4
DA:337,2
DA:338,2
DA:339,2
DA:340,2
DA:341,2
DA:342,1
DA:343,4
DA:344,1
DA:345,1
DA:346,1
DA:347,4
DA:348,4
DA:349,1
LF:349
LH:345
BRDA:63,0,0,16
BRDA:69,1,0,4
BRDA:76,2,0,5
BRDA:83,3,0,4
BRDA:90,4,0,2
BRDA:99,5,0,1
BRDA:152,6,0,25
BRDA:168,7,0,3
BRDA:169,8,0,2
BRDA:181,9,0,23
BRDA:184,10,0,21
BRDA:184,11,0,1
BRDA:187,12,0,20
BRDA:193,13,0,19
BRDA:193,14,0,1
BRDA:195,15,0,19
BRDA:198,16,0,17
BRDA:220,17,0,11
BRDA:225,18,0,1
BRDA:232,19,0,1
BRDA:236,20,0,10
BRDA:244,21,0,0
BRDA:248,22,0,10
BRDA:254,23,0,6
BRDA:255,24,0,4
BRDA:257,25,0,6
BRDA:259,26,0,5
BRDA:259,27,0,1
BRDA:261,28,0,5
BRDA:271,29,0,2
BRDA:276,30,0,3
BRDA:277,31,0,2
BRDA:285,32,0,93
BRDA:289,33,0,91
BRDA:289,34,0,2
BRDA:295,35,0,70
BRDA:305,36,0,19
BRDA:308,37,0,18
BRDA:309,38,0,1
BRDA:312,39,0,18
BRDA:315,40,0,1
BRDA:315,41,0,17
BRDA:317,42,0,2
BRDA:326,43,0,4
BRDA:327,44,0,3
BRDA:327,45,0,1
BRDA:327,46,0,0
BRDA:332,47,0,3
BRDA:333,48,0,2
BRDA:334,49,0,2
BRDA:336,50,0,2
BRDA:341,51,0,1
BRDA:342,52,0,0
BRDA:343,53,0,1
BRDA:347,54,0,0
BRF:55
BRH:51
end_of_record
TN:
SF:src/signers/KeypairSigner.ts
FN:33,isTestEnvironment
FN:48,warnIfHardcodedSecret
FN:101,KeypairSigner
FN:115,get publicKey
FN:135,signTransaction
FN:167,get keypair
FN:182,fromEnv
FNF:7
FNH:7
FNDA:6,isTestEnvironment
FNDA:6,warnIfHardcodedSecret
FNDA:20,KeypairSigner
FNDA:3,get publicKey
FNDA:10,signTransaction
FNDA:1,get keypair
FNDA:4,fromEnv
DA:1,1
DA:2,1
DA:3,1
DA:4,1
DA:5,1
DA:6,1
DA:7,1
DA:8,1
DA:9,1
DA:10,1
DA:11,1
DA:12,1
DA:13,1
DA:14,1
DA:15,1
DA:16,1
DA:17,1
DA:18,1
DA:19,1
DA:20,1
DA:21,1
DA:22,1
DA:23,1
DA:24,1
DA:25,1
DA:26,1
DA:27,1
DA:28,1
DA:29,1
DA:30,1
DA:31,1
DA:32,1
DA:33,6
DA:34,6
DA:35,6
DA:36,3
DA:37,2
DA:38,6
DA:39,6
DA:40,1
DA:41,1
DA:42,1
DA:43,1
DA:44,1
DA:45,1
DA:46,1
DA:47,1
DA:48,6
DA:49,6
DA:50,2
DA:51,2
DA:52,2
DA:53,2
DA:54,2
DA:55,2
DA:56,2
DA:57,6
DA:58,1
DA:59,1
DA:60,1
DA:61,1
DA:62,1
DA:63,1
DA:64,1
DA:65,1
DA:66,1
DA:67,1
DA:68,1
DA:69,1
DA:70,1
DA:71,1
DA:72,1
DA:73,1
DA:74,1
DA:75,1
DA:76,1
DA:77,1
DA:78,1
DA:79,1
DA:80,1
DA:81,1
DA:82,1
DA:83,1
DA:84,1
DA:85,1
DA:86,1
DA:87,1
DA:88,1
DA:89,1
DA:90,1
DA:91,1
DA:92,1
DA:93,1
DA:94,1
DA:95,1
DA:96,1
DA:97,1
DA:98,1
DA:99,1
DA:100,1
DA:101,1
DA:102,20
DA:103,6
DA:104,6
DA:105,20
DA:106,14
DA:107,14
DA:108,20
DA:109,1
DA:110,1
DA:111,1
DA:112,1
DA:113,1
DA:114,1
DA:115,1
DA:116,3
DA:117,3
DA:118,1
DA:119,1
DA:120,1
DA:121,1
DA:122,1
DA:123,1
DA:124,1
DA:125,1
DA:126,1
DA:127,1
DA:128,1
DA:129,1
DA:130,1
DA:131,1
DA:132,1
DA:133,1
DA:134,1
DA:135,1
DA:136,10
DA:137,10
DA:138,10
DA:139,10
DA:140,10
DA:141,9
DA:142,10
DA:143,1
DA:144,1
DA:145,1
DA:146,1
DA:147,8
DA:148,8
DA:149,8
DA:150,8
DA:151,8
DA:152,8
DA:153,10
DA:154,1
DA:155,1
DA:156,1
DA:157,1
DA:158,1
DA:159,1
DA:160,1
DA:161,1
DA:162,1
DA:163,1
DA:164,1
DA:165,1
DA:166,1
DA:167,1
DA:168,1
DA:169,1
DA:170,1
DA:171,1
DA:172,1
DA:173,1
DA:174,1
DA:175,1
DA:176,1
DA:177,1
DA:178,1
DA:179,1
DA:180,1
DA:181,1
DA:182,1
DA:183,4
DA:184,4
DA:185,1
DA:186,1
DA:187,1
DA:188,1
DA:189,3
DA:190,3
DA:191,3
DA:192,4
DA:193,1
LF:193
LH:193
BRDA:33,0,0,6
BRDA:35,1,0,3
BRDA:36,2,0,2
BRDA:48,3,0,6
BRDA:49,4,0,4
BRDA:49,5,0,2
BRDA:57,6,0,1
BRDA:101,7,0,20
BRDA:102,8,0,6
BRDA:105,9,0,14
BRDA:115,10,0,3
BRDA:135,11,0,10
BRDA:140,12,0,9
BRDA:142,13,0,1
BRDA:146,14,0,8
BRDA:167,15,0,1
BRDA:182,16,0,4
BRDA:184,17,0,1
BRDA:188,18,0,3
BRF:19
BRH:19
end_of_record
TN:
SF:src/types/governance.ts
FNF:0
FNH:0
DA:1,1
DA:2,1
DA:3,1
DA:4,1
DA:5,1
DA:6,1
DA:7,1
DA:8,1
DA:9,1
DA:10,1
DA:11,1
DA:12,1
DA:13,1
DA:14,1
DA:15,1
DA:16,1
DA:17,1
DA:18,1
DA:19,1
DA:20,1
DA:21,1
DA:22,1
DA:23,1
DA:24,1
DA:25,1
DA:26,1
DA:27,1
DA:28,1
DA:29,1
DA:30,1
DA:31,1
DA:32,1
DA:33,1
LF:33
LH:33
BRF:0
BRH:0
end_of_record
TN:
SF:src/utils/allowance.ts
FN:41,getAllowance
FN:113,buildApproveTransaction
FN:163,isAllowanceSufficient
FNF:3
FNH:3
FNDA:2,getAllowance
FNDA:3,buildApproveTransaction
FNDA:6,isAllowanceSufficient
DA:1,1
DA:2,1
DA:3,1
DA:4,1
DA:5,1
DA:6,1
DA:7,1
DA:8,1
DA:9,1
DA:10,1
DA:11,1
DA:12,1
DA:13,1
DA:14,1
DA:15,1
DA:16,1
DA:17,1
DA:18,1
DA:19,1
DA:20,1
DA:21,1
DA:22,1
DA:23,1
DA:24,1
DA:25,1
DA:26,1
DA:27,1
DA:28,1
DA:29,1
DA:30,1
DA:31,1
DA:32,1
DA:33,1
DA:34,1
DA:35,1
DA:36,1
DA:37,1
DA:38,1
DA:39,1
DA:40,1
DA:41,2
DA:42,2
DA:43,2
DA:44,2
DA:45,2
DA:46,2
DA:47,2
DA:48,2
DA:49,2
DA:50,2
DA:51,2
DA:52,2
DA:53,2
DA:54,2
DA:55,2
DA:56,2
DA:57,2
DA:58,2
DA:59,2
DA:60,2
DA:61,2
DA:62,2
DA:63,2
DA:64,2
DA:65,1
DA:66,1
DA:67,1
DA:68,2
DA:69,1
DA:70,1
DA:71,0
DA:72,0
DA:73,0
DA:74,0
DA:75,2
DA:76,0
DA:77,0
DA:78,0
DA:79,0
DA:80,0
DA:81,0
DA:82,0
DA:83,0
DA:84,0
DA:85,0
DA:86,0
DA:87,0
DA:88,0
DA:89,1
DA:90,1
DA:91,1
DA:92,1
DA:93,1
DA:94,1
DA:95,1
DA:96,1
DA:97,1
DA:98,1
DA:99,1
DA:100,1
DA:101,1
DA:102,1
DA:103,1
DA:104,1
DA:105,1
DA:106,1
DA:107,1
DA:108,1
DA:109,1
DA:110,1
DA:111,1
DA:112,1
DA:113,3
DA:114,3
DA:115,3
DA:116,3
DA:117,3
DA:118,3
DA:119,3
DA:120,3
DA:121,3
DA:122,3
DA:123,3
DA:124,3
DA:125,3
DA:126,3
DA:127,3
DA:128,3
DA:129,3
DA:130,3
DA:131,3
DA:132,3
DA:133,3
DA:134,3
DA:135,3
DA:136,3
DA:137,3
DA:138,3
DA:139,3
DA:140,3
DA:141,3
DA:142,3
DA:143,3
DA:144,2
DA:145,2
DA:146,1
DA:147,1
DA:148,1
DA:149,1
DA:150,1
DA:151,1
DA:152,1
DA:153,1
DA:154,1
DA:155,1
DA:156,1
DA:157,1
DA:158,1
DA:159,1
DA:160,1
DA:161,1
DA:162,1
DA:163,1
DA:164,6
DA:165,6
DA:166,6
DA:167,6
DA:168,6
DA:169,5
DA:170,5
DA:171,5
DA:172,3
DA:173,2
DA:174,6
DA:175,1
DA:176,1
DA:177,4
DA:178,4
DA:179,4
LF:179
LH:162
BRDA:41,0,0,2
BRDA:64,1,0,1
BRDA:68,2,0,1
BRDA:70,3,0,0
BRDA:75,4,0,0
BRDA:75,5,0,0
BRDA:113,6,0,3
BRDA:143,7,0,2
BRDA:163,8,0,6
BRDA:168,9,0,1
BRDA:168,10,0,5
BRDA:171,11,0,3
BRDA:172,12,0,2
BRDA:174,13,0,1
BRDA:176,14,0,4
BRF:15
BRH:12
end_of_record
TN:
SF:src/utils/feeCalculator.ts
FN:61,estimateFee
FN:126,estimateSubmitFee
FN:166,estimateFundFee
FNF:3
FNH:3
FNDA:17,estimateFee
FNDA:4,estimateSubmitFee
FNDA:4,estimateFundFee
DA:1,1
DA:2,1
DA:3,1
DA:4,1
DA:5,1
DA:6,1
DA:7,1
DA:8,1
DA:9,1
DA:10,1
DA:11,1
DA:12,1
DA:13,1
DA:14,1
DA:15,1
DA:16,1
DA:17,1
DA:18,1
DA:19,1
DA:20,1
DA:21,1
DA:22,1
DA:23,1
DA:24,1
DA:25,1
DA:26,1
DA:27,1
DA:28,1
DA:29,1
DA:30,1
DA:31,1
DA:32,1
DA:33,1
DA:34,1
DA:35,1
DA:36,1
DA:37,1
DA:38,1
DA:39,1
DA:40,1
DA:41,1
DA:42,1
DA:43,1
DA:44,1
DA:45,1
DA:46,1
DA:47,1
DA:48,1
DA:49,1
DA:50,1
DA:51,1
DA:52,1
DA:53,1
DA:54,1
DA:55,1
DA:56,1
DA:57,1
DA:58,1
DA:59,1
DA:60,1
DA:61,17
DA:62,17
DA:63,17
DA:64,17
DA:65,17
DA:66,17
DA:67,17
DA:68,17
DA:69,17
DA:70,17
DA:71,17
DA:72,17
DA:73,17
DA:74,17
DA:75,17
DA:76,17
DA:77,17
DA:78,17
DA:79,16
DA:80,17
DA:81,3
DA:82,3
DA:83,13
DA:84,17
DA:85,17
DA:86,17
DA:87,17
DA:88,17
DA:89,17
DA:90,17
DA:91,17
DA:92,17
DA:93,17
DA:94,1
DA:95,1
DA:96,1
DA:97,1
DA:98,1
DA:99,1
DA:100,1
DA:101,1
DA:102,1
DA:103,1
DA:104,1
DA:105,1
DA:106,1
DA:107,1
DA:108,1
DA:109,1
DA:110,1
DA:111,1
DA:112,1
DA:113,1
DA:114,1
DA:115,1
DA:116,1
DA:117,1
DA:118,1
DA:119,1
DA:120,1
DA:121,1
DA:122,1
DA:123,1
DA:124,1
DA:125,1
DA:126,4
DA:127,4
DA:128,4
DA:129,4
DA:130,4
DA:131,4
DA:132,4
DA:133,4
DA:134,4
DA:135,4
DA:136,4
DA:137,4
DA:138,4
DA:139,4
DA:140,4
DA:141,4
DA:142,4
DA:143,4
DA:144,4
DA:145,4
DA:146,4
DA:147,4
DA:148,1
DA:149,1
DA:150,1
DA:151,1
DA:152,1
DA:153,1
DA:154,1
DA:155,1
DA:156,1
DA:157,1
DA:158,1
DA:159,1
DA:160,1
DA:161,1
DA:162,1
DA:163,1
DA:164,1
DA:165,1
DA:166,4
DA:167,4
DA:168,4
DA:169,4
DA:170,4
DA:171,4
DA:172,4
DA:173,4
DA:174,4
DA:175,4
DA:176,4
DA:177,4
DA:178,4
DA:179,4
DA:180,4
DA:181,4
DA:182,4
DA:183,4
DA:184,4
DA:185,4
DA:186,4
LF:186
LH:186
BRDA:61,0,0,17
BRDA:78,1,0,16
BRDA:80,2,0,3
BRDA:82,3,0,13
BRDA:84,4,0,1
BRDA:126,5,0,4
BRDA:143,6,0,3
BRDA:166,7,0,4
BRF:8
BRH:8
end_of_record
TN:
SF:src/utils/retry.ts
FN:50,isTransientError
FN:146,retry
FN:204,withRetry
FNF:3
FNH:3
FNDA:43,isTransientError
FNDA:381,retry
FNDA:3,withRetry
DA:1,1
DA:2,1
DA:3,1
DA:4,1
DA:5,1
DA:6,1
DA:7,1
DA:8,1
DA:9,1
DA:10,1
DA:11,1
DA:12,1
DA:13,1
DA:14,1
DA:15,1
DA:16,1
DA:17,1
DA:18,1
DA:19,1
DA:20,1
DA:21,1
DA:22,1
DA:23,1
DA:24,1
DA:25,1
DA:26,1
DA:27,1
DA:28,1
DA:29,1
DA:30,1
DA:31,1
DA:32,1
DA:33,1
DA:34,1
DA:35,1
DA:36,1
DA:37,1
DA:38,1
DA:39,1
DA:40,1
DA:41,1
DA:42,1
DA:43,1
DA:44,1
DA:45,1
DA:46,1
DA:47,1
DA:48,1
DA:49,1
DA:50,43
DA:51,43
DA:52,43
DA:53,43
DA:54,43
DA:55,43
DA:56,43
DA:57,43
DA:58,43
DA:59,34
DA:60,12
DA:61,12
DA:62,12
DA:63,8
DA:64,8
DA:65,8
DA:66,43
DA:67,35
DA:68,35
DA:69,8
DA:70,8
DA:71,8
DA:72,8
DA:73,7
DA:74,7
DA:75,43
DA:76,1
DA:77,1
DA:78,7
DA:79,7
DA:80,7
DA:81,7
DA:82,5
DA:83,5
DA:84,43
DA:85,2
DA:86,2
DA:87,5
DA:88,5
DA:89,43
DA:90,1
DA:91,1
DA:92,4
DA:93,4
DA:94,4
DA:95,4
DA:96,3
DA:97,3
DA:98,3
DA:99,43
DA:100,1
DA:101,1
DA:102,3
DA:103,3
DA:104,3
DA:105,3
DA:106,2
DA:107,2
DA:108,43
DA:109,1
DA:110,1
DA:111,2
DA:112,2
DA:113,2
DA:114,2
DA:115,1
DA:116,1
DA:117,43
DA:118,1
DA:119,1
DA:120,43
DA:121,1
DA:122,1
DA:123,1
DA:124,1
DA:125,1
DA:126,1
DA:127,1
DA:128,1
DA:129,1
DA:130,1
DA:131,1
DA:132,1
DA:133,1
DA:134,1
DA:135,1
DA:136,1
DA:137,1
DA:138,1
DA:139,1
DA:140,1
DA:141,1
DA:142,1
DA:143,1
DA:144,1
DA:145,1
DA:146,381
DA:147,381
DA:148,381
DA:149,381
DA:150,381
DA:151,381
DA:152,381
DA:153,381
DA:154,412
DA:155,412
DA:156,412
DA:157,43
DA:158,43
DA:159,43
DA:160,43
DA:161,5
DA:162,5
DA:163,38
DA:164,38
DA:165,42
DA:166,7
DA:167,7
DA:168,31
DA:169,31
DA:170,31
DA:171,31
DA:172,42
DA:173,1
DA:174,1
DA:175,1
DA:176,1
DA:177,1
DA:178,31
DA:179,31
DA:180,31
DA:181,31
DA:182,412
DA:183,31
DA:184,31
DA:185,31
DA:186,31
DA:187,1
DA:188,1
DA:189,1
DA:190,1
DA:191,1
DA:192,1
DA:193,1
DA:194,1
DA:195,1
DA:196,1
DA:197,1
DA:198,1
DA:199,1
DA:200,1
DA:201,1
DA:202,1
DA:203,1
DA:204,1
DA:205,3
DA:206,3
DA:207,3
DA:208,3
DA:209,3
DA:210,3
DA:211,3
LF:211
LH:211
BRDA:50,0,0,43
BRDA:58,1,0,34
BRDA:59,2,0,12
BRDA:60,3,0,12
BRDA:61,4,0,12
BRDA:62,5,0,8
BRDA:63,6,0,8
BRDA:64,7,0,8
BRDA:66,8,0,35
BRDA:68,9,0,19
BRDA:68,10,0,8
BRDA:72,11,0,7
BRDA:73,12,0,7
BRDA:75,13,0,19
BRDA:75,14,0,1
BRDA:77,15,0,7
BRDA:81,16,0,5
BRDA:82,17,0,5
BRDA:84,18,0,19
BRDA:84,19,0,2
BRDA:86,20,0,5
BRDA:89,21,0,4
BRDA:89,22,0,19
BRDA:89,23,0,1
BRDA:91,24,0,4
BRDA:95,25,0,3
BRDA:96,26,0,3
BRDA:97,27,0,3
BRDA:99,28,0,19
BRDA:99,29,0,1
BRDA:101,30,0,3
BRDA:105,31,0,2
BRDA:106,32,0,2
BRDA:108,33,0,19
BRDA:108,34,0,2
BRDA:108,35,0,1
BRDA:114,36,0,1
BRDA:115,37,0,1
BRDA:117,38,0,1
BRDA:120,39,0,1
BRDA:146,40,0,381
BRDA:153,41,0,412
BRDA:156,42,0,43
BRDA:160,43,0,5
BRDA:162,44,0,42
BRDA:162,45,0,38
BRDA:165,46,0,7
BRDA:167,47,0,31
BRDA:172,48,0,1
BRDA:175,49,0,0
BRDA:177,50,0,31
BRDA:182,51,0,31
BRDA:180,52,0,31
BRDA:204,53,0,3
BRDA:208,54,0,3
BRDA:209,55,0,4
BRF:56
BRH:55
end_of_record
TN:
SF:src/utils/stellarHelpers.ts
FN:19,isValidGAddress
FN:36,resolveFederationAddress
FN:58,friendbotFund
FN:79,truncateAddress
FNF:4
FNH:4
FNDA:8,isValidGAddress
FNDA:4,resolveFederationAddress
FNDA:3,friendbotFund
FNDA:6,truncateAddress
DA:1,1
DA:2,1
DA:3,1
DA:4,1
DA:5,1
DA:6,1
DA:7,1
DA:8,1
DA:9,1
DA:10,1
DA:11,1
DA:12,1
DA:13,1
DA:14,1
DA:15,1
DA:16,1
DA:17,1
DA:18,1
DA:19,1
DA:20,8
DA:21,8
DA:22,5
DA:23,2
DA:24,8
DA:25,8
DA:26,1
DA:27,1
DA:28,1
DA:29,1
DA:30,1
DA:31,1
DA:32,1
DA:33,1
DA:34,1
DA:35,1
DA:36,4
DA:37,4
DA:38,4
DA:39,4
DA:40,4
DA:41,4
DA:42,4
DA:43,2
DA:44,4
DA:45,4
DA:46,1
DA:47,1
DA:48,4
DA:49,1
DA:50,1
DA:51,1
DA:52,1
DA:53,1
DA:54,1
DA:55,1
DA:56,1
DA:57,1
DA:58,3
DA:59,3
DA:60,1
DA:61,1
DA:62,2
DA:63,2
DA:64,3
DA:65,1
DA:66,1
DA:67,1
DA:68,3
DA:69,1
DA:70,1
DA:71,1
DA:72,1
DA:73,1
DA:74,1
DA:75,1
DA:76,1
DA:77,1
DA:78,1
DA:79,1
DA:80,6
DA:81,6
DA:82,3
DA:83,3
LF:83
LH:83
BRDA:19,0,0,8
BRDA:21,1,0,5
BRDA:22,2,0,2
BRDA:36,3,0,4
BRDA:41,4,0,3
BRDA:42,5,0,1
BRDA:42,6,0,2
BRDA:44,7,0,1
BRDA:45,8,0,1
BRDA:58,9,0,3
BRDA:59,10,0,1
BRDA:61,11,0,2
BRDA:64,12,0,1
BRDA:79,13,0,6
BRDA:80,14,0,5
BRDA:80,15,0,2
BRDA:80,16,0,4
BRDA:81,17,0,1
BRDA:81,18,0,3
BRF:19
BRH:19
end_of_record
TN:
SF:src/utils/tokenRegistry.ts
FN:1,(empty-report)
FNF:1
FNH:0
FNDA:0,(empty-report)
DA:1,0
DA:2,0
DA:3,0
DA:4,0
DA:5,0
DA:6,0
DA:7,0
DA:8,0
DA:9,0
DA:10,0
DA:11,0
DA:12,0
DA:13,0
DA:14,0
DA:15,0
DA:16,0
DA:17,0
DA:18,0
DA:19,0
DA:20,0
DA:21,0
DA:22,0
DA:23,0
DA:24,0
DA:25,0
DA:26,0
DA:27,0
DA:28,0
DA:29,0
DA:30,0
DA:31,0
DA:32,0
DA:33,0
DA:34,0
DA:35,0
DA:36,0
DA:37,0
DA:38,0
DA:39,0
DA:40,0
DA:41,0
DA:42,0
DA:43,0
DA:44,0
DA:45,0
DA:46,0
DA:47,0
DA:48,0
DA:49,0
DA:50,0
DA:51,0
DA:52,0
DA:53,0
DA:54,0
DA:55,0
DA:56,0
DA:57,0
DA:58,0
DA:59,0
DA:60,0
DA:61,0
DA:62,0
DA:63,0
DA:64,0
DA:65,0
DA:66,0
DA:67,0
DA:68,0
DA:69,0
DA:70,0
DA:71,0
DA:72,0
DA:73,0
DA:74,0
DA:75,0
DA:76,0
DA:77,0
DA:78,0
DA:79,0
DA:80,0
DA:81,0
DA:82,0
DA:83,0
DA:84,0
DA:85,0
DA:86,0
DA:87,0
DA:88,0
DA:89,0
DA:90,0
DA:91,0
DA:92,0
DA:93,0
DA:94,0
DA:95,0
DA:96,0
DA:97,0
DA:98,0
DA:99,0
DA:100,0
DA:101,0
DA:102,0
DA:103,0
DA:104,0
DA:105,0
DA:106,0
DA:107,0
DA:108,0
DA:109,0
DA:110,0
DA:111,0
DA:112,0
DA:113,0
DA:114,0
DA:115,0
DA:116,0
DA:117,0
DA:118,0
DA:119,0
DA:120,0
LF:120
LH:0
BRDA:1,0,0,0
BRF:1
BRH:0
end_of_record
TN:
SF:src/utils/validate.ts
FN:44,validateGAddress
FN:66,validateContractId
FN:86,validateAmount
FN:119,validateDiscountRate
FN:138,validateDueDate
FNF:5
FNH:5
FNDA:42,validateGAddress
FNDA:60,validateContractId
FNDA:6,validateAmount
FNDA:7,validateDiscountRate
FNDA:4,validateDueDate
DA:1,1
DA:2,1
DA:3,1
DA:4,1
DA:5,1
DA:6,1
DA:7,1
DA:8,1
DA:9,1
DA:10,1
DA:11,1
DA:12,1
DA:13,1
DA:14,1
DA:15,1
DA:16,1
DA:17,1
DA:18,1
DA:19,1
DA:20,1
DA:21,1
DA:22,1
DA:23,1
DA:24,1
DA:25,1
DA:26,1
DA:27,1
DA:28,1
DA:29,1
DA:30,1
DA:31,1
DA:32,1
DA:33,1
DA:34,1
DA:35,1
DA:36,1
DA:37,1
DA:38,1
DA:39,1
DA:40,1
DA:41,1
DA:42,1
DA:43,1
DA:44,1
DA:45,42
DA:46,1
DA:47,1
DA:48,42
DA:49,10
DA:50,10
DA:51,10
DA:52,10
DA:53,42
DA:54,2
DA:55,2
DA:56,2
DA:57,2
DA:58,42
DA:59,1
DA:60,1
DA:61,1
DA:62,1
DA:63,1
DA:64,1
DA:65,1
DA:66,1
DA:67,60
DA:68,1
DA:69,1
DA:70,60
DA:71,12
DA:72,12
DA:73,12
DA:74,12
DA:75,60
DA:76,1
DA:77,1
DA:78,1
DA:79,1
DA:80,1
DA:81,1
DA:82,1
DA:83,1
DA:84,1
DA:85,1
DA:86,1
DA:87,6
DA:88,6
DA:89,6
DA:90,6
DA:91,6
DA:92,0
DA:93,0
DA:94,6
DA:95,2
DA:96,2
DA:97,6
DA:98,1
DA:99,1
DA:100,1
DA:101,1
DA:102,3
DA:103,3
DA:104,3
DA:105,3
DA:106,6
DA:107,1
DA:108,1
DA:109,1
DA:110,1
DA:111,6
DA:112,1
DA:113,1
DA:114,1
DA:115,1
DA:116,1
DA:117,1
DA:118,1
DA:119,1
DA:120,7
DA:121,1
DA:122,1
DA:123,7
DA:124,3
DA:125,3
DA:126,3
DA:127,3
DA:128,7
DA:129,1
DA:130,1
DA:131,1
DA:132,1
DA:133,1
DA:134,1
DA:135,1
DA:136,1
DA:137,1
DA:138,1
DA:139,4
DA:140,1
DA:141,1
DA:142,3
DA:143,4
DA:144,1
DA:145,1
DA:146,4
DA:147,1
DA:148,1
DA:149,4
LF:149
LH:147
BRDA:44,0,0,42
BRDA:45,1,0,1
BRDA:47,2,0,41
BRDA:48,3,0,10
BRDA:52,4,0,31
BRDA:53,5,0,2
BRDA:66,6,0,60
BRDA:67,7,0,1
BRDA:69,8,0,59
BRDA:70,9,0,47
BRDA:70,10,0,12
BRDA:86,11,0,6
BRDA:91,12,0,0
BRDA:94,13,0,2
BRDA:96,14,0,4
BRDA:97,15,0,1
BRDA:101,16,0,3
BRDA:106,17,0,2
BRDA:106,18,0,1
BRDA:119,19,0,7
BRDA:120,20,0,1
BRDA:122,21,0,6
BRDA:123,22,0,4
BRDA:123,23,0,3
BRDA:138,24,0,4
BRDA:139,25,0,1
BRDA:141,26,0,3
BRDA:143,27,0,1
BRDA:145,28,0,2
BRDA:146,29,0,1
BRF:30
BRH:29
end_of_record
TN:
SF:src/utils/xdrDecoder.ts
FN:29,decodeInvoice
FN:55,parseInvoiceStatus
FN:70,computeEffectiveYieldBps
FN:111,decodeReputationScore
FN:161,decodeContractStats
FN:212,decodeTopPayerEntry
FN:236,decodeGovernanceProposal
FN:257,parseProposalStatus
FN:303,decodeNftMetadata
FNF:9
FNH:9
FNDA:112,decodeInvoice
FNDA:112,parseInvoiceStatus
FNDA:112,computeEffectiveYieldBps
FNDA:104,decodeReputationScore
FNDA:107,decodeContractStats
FNDA:2,decodeTopPayerEntry
FNDA:105,decodeGovernanceProposal
FNDA:105,parseProposalStatus
FNDA:1,decodeNftMetadata
DA:1,1
DA:2,1
DA:3,1
DA:4,1
DA:5,1
DA:6,1
DA:7,1
DA:8,1
DA:9,1
DA:10,1
DA:11,1
DA:12,1
DA:13,1
DA:14,1
DA:15,1
DA:16,1
DA:17,1
DA:18,1
DA:19,1
DA:20,1
DA:21,1
DA:22,1
DA:23,1
DA:24,1
DA:25,1
DA:26,1
DA:27,1
DA:28,1
DA:29,1
DA:30,112
DA:31,112
DA:32,112
DA:33,112
DA:34,112
DA:35,112
DA:36,112
DA:37,112
DA:38,112
DA:39,112
DA:40,112
DA:41,112
DA:42,112
DA:43,112
DA:44,112
DA:45,112
DA:46,112
DA:47,112
DA:48,112
DA:49,112
DA:50,112
DA:51,1
DA:52,1
DA:53,1
DA:54,1
DA:55,112
DA:56,112
DA:57,104
DA:58,104
DA:59,8
DA:60,112
DA:61,8
DA:62,8
DA:63,0
DA:64,0
DA:65,1
DA:66,1
DA:67,1
DA:68,1
DA:69,1
DA:70,112
DA:71,112
DA:72,112
DA:73,112
DA:74,112
DA:75,112
DA:76,1
DA:77,1
DA:78,1
DA:79,1
DA:80,1
DA:81,1
DA:82,1
DA:83,1
DA:84,1
DA:85,1
DA:86,1
DA:87,1
DA:88,1
DA:89,1
DA:90,1
DA:91,1
DA:92,1
DA:93,1
DA:94,1
DA:95,1
DA:96,1
DA:97,1
DA:98,1
DA:99,1
DA:100,1
DA:101,1
DA:102,1
DA:103,1
DA:104,1
DA:105,1
DA:106,1
DA:107,1
DA:108,1
DA:109,1
DA:110,1
DA:111,1
DA:112,104
DA:113,104
DA:114,104
DA:115,104
DA:116,104
DA:117,104
DA:118,104
DA:119,104
DA:120,104
DA:121,1
DA:122,1
DA:123,1
DA:124,1
DA:125,1
DA:126,1
DA:127,1
DA:128,1
DA:129,1
DA:130,1
DA:131,1
DA:132,1
DA:133,1
DA:134,1
DA:135,1
DA:136,1
DA:137,1
DA:138,1
DA:139,1
DA:140,1
DA:141,1
DA:142,1
DA:143,1
DA:144,1
DA:145,1
DA:146,1
DA:147,1
DA:148,1
DA:149,1
DA:150,1
DA:151,1
DA:152,1
DA:153,1
DA:154,1
DA:155,1
DA:156,1
DA:157,1
DA:158,1
DA:159,1
DA:160,1
DA:161,1
DA:162,107
DA:163,107
DA:164,107
DA:165,107
DA:166,107
DA:167,104
DA:168,505
DA:169,505
DA:170,104
DA:171,107
DA:172,107
DA:173,107
DA:174,107
DA:175,107
DA:176,107
DA:177,107
DA:178,107
DA:179,107
DA:180,107
DA:181,107
DA:182,107
DA:183,107
DA:184,107
DA:185,1
DA:186,1
DA:187,1
DA:188,1
DA:189,1
DA:190,1
DA:191,1
DA:192,1
DA:193,1
DA:194,1
DA:195,1
DA:196,1
DA:197,1
DA:198,1
DA:199,1
DA:200,1
DA:201,1
DA:202,1
DA:203,1
DA:204,1
DA:205,1
DA:206,1
DA:207,1
DA:208,1
DA:209,1
DA:210,1
DA:211,1
DA:212,1
DA:213,2
DA:214,2
DA:215,2
DA:216,2
DA:217,2
DA:218,1
DA:219,1
DA:220,1
DA:221,1
DA:222,1
DA:223,1
DA:224,1
DA:225,1
DA:226,1
DA:227,1
DA:228,1
DA:229,1
DA:230,1
DA:231,1
DA:232,1
DA:233,1
DA:234,1
DA:235,1
DA:236,1
DA:237,105
DA:238,105
DA:239,105
DA:240,105
DA:241,105
DA:242,105
DA:243,105
DA:244,100
DA:245,5
DA:246,105
DA:247,105
DA:248,105
DA:249,105
DA:250,105
DA:251,105
DA:252,105
DA:253,1
DA:254,1
DA:255,1
DA:256,1
DA:257,105
DA:258,105
DA:259,105
DA:260,104
DA:261,104
DA:262,1
DA:263,1
DA:264,1
DA:265,1
DA:266,1
DA:267,1
DA:268,1
DA:269,1
DA:270,1
DA:271,1
DA:272,1
DA:273,1
DA:274,1
DA:275,1
DA:276,1
DA:277,1
DA:278,1
DA:279,1
DA:280,1
DA:281,1
DA:282,1
DA:283,1
DA:284,1
DA:285,1
DA:286,1
DA:287,1
DA:288,1
DA:289,1
DA:290,1
DA:291,1
DA:292,1
DA:293,1
DA:294,1
DA:295,1
DA:296,1
DA:297,1
DA:298,1
DA:299,1
DA:300,1
DA:301,1
DA:302,1
DA:303,1
DA:304,1
DA:305,1
DA:306,1
DA:307,1
DA:308,1
DA:309,1
DA:310,1
DA:311,1
DA:312,1
DA:313,1
LF:313
LH:311
BRDA:29,0,0,112
BRDA:42,1,0,84
BRDA:42,2,0,28
BRDA:43,3,0,85
BRDA:43,4,0,27
BRDA:46,5,0,74
BRDA:46,6,0,38
BRDA:55,7,0,112
BRDA:56,8,0,104
BRDA:58,9,0,8
BRDA:60,10,0,8
BRDA:60,11,0,8
BRDA:62,12,0,0
BRDA:70,13,0,112
BRDA:111,14,0,104
BRDA:114,15,0,2
BRDA:115,16,0,2
BRDA:116,17,0,2
BRDA:117,18,0,2
BRDA:118,19,0,2
BRDA:161,20,0,107
BRDA:166,21,0,104
BRDA:167,22,0,505
BRDA:173,23,0,0
BRDA:174,24,0,0
BRDA:175,25,0,0
BRDA:176,26,0,0
BRDA:177,27,0,0
BRDA:178,28,0,0
BRDA:181,29,0,0
BRDA:212,30,0,2
BRDA:236,31,0,105
BRDA:237,32,0,102
BRDA:242,33,0,2
BRDA:243,34,0,100
BRDA:244,35,0,5
BRDA:247,36,0,2
BRDA:248,37,0,2
BRDA:250,38,0,2
BRDA:257,39,0,105
BRDA:259,40,0,79
BRDA:259,41,0,55
BRDA:259,42,0,29
BRDA:259,43,0,104
BRDA:261,44,0,1
BRDA:303,45,0,1
BRF:46
BRH:38
end_of_record
